CRITICAL - 2024-04-22 14:22:05 --> ParseError: Unmatched '}'
in APPPATH\Views\contenido\producto.php on line 60.
 1 SYSTEMPATH\View\View.php(231): CodeIgniter\View\View->CodeIgniter\View\{closure}()
 2 SYSTEMPATH\Common.php(1178): CodeIgniter\View\View->render('contenido/producto', [], true)
 3 APPPATH\Controllers\Home.php(27): view('contenido/producto')
 4 SYSTEMPATH\CodeIgniter.php(943): App\Controllers\Home->productos()
 5 SYSTEMPATH\CodeIgniter.php(503): CodeIgniter\CodeIgniter->runController(Object(App\Controllers\Home))
 6 SYSTEMPATH\CodeIgniter.php(361): CodeIgniter\CodeIgniter->handleRequest(null, Object(Config\Cache), false)
 7 FCPATH\index.php(79): CodeIgniter\CodeIgniter->run()
CRITICAL - 2024-04-22 14:22:12 --> ParseError: Unmatched '}'
in APPPATH\Views\contenido\producto.php on line 60.
 1 SYSTEMPATH\View\View.php(231): CodeIgniter\View\View->CodeIgniter\View\{closure}()
 2 SYSTEMPATH\Common.php(1178): CodeIgniter\View\View->render('contenido/producto', [], true)
 3 APPPATH\Controllers\Home.php(27): view('contenido/producto')
 4 SYSTEMPATH\CodeIgniter.php(943): App\Controllers\Home->productos()
 5 SYSTEMPATH\CodeIgniter.php(503): CodeIgniter\CodeIgniter->runController(Object(App\Controllers\Home))
 6 SYSTEMPATH\CodeIgniter.php(361): CodeIgniter\CodeIgniter->handleRequest(null, Object(Config\Cache), false)
 7 FCPATH\index.php(79): CodeIgniter\CodeIgniter->run()
CRITICAL - 2024-04-22 14:22:17 --> ParseError: Unmatched '}'
in APPPATH\Views\contenido\producto.php on line 60.
 1 SYSTEMPATH\View\View.php(231): CodeIgniter\View\View->CodeIgniter\View\{closure}()
 2 SYSTEMPATH\Common.php(1178): CodeIgniter\View\View->render('contenido/producto', [], true)
 3 APPPATH\Controllers\Home.php(27): view('contenido/producto')
 4 SYSTEMPATH\CodeIgniter.php(943): App\Controllers\Home->productos()
 5 SYSTEMPATH\CodeIgniter.php(503): CodeIgniter\CodeIgniter->runController(Object(App\Controllers\Home))
 6 SYSTEMPATH\CodeIgniter.php(361): CodeIgniter\CodeIgniter->handleRequest(null, Object(Config\Cache), false)
 7 FCPATH\index.php(79): CodeIgniter\CodeIgniter->run()
CRITICAL - 2024-04-22 14:22:35 --> ParseError: Unmatched '}'
in APPPATH\Views\contenido\producto.php on line 60.
 1 SYSTEMPATH\View\View.php(231): CodeIgniter\View\View->CodeIgniter\View\{closure}()
 2 SYSTEMPATH\Common.php(1178): CodeIgniter\View\View->render('contenido/producto', [], true)
 3 APPPATH\Controllers\Home.php(27): view('contenido/producto')
 4 SYSTEMPATH\CodeIgniter.php(943): App\Controllers\Home->productos()
 5 SYSTEMPATH\CodeIgniter.php(503): CodeIgniter\CodeIgniter->runController(Object(App\Controllers\Home))
 6 SYSTEMPATH\CodeIgniter.php(361): CodeIgniter\CodeIgniter->handleRequest(null, Object(Config\Cache), false)
 7 FCPATH\index.php(79): CodeIgniter\CodeIgniter->run()
CRITICAL - 2024-04-22 18:00:02 --> CodeIgniter\HTTP\Exceptions\BadRequestException: The URI you submitted has disallowed characters: "href="
in SYSTEMPATH\Router\Router.php on line 704.
 1 SYSTEMPATH\Router\Router.php(195): CodeIgniter\Router\Router->checkDisallowedChars('href=')
 2 SYSTEMPATH\CodeIgniter.php(825): CodeIgniter\Router\Router->handle('href=')
 3 SYSTEMPATH\CodeIgniter.php(450): CodeIgniter\CodeIgniter->tryToRouteIt(Object(CodeIgniter\Router\RouteCollection))
 4 SYSTEMPATH\CodeIgniter.php(361): CodeIgniter\CodeIgniter->handleRequest(null, Object(Config\Cache), false)
 5 FCPATH\index.php(79): CodeIgniter\CodeIgniter->run()
CRITICAL - 2024-04-22 18:00:09 --> CodeIgniter\HTTP\Exceptions\BadRequestException: The URI you submitted has disallowed characters: "href="
in SYSTEMPATH\Router\Router.php on line 704.
 1 SYSTEMPATH\Router\Router.php(195): CodeIgniter\Router\Router->checkDisallowedChars('href=')
 2 SYSTEMPATH\CodeIgniter.php(825): CodeIgniter\Router\Router->handle('href=')
 3 SYSTEMPATH\CodeIgniter.php(450): CodeIgniter\CodeIgniter->tryToRouteIt(Object(CodeIgniter\Router\RouteCollection))
 4 SYSTEMPATH\CodeIgniter.php(361): CodeIgniter\CodeIgniter->handleRequest(null, Object(Config\Cache), false)
 5 FCPATH\index.php(79): CodeIgniter\CodeIgniter->run()
CRITICAL - 2024-04-22 18:00:40 --> CodeIgniter\HTTP\Exceptions\BadRequestException: The URI you submitted has disallowed characters: "href="
in SYSTEMPATH\Router\Router.php on line 704.
 1 SYSTEMPATH\Router\Router.php(195): CodeIgniter\Router\Router->checkDisallowedChars('href=')
 2 SYSTEMPATH\CodeIgniter.php(825): CodeIgniter\Router\Router->handle('href=')
 3 SYSTEMPATH\CodeIgniter.php(450): CodeIgniter\CodeIgniter->tryToRouteIt(Object(CodeIgniter\Router\RouteCollection))
 4 SYSTEMPATH\CodeIgniter.php(361): CodeIgniter\CodeIgniter->handleRequest(null, Object(Config\Cache), false)
 5 FCPATH\index.php(79): CodeIgniter\CodeIgniter->run()
CRITICAL - 2024-04-22 18:00:43 --> CodeIgniter\HTTP\Exceptions\BadRequestException: The URI you submitted has disallowed characters: "href="
in SYSTEMPATH\Router\Router.php on line 704.
 1 SYSTEMPATH\Router\Router.php(195): CodeIgniter\Router\Router->checkDisallowedChars('href=')
 2 SYSTEMPATH\CodeIgniter.php(825): CodeIgniter\Router\Router->handle('href=')
 3 SYSTEMPATH\CodeIgniter.php(450): CodeIgniter\CodeIgniter->tryToRouteIt(Object(CodeIgniter\Router\RouteCollection))
 4 SYSTEMPATH\CodeIgniter.php(361): CodeIgniter\CodeIgniter->handleRequest(null, Object(Config\Cache), false)
 5 FCPATH\index.php(79): CodeIgniter\CodeIgniter->run()
CRITICAL - 2024-04-22 23:34:16 --> ErrorException: Undefined property: Config\App::$baseURL
in SYSTEMPATH\HTTP\SiteURI.php on line 195.
 1 SYSTEMPATH\HTTP\SiteURI.php(195): CodeIgniter\Debug\Exceptions->errorHandler(2, 'Undefined property: Config\\App::$baseURL', 'C:\\xampp\\htdocs\\Proyecto_Centurion_Esteban\\system\\HTTP\\SiteURI.php', 195)
 2 SYSTEMPATH\HTTP\SiteURI.php(145): CodeIgniter\HTTP\SiteURI->normalizeBaseURL(Object(Config\App))
 3 SYSTEMPATH\HTTP\SiteURI.php(100): CodeIgniter\HTTP\SiteURI->determineBaseURL(Object(Config\App), null, null)
 4 SYSTEMPATH\HTTP\SiteURIFactory.php(224): CodeIgniter\HTTP\SiteURI->__construct(Object(Config\App), '/', null)
 5 SYSTEMPATH\HTTP\SiteURIFactory.php(45): CodeIgniter\HTTP\SiteURIFactory->createURIFromRoutePath('/')
 6 SYSTEMPATH\Config\Services.php(805): CodeIgniter\HTTP\SiteURIFactory->createFromGlobals()
 7 SYSTEMPATH\Config\BaseService.php(258): CodeIgniter\Config\Services::uri(null, false)
 8 SYSTEMPATH\Config\BaseService.php(199): CodeIgniter\Config\BaseService::__callStatic('uri', [...])
 9 SYSTEMPATH\Config\Services.php(798): CodeIgniter\Config\BaseService::getSharedInstance('uri', null)
10 SYSTEMPATH\Config\BaseService.php(258): CodeIgniter\Config\Services::uri()
11 SYSTEMPATH\Config\Services.php(566): CodeIgniter\Config\BaseService::__callStatic('uri', [])
12 SYSTEMPATH\Config\BaseService.php(258): CodeIgniter\Config\Services::incomingrequest(Object(Config\App), false)
13 SYSTEMPATH\Config\Services.php(524): CodeIgniter\Config\BaseService::__callStatic('incomingrequest', [...])
14 SYSTEMPATH\Config\BaseService.php(258): CodeIgniter\Config\Services::request(Object(Config\App), false)
15 SYSTEMPATH\Config\BaseService.php(199): CodeIgniter\Config\BaseService::__callStatic('request', [...])
16 SYSTEMPATH\Config\Services.php(559): CodeIgniter\Config\BaseService::getSharedInstance('request', Object(Config\App))
17 SYSTEMPATH\Config\BaseService.php(258): CodeIgniter\Config\Services::incomingrequest(Object(Config\App))
18 SYSTEMPATH\Config\Services.php(539): CodeIgniter\Config\BaseService::__callStatic('incomingrequest', [...])
19 SYSTEMPATH\Config\BaseService.php(258): CodeIgniter\Config\Services::createRequest(Object(Config\App))
20 SYSTEMPATH\CodeIgniter.php(656): CodeIgniter\Config\BaseService::__callStatic('createRequest', [...])
21 SYSTEMPATH\CodeIgniter.php(355): CodeIgniter\CodeIgniter->getRequestObject()
22 FCPATH\index.php(79): CodeIgniter\CodeIgniter->run()
CRITICAL - 2024-04-22 23:34:16 --> ErrorException: Uncaught ErrorException: Undefined property: Config\App::$baseURL in C:\xampp\htdocs\Proyecto_Centurion_Esteban\system\HTTP\SiteURI.php:195
Stack trace:
#0 C:\xampp\htdocs\Proyecto_Centurion_Esteban\system\HTTP\SiteURI.php(195): CodeIgniter\Debug\Exceptions->errorHandler(2, 'Undefined prope...', 'C:\\xampp\\htdocs...', 195)
#1 C:\xampp\htdocs\Proyecto_Centurion_Esteban\system\HTTP\SiteURI.php(145): CodeIgniter\HTTP\SiteURI->normalizeBaseURL(Object(Config\App))
#2 C:\xampp\htdocs\Proyecto_Centurion_Esteban\system\HTTP\SiteURI.php(100): CodeIgniter\HTTP\SiteURI->determineBaseURL(Object(Config\App), NULL, NULL)
#3 C:\xampp\htdocs\Proyecto_Centurion_Esteban\system\HTTP\SiteURIFactory.php(224): CodeIgniter\HTTP\SiteURI->__construct(Object(Config\App), '/', NULL)
#4 C:\xampp\htdocs\Proyecto_Centurion_Esteban\system\HTTP\SiteURIFactory.php(45): CodeIgniter\HTTP\SiteURIFactory->createURIFromRoutePath('/')
#5 C:\xampp\htdocs\Proyecto_Centurion_Esteban\system\Config\Services.php(805): CodeIgniter\HTTP\SiteURIFactory->createFromGlobals()
#6 C:\xampp\htdocs\Proyecto_Centurion_Esteban\system\Config\BaseService.php(258): CodeIgniter\Config\Services::uri(NULL, false)
#7 C:\xampp\htdocs\Proyecto_Centurion_Esteban\system\Config\BaseService.php(199): CodeIgniter\Config\BaseService::__callStatic('uri', Array)
#8 C:\xampp\htdocs\Proyecto_Centurion_Esteban\system\Config\Services.php(798): CodeIgniter\Config\BaseService::getSharedInstance('uri', NULL)
#9 C:\xampp\htdocs\Proyecto_Centurion_Esteban\system\Config\BaseService.php(258): CodeIgniter\Config\Services::uri()
#10 C:\xampp\htdocs\Proyecto_Centurion_Esteban\system\Config\Services.php(566): CodeIgniter\Config\BaseService::__callStatic('uri', Array)
#11 C:\xampp\htdocs\Proyecto_Centurion_Esteban\system\Config\BaseService.php(258): CodeIgniter\Config\Services::incomingrequest(Object(Config\App), false)
#12 C:\xampp\htdocs\Proyecto_Centurion_Esteban\system\Config\Services.php(524): CodeIgniter\Config\BaseService::__callStatic('incomingrequest', Array)
#13 C:\xampp\htdocs\Proyecto_Centurion_Esteban\system\Config\BaseService.php(258): CodeIgniter\Config\Services::request(NULL, false)
#14 C:\xampp\htdocs\Proyecto_Centurion_Esteban\system\Config\BaseService.php(199): CodeIgniter\Config\BaseService::__callStatic('request', Array)
#15 C:\xampp\htdocs\Proyecto_Centurion_Esteban\system\Config\Services.php(520): CodeIgniter\Config\BaseService::getSharedInstance('request', NULL)
#16 C:\xampp\htdocs\Proyecto_Centurion_Esteban\system\Config\BaseService.php(258): CodeIgniter\Config\Services::request()
#17 C:\xampp\htdocs\Proyecto_Centurion_Esteban\system\Debug\Exceptions.php(150): CodeIgniter\Config\BaseService::__callStatic('request', Array)
#18 [internal function]: CodeIgniter\Debug\Exceptions->exceptionHandler(Object(ErrorException))
#19 {main}
  thrown
【Previous Exception】
ErrorException
Undefined property: Config\App::$baseURL
#0 C:\xampp\htdocs\Proyecto_Centurion_Esteban\system\HTTP\SiteURI.php(195): CodeIgniter\Debug\Exceptions->errorHandler(2, 'Undefined prope...', 'C:\\xampp\\htdocs...', 195)
#1 C:\xampp\htdocs\Proyecto_Centurion_Esteban\system\HTTP\SiteURI.php(145): CodeIgniter\HTTP\SiteURI->normalizeBaseURL(Object(Config\App))
#2 C:\xampp\htdocs\Proyecto_Centurion_Esteban\system\HTTP\SiteURI.php(100): CodeIgniter\HTTP\SiteURI->determineBaseURL(Object(Config\App), NULL, NULL)
#3 C:\xampp\htdocs\Proyecto_Centurion_Esteban\system\HTTP\SiteURIFactory.php(224): CodeIgniter\HTTP\SiteURI->__construct(Object(Config\App), '/', NULL)
#4 C:\xampp\htdocs\Proyecto_Centurion_Esteban\system\HTTP\SiteURIFactory.php(45): CodeIgniter\HTTP\SiteURIFactory->createURIFromRoutePath('/')
#5 C:\xampp\htdocs\Proyecto_Centurion_Esteban\system\Config\Services.php(805): CodeIgniter\HTTP\SiteURIFactory->createFromGlobals()
#6 C:\xampp\htdocs\Proyecto_Centurion_Esteban\system\Config\BaseService.php(258): CodeIgniter\Config\Services::uri(NULL, false)
#7 C:\xampp\htdocs\Proyecto_Centurion_Esteban\system\Config\BaseService.php(199): CodeIgniter\Config\BaseService::__callStatic('uri', Array)
#8 C:\xampp\htdocs\Proyecto_Centurion_Esteban\system\Config\Services.php(798): CodeIgniter\Config\BaseService::getSharedInstance('uri', NULL)
#9 C:\xampp\htdocs\Proyecto_Centurion_Esteban\system\Config\BaseService.php(258): CodeIgniter\Config\Services::uri()
#10 C:\xampp\htdocs\Proyecto_Centurion_Esteban\system\Config\Services.php(566): CodeIgniter\Config\BaseService::__callStatic('uri', Array)
#11 C:\xampp\htdocs\Proyecto_Centurion_Esteban\system\Config\BaseService.php(258): CodeIgniter\Config\Services::incomingrequest(Object(Config\App), false)
#12 C:\xampp\htdocs\Proyecto_Centurion_Esteban\system\Config\Services.php(524): CodeIgniter\Config\BaseService::__callStatic('incomingrequest', Array)
#13 C:\xampp\htdocs\Proyecto_Centurion_Esteban\system\Config\BaseService.php(258): CodeIgniter\Config\Services::request(Object(Config\App), false)
#14 C:\xampp\htdocs\Proyecto_Centurion_Esteban\system\Config\BaseService.php(199): CodeIgniter\Config\BaseService::__callStatic('request', Array)
#15 C:\xampp\htdocs\Proyecto_Centurion_Esteban\system\Config\Services.php(559): CodeIgniter\Config\BaseService::getSharedInstance('request', Object(Config\App))
#16 C:\xampp\htdocs\Proyecto_Centurion_Esteban\system\Config\BaseService.php(258): CodeIgniter\Config\Services::incomingrequest(Object(Config\App))
#17 C:\xampp\htdocs\Proyecto_Centurion_Esteban\system\Config\Services.php(539): CodeIgniter\Config\BaseService::__callStatic('incomingrequest', Array)
#18 C:\xampp\htdocs\Proyecto_Centurion_Esteban\system\Config\BaseService.php(258): CodeIgniter\Config\Services::createRequest(Object(Config\App))
#19 C:\xampp\htdocs\Proyecto_Centurion_Esteban\system\CodeIgniter.php(656): CodeIgniter\Config\BaseService::__callStatic('createRequest', Array)
#20 C:\xampp\htdocs\Proyecto_Centurion_Esteban\system\CodeIgniter.php(355): CodeIgniter\CodeIgniter->getRequestObject()
#21 C:\xampp\htdocs\Proyecto_Centurion_Esteban\public\index.php(79): CodeIgniter\CodeIgniter->run()
#22 {main}
in SYSTEMPATH\HTTP\SiteURI.php on line 195.
 1 [internal function]: CodeIgniter\Debug\Exceptions->shutdownHandler()
CRITICAL - 2024-04-22 23:34:35 --> ErrorException: Undefined property: Config\App::$baseURL
in SYSTEMPATH\HTTP\SiteURI.php on line 195.
 1 SYSTEMPATH\HTTP\SiteURI.php(195): CodeIgniter\Debug\Exceptions->errorHandler(2, 'Undefined property: Config\\App::$baseURL', 'C:\\xampp\\htdocs\\Proyecto_Centurion_Esteban\\system\\HTTP\\SiteURI.php', 195)
 2 SYSTEMPATH\HTTP\SiteURI.php(145): CodeIgniter\HTTP\SiteURI->normalizeBaseURL(Object(Config\App))
 3 SYSTEMPATH\HTTP\SiteURI.php(100): CodeIgniter\HTTP\SiteURI->determineBaseURL(Object(Config\App), null, null)
 4 SYSTEMPATH\HTTP\SiteURIFactory.php(224): CodeIgniter\HTTP\SiteURI->__construct(Object(Config\App), '/', null)
 5 SYSTEMPATH\HTTP\SiteURIFactory.php(45): CodeIgniter\HTTP\SiteURIFactory->createURIFromRoutePath('/')
 6 SYSTEMPATH\Config\Services.php(805): CodeIgniter\HTTP\SiteURIFactory->createFromGlobals()
 7 SYSTEMPATH\Config\BaseService.php(258): CodeIgniter\Config\Services::uri(null, false)
 8 SYSTEMPATH\Config\BaseService.php(199): CodeIgniter\Config\BaseService::__callStatic('uri', [...])
 9 SYSTEMPATH\Config\Services.php(798): CodeIgniter\Config\BaseService::getSharedInstance('uri', null)
10 SYSTEMPATH\Config\BaseService.php(258): CodeIgniter\Config\Services::uri()
11 SYSTEMPATH\Config\Services.php(566): CodeIgniter\Config\BaseService::__callStatic('uri', [])
12 SYSTEMPATH\Config\BaseService.php(258): CodeIgniter\Config\Services::incomingrequest(Object(Config\App), false)
13 SYSTEMPATH\Config\Services.php(524): CodeIgniter\Config\BaseService::__callStatic('incomingrequest', [...])
14 SYSTEMPATH\Config\BaseService.php(258): CodeIgniter\Config\Services::request(Object(Config\App), false)
15 SYSTEMPATH\Config\BaseService.php(199): CodeIgniter\Config\BaseService::__callStatic('request', [...])
16 SYSTEMPATH\Config\Services.php(559): CodeIgniter\Config\BaseService::getSharedInstance('request', Object(Config\App))
17 SYSTEMPATH\Config\BaseService.php(258): CodeIgniter\Config\Services::incomingrequest(Object(Config\App))
18 SYSTEMPATH\Config\Services.php(539): CodeIgniter\Config\BaseService::__callStatic('incomingrequest', [...])
19 SYSTEMPATH\Config\BaseService.php(258): CodeIgniter\Config\Services::createRequest(Object(Config\App))
20 SYSTEMPATH\CodeIgniter.php(656): CodeIgniter\Config\BaseService::__callStatic('createRequest', [...])
21 SYSTEMPATH\CodeIgniter.php(355): CodeIgniter\CodeIgniter->getRequestObject()
22 FCPATH\index.php(79): CodeIgniter\CodeIgniter->run()
CRITICAL - 2024-04-22 23:34:35 --> ErrorException: Uncaught ErrorException: Undefined property: Config\App::$baseURL in C:\xampp\htdocs\Proyecto_Centurion_Esteban\system\HTTP\SiteURI.php:195
Stack trace:
#0 C:\xampp\htdocs\Proyecto_Centurion_Esteban\system\HTTP\SiteURI.php(195): CodeIgniter\Debug\Exceptions->errorHandler(2, 'Undefined prope...', 'C:\\xampp\\htdocs...', 195)
#1 C:\xampp\htdocs\Proyecto_Centurion_Esteban\system\HTTP\SiteURI.php(145): CodeIgniter\HTTP\SiteURI->normalizeBaseURL(Object(Config\App))
#2 C:\xampp\htdocs\Proyecto_Centurion_Esteban\system\HTTP\SiteURI.php(100): CodeIgniter\HTTP\SiteURI->determineBaseURL(Object(Config\App), NULL, NULL)
#3 C:\xampp\htdocs\Proyecto_Centurion_Esteban\system\HTTP\SiteURIFactory.php(224): CodeIgniter\HTTP\SiteURI->__construct(Object(Config\App), '/', NULL)
#4 C:\xampp\htdocs\Proyecto_Centurion_Esteban\system\HTTP\SiteURIFactory.php(45): CodeIgniter\HTTP\SiteURIFactory->createURIFromRoutePath('/')
#5 C:\xampp\htdocs\Proyecto_Centurion_Esteban\system\Config\Services.php(805): CodeIgniter\HTTP\SiteURIFactory->createFromGlobals()
#6 C:\xampp\htdocs\Proyecto_Centurion_Esteban\system\Config\BaseService.php(258): CodeIgniter\Config\Services::uri(NULL, false)
#7 C:\xampp\htdocs\Proyecto_Centurion_Esteban\system\Config\BaseService.php(199): CodeIgniter\Config\BaseService::__callStatic('uri', Array)
#8 C:\xampp\htdocs\Proyecto_Centurion_Esteban\system\Config\Services.php(798): CodeIgniter\Config\BaseService::getSharedInstance('uri', NULL)
#9 C:\xampp\htdocs\Proyecto_Centurion_Esteban\system\Config\BaseService.php(258): CodeIgniter\Config\Services::uri()
#10 C:\xampp\htdocs\Proyecto_Centurion_Esteban\system\Config\Services.php(566): CodeIgniter\Config\BaseService::__callStatic('uri', Array)
#11 C:\xampp\htdocs\Proyecto_Centurion_Esteban\system\Config\BaseService.php(258): CodeIgniter\Config\Services::incomingrequest(Object(Config\App), false)
#12 C:\xampp\htdocs\Proyecto_Centurion_Esteban\system\Config\Services.php(524): CodeIgniter\Config\BaseService::__callStatic('incomingrequest', Array)
#13 C:\xampp\htdocs\Proyecto_Centurion_Esteban\system\Config\BaseService.php(258): CodeIgniter\Config\Services::request(NULL, false)
#14 C:\xampp\htdocs\Proyecto_Centurion_Esteban\system\Config\BaseService.php(199): CodeIgniter\Config\BaseService::__callStatic('request', Array)
#15 C:\xampp\htdocs\Proyecto_Centurion_Esteban\system\Config\Services.php(520): CodeIgniter\Config\BaseService::getSharedInstance('request', NULL)
#16 C:\xampp\htdocs\Proyecto_Centurion_Esteban\system\Config\BaseService.php(258): CodeIgniter\Config\Services::request()
#17 C:\xampp\htdocs\Proyecto_Centurion_Esteban\system\Debug\Exceptions.php(150): CodeIgniter\Config\BaseService::__callStatic('request', Array)
#18 [internal function]: CodeIgniter\Debug\Exceptions->exceptionHandler(Object(ErrorException))
#19 {main}
  thrown
【Previous Exception】
ErrorException
Undefined property: Config\App::$baseURL
#0 C:\xampp\htdocs\Proyecto_Centurion_Esteban\system\HTTP\SiteURI.php(195): CodeIgniter\Debug\Exceptions->errorHandler(2, 'Undefined prope...', 'C:\\xampp\\htdocs...', 195)
#1 C:\xampp\htdocs\Proyecto_Centurion_Esteban\system\HTTP\SiteURI.php(145): CodeIgniter\HTTP\SiteURI->normalizeBaseURL(Object(Config\App))
#2 C:\xampp\htdocs\Proyecto_Centurion_Esteban\system\HTTP\SiteURI.php(100): CodeIgniter\HTTP\SiteURI->determineBaseURL(Object(Config\App), NULL, NULL)
#3 C:\xampp\htdocs\Proyecto_Centurion_Esteban\system\HTTP\SiteURIFactory.php(224): CodeIgniter\HTTP\SiteURI->__construct(Object(Config\App), '/', NULL)
#4 C:\xampp\htdocs\Proyecto_Centurion_Esteban\system\HTTP\SiteURIFactory.php(45): CodeIgniter\HTTP\SiteURIFactory->createURIFromRoutePath('/')
#5 C:\xampp\htdocs\Proyecto_Centurion_Esteban\system\Config\Services.php(805): CodeIgniter\HTTP\SiteURIFactory->createFromGlobals()
#6 C:\xampp\htdocs\Proyecto_Centurion_Esteban\system\Config\BaseService.php(258): CodeIgniter\Config\Services::uri(NULL, false)
#7 C:\xampp\htdocs\Proyecto_Centurion_Esteban\system\Config\BaseService.php(199): CodeIgniter\Config\BaseService::__callStatic('uri', Array)
#8 C:\xampp\htdocs\Proyecto_Centurion_Esteban\system\Config\Services.php(798): CodeIgniter\Config\BaseService::getSharedInstance('uri', NULL)
#9 C:\xampp\htdocs\Proyecto_Centurion_Esteban\system\Config\BaseService.php(258): CodeIgniter\Config\Services::uri()
#10 C:\xampp\htdocs\Proyecto_Centurion_Esteban\system\Config\Services.php(566): CodeIgniter\Config\BaseService::__callStatic('uri', Array)
#11 C:\xampp\htdocs\Proyecto_Centurion_Esteban\system\Config\BaseService.php(258): CodeIgniter\Config\Services::incomingrequest(Object(Config\App), false)
#12 C:\xampp\htdocs\Proyecto_Centurion_Esteban\system\Config\Services.php(524): CodeIgniter\Config\BaseService::__callStatic('incomingrequest', Array)
#13 C:\xampp\htdocs\Proyecto_Centurion_Esteban\system\Config\BaseService.php(258): CodeIgniter\Config\Services::request(Object(Config\App), false)
#14 C:\xampp\htdocs\Proyecto_Centurion_Esteban\system\Config\BaseService.php(199): CodeIgniter\Config\BaseService::__callStatic('request', Array)
#15 C:\xampp\htdocs\Proyecto_Centurion_Esteban\system\Config\Services.php(559): CodeIgniter\Config\BaseService::getSharedInstance('request', Object(Config\App))
#16 C:\xampp\htdocs\Proyecto_Centurion_Esteban\system\Config\BaseService.php(258): CodeIgniter\Config\Services::incomingrequest(Object(Config\App))
#17 C:\xampp\htdocs\Proyecto_Centurion_Esteban\system\Config\Services.php(539): CodeIgniter\Config\BaseService::__callStatic('incomingrequest', Array)
#18 C:\xampp\htdocs\Proyecto_Centurion_Esteban\system\Config\BaseService.php(258): CodeIgniter\Config\Services::createRequest(Object(Config\App))
#19 C:\xampp\htdocs\Proyecto_Centurion_Esteban\system\CodeIgniter.php(656): CodeIgniter\Config\BaseService::__callStatic('createRequest', Array)
#20 C:\xampp\htdocs\Proyecto_Centurion_Esteban\system\CodeIgniter.php(355): CodeIgniter\CodeIgniter->getRequestObject()
#21 C:\xampp\htdocs\Proyecto_Centurion_Esteban\public\index.php(79): CodeIgniter\CodeIgniter->run()
#22 {main}
in SYSTEMPATH\HTTP\SiteURI.php on line 195.
 1 [internal function]: CodeIgniter\Debug\Exceptions->shutdownHandler()
