CRITICAL - 2024-04-11 04:59:06 --> CodeIgniter\HTTP\Exceptions\BadRequestException: The URI you submitted has disallowed characters: "somos()"
in SYSTEMPATH\Router\Router.php on line 704.
 1 SYSTEMPATH\Router\Router.php(195): CodeIgniter\Router\Router->checkDisallowedChars('somos()')
 2 SYSTEMPATH\CodeIgniter.php(825): CodeIgniter\Router\Router->handle('somos()')
 3 SYSTEMPATH\CodeIgniter.php(450): CodeIgniter\CodeIgniter->tryToRouteIt(Object(CodeIgniter\Router\RouteCollection))
 4 SYSTEMPATH\CodeIgniter.php(361): CodeIgniter\CodeIgniter->handleRequest(null, Object(Config\Cache), false)
 5 FCPATH\index.php(79): CodeIgniter\CodeIgniter->run()
CRITICAL - 2024-04-11 05:05:22 --> ErrorException: include(nav.php): Failed to open stream: No such file or directory
in APPPATH\Views\contenido\quienessomos.php on line 2.
 1 APPPATH\Views\contenido\quienessomos.php(2): CodeIgniter\Debug\Exceptions->errorHandler(2, 'include(nav.php): Failed to open stream: No such file or directory', 'C:\\xampp\\htdocs\\framework_ci4\\app\\Views\\contenido\\quienessomos.php', 2)
 2 APPPATH\Views\contenido\quienessomos.php(2): include()
 3 SYSTEMPATH\View\View.php(228): include('C:\\xampp\\htdocs\\framework_ci4\\app\\Views\\contenido\\quienessomos.php')
 4 SYSTEMPATH\View\View.php(231): CodeIgniter\View\View->CodeIgniter\View\{closure}()
 5 SYSTEMPATH\Common.php(1178): CodeIgniter\View\View->render('contenido/quienessomos', [], true)
 6 APPPATH\Controllers\Home.php(15): view('contenido/quienessomos')
 7 SYSTEMPATH\CodeIgniter.php(943): App\Controllers\Home->somos()
 8 SYSTEMPATH\CodeIgniter.php(503): CodeIgniter\CodeIgniter->runController(Object(App\Controllers\Home))
 9 SYSTEMPATH\CodeIgniter.php(361): CodeIgniter\CodeIgniter->handleRequest(null, Object(Config\Cache), false)
10 FCPATH\index.php(79): CodeIgniter\CodeIgniter->run()
CRITICAL - 2024-04-11 05:05:27 --> ErrorException: include(nav.php): Failed to open stream: No such file or directory
in APPPATH\Views\contenido\quienessomos.php on line 2.
 1 APPPATH\Views\contenido\quienessomos.php(2): CodeIgniter\Debug\Exceptions->errorHandler(2, 'include(nav.php): Failed to open stream: No such file or directory', 'C:\\xampp\\htdocs\\framework_ci4\\app\\Views\\contenido\\quienessomos.php', 2)
 2 APPPATH\Views\contenido\quienessomos.php(2): include()
 3 SYSTEMPATH\View\View.php(228): include('C:\\xampp\\htdocs\\framework_ci4\\app\\Views\\contenido\\quienessomos.php')
 4 SYSTEMPATH\View\View.php(231): CodeIgniter\View\View->CodeIgniter\View\{closure}()
 5 SYSTEMPATH\Common.php(1178): CodeIgniter\View\View->render('contenido/quienessomos', [], true)
 6 APPPATH\Controllers\Home.php(15): view('contenido/quienessomos')
 7 SYSTEMPATH\CodeIgniter.php(943): App\Controllers\Home->somos()
 8 SYSTEMPATH\CodeIgniter.php(503): CodeIgniter\CodeIgniter->runController(Object(App\Controllers\Home))
 9 SYSTEMPATH\CodeIgniter.php(361): CodeIgniter\CodeIgniter->handleRequest(null, Object(Config\Cache), false)
10 FCPATH\index.php(79): CodeIgniter\CodeIgniter->run()
CRITICAL - 2024-04-11 05:06:06 --> ErrorException: include(nav.php): Failed to open stream: No such file or directory
in APPPATH\Views\contenido\quienessomos.php on line 2.
 1 APPPATH\Views\contenido\quienessomos.php(2): CodeIgniter\Debug\Exceptions->errorHandler(2, 'include(nav.php): Failed to open stream: No such file or directory', 'C:\\xampp\\htdocs\\framework_ci4\\app\\Views\\contenido\\quienessomos.php', 2)
 2 APPPATH\Views\contenido\quienessomos.php(2): include()
 3 SYSTEMPATH\View\View.php(228): include('C:\\xampp\\htdocs\\framework_ci4\\app\\Views\\contenido\\quienessomos.php')
 4 SYSTEMPATH\View\View.php(231): CodeIgniter\View\View->CodeIgniter\View\{closure}()
 5 SYSTEMPATH\Common.php(1178): CodeIgniter\View\View->render('contenido/quienessomos', [], true)
 6 APPPATH\Controllers\Home.php(15): view('contenido/quienessomos')
 7 SYSTEMPATH\CodeIgniter.php(943): App\Controllers\Home->somos()
 8 SYSTEMPATH\CodeIgniter.php(503): CodeIgniter\CodeIgniter->runController(Object(App\Controllers\Home))
 9 SYSTEMPATH\CodeIgniter.php(361): CodeIgniter\CodeIgniter->handleRequest(null, Object(Config\Cache), false)
10 FCPATH\index.php(79): CodeIgniter\CodeIgniter->run()
CRITICAL - 2024-04-11 05:07:13 --> CodeIgniter\HTTP\Exceptions\BadRequestException: The URI you submitted has disallowed characters: "somos()"
in SYSTEMPATH\Router\Router.php on line 704.
 1 SYSTEMPATH\Router\Router.php(195): CodeIgniter\Router\Router->checkDisallowedChars('somos()')
 2 SYSTEMPATH\CodeIgniter.php(825): CodeIgniter\Router\Router->handle('somos()')
 3 SYSTEMPATH\CodeIgniter.php(450): CodeIgniter\CodeIgniter->tryToRouteIt(Object(CodeIgniter\Router\RouteCollection))
 4 SYSTEMPATH\CodeIgniter.php(361): CodeIgniter\CodeIgniter->handleRequest(null, Object(Config\Cache), false)
 5 FCPATH\index.php(79): CodeIgniter\CodeIgniter->run()
CRITICAL - 2024-04-11 05:12:46 --> CodeIgniter\HTTP\Exceptions\BadRequestException: The URI you submitted has disallowed characters: "somos()"
in SYSTEMPATH\Router\Router.php on line 704.
 1 SYSTEMPATH\Router\Router.php(195): CodeIgniter\Router\Router->checkDisallowedChars('somos()')
 2 SYSTEMPATH\CodeIgniter.php(825): CodeIgniter\Router\Router->handle('somos()')
 3 SYSTEMPATH\CodeIgniter.php(450): CodeIgniter\CodeIgniter->tryToRouteIt(Object(CodeIgniter\Router\RouteCollection))
 4 SYSTEMPATH\CodeIgniter.php(361): CodeIgniter\CodeIgniter->handleRequest(null, Object(Config\Cache), false)
 5 FCPATH\index.php(79): CodeIgniter\CodeIgniter->run()
CRITICAL - 2024-04-11 05:12:51 --> Error: Call to undefined function somos()
in APPPATH\Views\plantillas\nav.php on line 18.
 1 SYSTEMPATH\View\View.php(228): include()
 2 SYSTEMPATH\View\View.php(231): CodeIgniter\View\View->CodeIgniter\View\{closure}()
 3 SYSTEMPATH\Common.php(1178): CodeIgniter\View\View->render('plantillas/nav', [], true)
 4 APPPATH\Controllers\Home.php(15): view('plantillas/nav')
 5 SYSTEMPATH\CodeIgniter.php(943): App\Controllers\Home->Somos()
 6 SYSTEMPATH\CodeIgniter.php(503): CodeIgniter\CodeIgniter->runController(Object(App\Controllers\Home))
 7 SYSTEMPATH\CodeIgniter.php(361): CodeIgniter\CodeIgniter->handleRequest(null, Object(Config\Cache), false)
 8 FCPATH\index.php(79): CodeIgniter\CodeIgniter->run()
CRITICAL - 2024-04-11 05:12:57 --> Error: Call to undefined function somos()
in APPPATH\Views\plantillas\nav.php on line 18.
 1 SYSTEMPATH\View\View.php(228): include()
 2 SYSTEMPATH\View\View.php(231): CodeIgniter\View\View->CodeIgniter\View\{closure}()
 3 SYSTEMPATH\Common.php(1178): CodeIgniter\View\View->render('plantillas/nav', [], true)
 4 APPPATH\Controllers\Home.php(15): view('plantillas/nav')
 5 SYSTEMPATH\CodeIgniter.php(943): App\Controllers\Home->Somos()
 6 SYSTEMPATH\CodeIgniter.php(503): CodeIgniter\CodeIgniter->runController(Object(App\Controllers\Home))
 7 SYSTEMPATH\CodeIgniter.php(361): CodeIgniter\CodeIgniter->handleRequest(null, Object(Config\Cache), false)
 8 FCPATH\index.php(79): CodeIgniter\CodeIgniter->run()
CRITICAL - 2024-04-11 05:12:57 --> Error: Call to undefined function somos()
in APPPATH\Views\plantillas\nav.php on line 18.
 1 SYSTEMPATH\View\View.php(228): include()
 2 SYSTEMPATH\View\View.php(231): CodeIgniter\View\View->CodeIgniter\View\{closure}()
 3 SYSTEMPATH\Common.php(1178): CodeIgniter\View\View->render('plantillas/nav', [], true)
 4 APPPATH\Controllers\Home.php(15): view('plantillas/nav')
 5 SYSTEMPATH\CodeIgniter.php(943): App\Controllers\Home->Somos()
 6 SYSTEMPATH\CodeIgniter.php(503): CodeIgniter\CodeIgniter->runController(Object(App\Controllers\Home))
 7 SYSTEMPATH\CodeIgniter.php(361): CodeIgniter\CodeIgniter->handleRequest(null, Object(Config\Cache), false)
 8 FCPATH\index.php(79): CodeIgniter\CodeIgniter->run()
CRITICAL - 2024-04-11 05:13:03 --> Error: Call to undefined function somos()
in APPPATH\Views\plantillas\nav.php on line 18.
 1 SYSTEMPATH\View\View.php(228): include()
 2 SYSTEMPATH\View\View.php(231): CodeIgniter\View\View->CodeIgniter\View\{closure}()
 3 SYSTEMPATH\Common.php(1178): CodeIgniter\View\View->render('plantillas/nav', [], true)
 4 APPPATH\Controllers\Home.php(12): view('plantillas/nav')
 5 SYSTEMPATH\CodeIgniter.php(943): App\Controllers\Home->ver()
 6 SYSTEMPATH\CodeIgniter.php(503): CodeIgniter\CodeIgniter->runController(Object(App\Controllers\Home))
 7 SYSTEMPATH\CodeIgniter.php(361): CodeIgniter\CodeIgniter->handleRequest(null, Object(Config\Cache), false)
 8 FCPATH\index.php(79): CodeIgniter\CodeIgniter->run()
CRITICAL - 2024-04-11 05:13:07 --> Error: Call to undefined function somos()
in APPPATH\Views\plantillas\nav.php on line 18.
 1 SYSTEMPATH\View\View.php(228): include()
 2 SYSTEMPATH\View\View.php(231): CodeIgniter\View\View->CodeIgniter\View\{closure}()
 3 SYSTEMPATH\Common.php(1178): CodeIgniter\View\View->render('plantillas/nav', [], true)
 4 APPPATH\Controllers\Home.php(15): view('plantillas/nav')
 5 SYSTEMPATH\CodeIgniter.php(943): App\Controllers\Home->Somos()
 6 SYSTEMPATH\CodeIgniter.php(503): CodeIgniter\CodeIgniter->runController(Object(App\Controllers\Home))
 7 SYSTEMPATH\CodeIgniter.php(361): CodeIgniter\CodeIgniter->handleRequest(null, Object(Config\Cache), false)
 8 FCPATH\index.php(79): CodeIgniter\CodeIgniter->run()
CRITICAL - 2024-04-11 05:13:09 --> Error: Call to undefined function somos()
in APPPATH\Views\plantillas\nav.php on line 18.
 1 SYSTEMPATH\View\View.php(228): include()
 2 SYSTEMPATH\View\View.php(231): CodeIgniter\View\View->CodeIgniter\View\{closure}()
 3 SYSTEMPATH\Common.php(1178): CodeIgniter\View\View->render('plantillas/nav', [], true)
 4 APPPATH\Controllers\Home.php(12): view('plantillas/nav')
 5 SYSTEMPATH\CodeIgniter.php(943): App\Controllers\Home->ver()
 6 SYSTEMPATH\CodeIgniter.php(503): CodeIgniter\CodeIgniter->runController(Object(App\Controllers\Home))
 7 SYSTEMPATH\CodeIgniter.php(361): CodeIgniter\CodeIgniter->handleRequest(null, Object(Config\Cache), false)
 8 FCPATH\index.php(79): CodeIgniter\CodeIgniter->run()
CRITICAL - 2024-04-11 05:13:09 --> Error: Call to undefined function somos()
in APPPATH\Views\plantillas\nav.php on line 18.
 1 SYSTEMPATH\View\View.php(228): include()
 2 SYSTEMPATH\View\View.php(231): CodeIgniter\View\View->CodeIgniter\View\{closure}()
 3 SYSTEMPATH\Common.php(1178): CodeIgniter\View\View->render('plantillas/nav', [], true)
 4 APPPATH\Controllers\Home.php(12): view('plantillas/nav')
 5 SYSTEMPATH\CodeIgniter.php(943): App\Controllers\Home->ver()
 6 SYSTEMPATH\CodeIgniter.php(503): CodeIgniter\CodeIgniter->runController(Object(App\Controllers\Home))
 7 SYSTEMPATH\CodeIgniter.php(361): CodeIgniter\CodeIgniter->handleRequest(null, Object(Config\Cache), false)
 8 FCPATH\index.php(79): CodeIgniter\CodeIgniter->run()
CRITICAL - 2024-04-11 05:13:11 --> Error: Call to undefined function somos()
in APPPATH\Views\plantillas\nav.php on line 18.
 1 SYSTEMPATH\View\View.php(228): include()
 2 SYSTEMPATH\View\View.php(231): CodeIgniter\View\View->CodeIgniter\View\{closure}()
 3 SYSTEMPATH\Common.php(1178): CodeIgniter\View\View->render('plantillas/nav', [], true)
 4 APPPATH\Controllers\Home.php(12): view('plantillas/nav')
 5 SYSTEMPATH\CodeIgniter.php(943): App\Controllers\Home->ver()
 6 SYSTEMPATH\CodeIgniter.php(503): CodeIgniter\CodeIgniter->runController(Object(App\Controllers\Home))
 7 SYSTEMPATH\CodeIgniter.php(361): CodeIgniter\CodeIgniter->handleRequest(null, Object(Config\Cache), false)
 8 FCPATH\index.php(79): CodeIgniter\CodeIgniter->run()
CRITICAL - 2024-04-11 05:13:21 --> Error: Call to undefined function somos()
in APPPATH\Views\plantillas\nav.php on line 18.
 1 SYSTEMPATH\View\View.php(228): include()
 2 SYSTEMPATH\View\View.php(231): CodeIgniter\View\View->CodeIgniter\View\{closure}()
 3 SYSTEMPATH\Common.php(1178): CodeIgniter\View\View->render('plantillas/nav', [], true)
 4 APPPATH\Controllers\Home.php(15): view('plantillas/nav')
 5 SYSTEMPATH\CodeIgniter.php(943): App\Controllers\Home->Somos()
 6 SYSTEMPATH\CodeIgniter.php(503): CodeIgniter\CodeIgniter->runController(Object(App\Controllers\Home))
 7 SYSTEMPATH\CodeIgniter.php(361): CodeIgniter\CodeIgniter->handleRequest(null, Object(Config\Cache), false)
 8 FCPATH\index.php(79): CodeIgniter\CodeIgniter->run()
CRITICAL - 2024-04-11 05:13:21 --> Error: Call to undefined function somos()
in APPPATH\Views\plantillas\nav.php on line 18.
 1 SYSTEMPATH\View\View.php(228): include()
 2 SYSTEMPATH\View\View.php(231): CodeIgniter\View\View->CodeIgniter\View\{closure}()
 3 SYSTEMPATH\Common.php(1178): CodeIgniter\View\View->render('plantillas/nav', [], true)
 4 APPPATH\Controllers\Home.php(12): view('plantillas/nav')
 5 SYSTEMPATH\CodeIgniter.php(943): App\Controllers\Home->ver()
 6 SYSTEMPATH\CodeIgniter.php(503): CodeIgniter\CodeIgniter->runController(Object(App\Controllers\Home))
 7 SYSTEMPATH\CodeIgniter.php(361): CodeIgniter\CodeIgniter->handleRequest(null, Object(Config\Cache), false)
 8 FCPATH\index.php(79): CodeIgniter\CodeIgniter->run()
CRITICAL - 2024-04-11 05:14:21 --> ErrorException: include(nav.php): Failed to open stream: No such file or directory
in APPPATH\Views\contenido\quienessomos.php on line 2.
 1 APPPATH\Views\contenido\quienessomos.php(2): CodeIgniter\Debug\Exceptions->errorHandler(2, 'include(nav.php): Failed to open stream: No such file or directory', 'C:\\xampp\\htdocs\\framework_ci4\\app\\Views\\contenido\\quienessomos.php', 2)
 2 APPPATH\Views\contenido\quienessomos.php(2): include()
 3 SYSTEMPATH\View\View.php(228): include('C:\\xampp\\htdocs\\framework_ci4\\app\\Views\\contenido\\quienessomos.php')
 4 SYSTEMPATH\View\View.php(231): CodeIgniter\View\View->CodeIgniter\View\{closure}()
 5 SYSTEMPATH\Common.php(1178): CodeIgniter\View\View->render('contenido/quienessomos', [], true)
 6 APPPATH\Controllers\Home.php(15): view('contenido/quienessomos')
 7 SYSTEMPATH\CodeIgniter.php(943): App\Controllers\Home->Somos()
 8 SYSTEMPATH\CodeIgniter.php(503): CodeIgniter\CodeIgniter->runController(Object(App\Controllers\Home))
 9 SYSTEMPATH\CodeIgniter.php(361): CodeIgniter\CodeIgniter->handleRequest(null, Object(Config\Cache), false)
10 FCPATH\index.php(79): CodeIgniter\CodeIgniter->run()
CRITICAL - 2024-04-11 05:14:22 --> ErrorException: include(nav.php): Failed to open stream: No such file or directory
in APPPATH\Views\contenido\quienessomos.php on line 2.
 1 APPPATH\Views\contenido\quienessomos.php(2): CodeIgniter\Debug\Exceptions->errorHandler(2, 'include(nav.php): Failed to open stream: No such file or directory', 'C:\\xampp\\htdocs\\framework_ci4\\app\\Views\\contenido\\quienessomos.php', 2)
 2 APPPATH\Views\contenido\quienessomos.php(2): include()
 3 SYSTEMPATH\View\View.php(228): include('C:\\xampp\\htdocs\\framework_ci4\\app\\Views\\contenido\\quienessomos.php')
 4 SYSTEMPATH\View\View.php(231): CodeIgniter\View\View->CodeIgniter\View\{closure}()
 5 SYSTEMPATH\Common.php(1178): CodeIgniter\View\View->render('contenido/quienessomos', [], true)
 6 APPPATH\Controllers\Home.php(15): view('contenido/quienessomos')
 7 SYSTEMPATH\CodeIgniter.php(943): App\Controllers\Home->Somos()
 8 SYSTEMPATH\CodeIgniter.php(503): CodeIgniter\CodeIgniter->runController(Object(App\Controllers\Home))
 9 SYSTEMPATH\CodeIgniter.php(361): CodeIgniter\CodeIgniter->handleRequest(null, Object(Config\Cache), false)
10 FCPATH\index.php(79): CodeIgniter\CodeIgniter->run()
CRITICAL - 2024-04-11 05:23:11 --> ErrorException: include(nav.php): Failed to open stream: No such file or directory
in APPPATH\Views\contenido\quienessomos.php on line 2.
 1 APPPATH\Views\contenido\quienessomos.php(2): CodeIgniter\Debug\Exceptions->errorHandler(2, 'include(nav.php): Failed to open stream: No such file or directory', 'C:\\xampp\\htdocs\\framework_ci4\\app\\Views\\contenido\\quienessomos.php', 2)
 2 APPPATH\Views\contenido\quienessomos.php(2): include()
 3 SYSTEMPATH\View\View.php(228): include('C:\\xampp\\htdocs\\framework_ci4\\app\\Views\\contenido\\quienessomos.php')
 4 SYSTEMPATH\View\View.php(231): CodeIgniter\View\View->CodeIgniter\View\{closure}()
 5 SYSTEMPATH\Common.php(1178): CodeIgniter\View\View->render('contenido/quienessomos', [], true)
 6 APPPATH\Controllers\Home.php(15): view('contenido/quienessomos')
 7 SYSTEMPATH\CodeIgniter.php(943): App\Controllers\Home->Somos()
 8 SYSTEMPATH\CodeIgniter.php(503): CodeIgniter\CodeIgniter->runController(Object(App\Controllers\Home))
 9 SYSTEMPATH\CodeIgniter.php(361): CodeIgniter\CodeIgniter->handleRequest(null, Object(Config\Cache), false)
10 FCPATH\index.php(79): CodeIgniter\CodeIgniter->run()
CRITICAL - 2024-04-11 05:23:14 --> ErrorException: include(nav.php): Failed to open stream: No such file or directory
in APPPATH\Views\contenido\quienessomos.php on line 2.
 1 APPPATH\Views\contenido\quienessomos.php(2): CodeIgniter\Debug\Exceptions->errorHandler(2, 'include(nav.php): Failed to open stream: No such file or directory', 'C:\\xampp\\htdocs\\framework_ci4\\app\\Views\\contenido\\quienessomos.php', 2)
 2 APPPATH\Views\contenido\quienessomos.php(2): include()
 3 SYSTEMPATH\View\View.php(228): include('C:\\xampp\\htdocs\\framework_ci4\\app\\Views\\contenido\\quienessomos.php')
 4 SYSTEMPATH\View\View.php(231): CodeIgniter\View\View->CodeIgniter\View\{closure}()
 5 SYSTEMPATH\Common.php(1178): CodeIgniter\View\View->render('contenido/quienessomos', [], true)
 6 APPPATH\Controllers\Home.php(15): view('contenido/quienessomos')
 7 SYSTEMPATH\CodeIgniter.php(943): App\Controllers\Home->Somos()
 8 SYSTEMPATH\CodeIgniter.php(503): CodeIgniter\CodeIgniter->runController(Object(App\Controllers\Home))
 9 SYSTEMPATH\CodeIgniter.php(361): CodeIgniter\CodeIgniter->handleRequest(null, Object(Config\Cache), false)
10 FCPATH\index.php(79): CodeIgniter\CodeIgniter->run()
CRITICAL - 2024-04-11 05:23:17 --> ErrorException: include(nav.php): Failed to open stream: No such file or directory
in APPPATH\Views\contenido\quienessomos.php on line 2.
 1 APPPATH\Views\contenido\quienessomos.php(2): CodeIgniter\Debug\Exceptions->errorHandler(2, 'include(nav.php): Failed to open stream: No such file or directory', 'C:\\xampp\\htdocs\\framework_ci4\\app\\Views\\contenido\\quienessomos.php', 2)
 2 APPPATH\Views\contenido\quienessomos.php(2): include()
 3 SYSTEMPATH\View\View.php(228): include('C:\\xampp\\htdocs\\framework_ci4\\app\\Views\\contenido\\quienessomos.php')
 4 SYSTEMPATH\View\View.php(231): CodeIgniter\View\View->CodeIgniter\View\{closure}()
 5 SYSTEMPATH\Common.php(1178): CodeIgniter\View\View->render('contenido/quienessomos', [], true)
 6 APPPATH\Controllers\Home.php(15): view('contenido/quienessomos')
 7 SYSTEMPATH\CodeIgniter.php(943): App\Controllers\Home->Somos()
 8 SYSTEMPATH\CodeIgniter.php(503): CodeIgniter\CodeIgniter->runController(Object(App\Controllers\Home))
 9 SYSTEMPATH\CodeIgniter.php(361): CodeIgniter\CodeIgniter->handleRequest(null, Object(Config\Cache), false)
10 FCPATH\index.php(79): CodeIgniter\CodeIgniter->run()
CRITICAL - 2024-04-11 05:25:43 --> ErrorException: include(nav.php): Failed to open stream: No such file or directory
in APPPATH\Views\contenido\quienessomos.php on line 2.
 1 APPPATH\Views\contenido\quienessomos.php(2): CodeIgniter\Debug\Exceptions->errorHandler(2, 'include(nav.php): Failed to open stream: No such file or directory', 'C:\\xampp\\htdocs\\framework_ci4\\app\\Views\\contenido\\quienessomos.php', 2)
 2 APPPATH\Views\contenido\quienessomos.php(2): include()
 3 SYSTEMPATH\View\View.php(228): include('C:\\xampp\\htdocs\\framework_ci4\\app\\Views\\contenido\\quienessomos.php')
 4 SYSTEMPATH\View\View.php(231): CodeIgniter\View\View->CodeIgniter\View\{closure}()
 5 SYSTEMPATH\Common.php(1178): CodeIgniter\View\View->render('contenido/quienessomos', [], true)
 6 APPPATH\Controllers\Home.php(15): view('contenido/quienessomos')
 7 SYSTEMPATH\CodeIgniter.php(943): App\Controllers\Home->somos()
 8 SYSTEMPATH\CodeIgniter.php(503): CodeIgniter\CodeIgniter->runController(Object(App\Controllers\Home))
 9 SYSTEMPATH\CodeIgniter.php(361): CodeIgniter\CodeIgniter->handleRequest(null, Object(Config\Cache), false)
10 FCPATH\index.php(79): CodeIgniter\CodeIgniter->run()
CRITICAL - 2024-04-11 05:25:47 --> ErrorException: include(nav.php): Failed to open stream: No such file or directory
in APPPATH\Views\contenido\quienessomos.php on line 2.
 1 APPPATH\Views\contenido\quienessomos.php(2): CodeIgniter\Debug\Exceptions->errorHandler(2, 'include(nav.php): Failed to open stream: No such file or directory', 'C:\\xampp\\htdocs\\framework_ci4\\app\\Views\\contenido\\quienessomos.php', 2)
 2 APPPATH\Views\contenido\quienessomos.php(2): include()
 3 SYSTEMPATH\View\View.php(228): include('C:\\xampp\\htdocs\\framework_ci4\\app\\Views\\contenido\\quienessomos.php')
 4 SYSTEMPATH\View\View.php(231): CodeIgniter\View\View->CodeIgniter\View\{closure}()
 5 SYSTEMPATH\Common.php(1178): CodeIgniter\View\View->render('contenido/quienessomos', [], true)
 6 APPPATH\Controllers\Home.php(15): view('contenido/quienessomos')
 7 SYSTEMPATH\CodeIgniter.php(943): App\Controllers\Home->somos()
 8 SYSTEMPATH\CodeIgniter.php(503): CodeIgniter\CodeIgniter->runController(Object(App\Controllers\Home))
 9 SYSTEMPATH\CodeIgniter.php(361): CodeIgniter\CodeIgniter->handleRequest(null, Object(Config\Cache), false)
10 FCPATH\index.php(79): CodeIgniter\CodeIgniter->run()
CRITICAL - 2024-04-11 05:26:32 --> ErrorException: include(nav.php): Failed to open stream: No such file or directory
in APPPATH\Views\contenido\quienessomos.php on line 2.
 1 APPPATH\Views\contenido\quienessomos.php(2): CodeIgniter\Debug\Exceptions->errorHandler(2, 'include(nav.php): Failed to open stream: No such file or directory', 'C:\\xampp\\htdocs\\framework_ci4\\app\\Views\\contenido\\quienessomos.php', 2)
 2 APPPATH\Views\contenido\quienessomos.php(2): include()
 3 SYSTEMPATH\View\View.php(228): include('C:\\xampp\\htdocs\\framework_ci4\\app\\Views\\contenido\\quienessomos.php')
 4 SYSTEMPATH\View\View.php(231): CodeIgniter\View\View->CodeIgniter\View\{closure}()
 5 SYSTEMPATH\Common.php(1178): CodeIgniter\View\View->render('contenido/quienessomos', [], true)
 6 APPPATH\Controllers\Home.php(15): view('contenido/quienessomos')
 7 SYSTEMPATH\CodeIgniter.php(943): App\Controllers\Home->somos()
 8 SYSTEMPATH\CodeIgniter.php(503): CodeIgniter\CodeIgniter->runController(Object(App\Controllers\Home))
 9 SYSTEMPATH\CodeIgniter.php(361): CodeIgniter\CodeIgniter->handleRequest(null, Object(Config\Cache), false)
10 FCPATH\index.php(79): CodeIgniter\CodeIgniter->run()
