INFO - 2024-08-12 12:00:05 --> Session: Class initialized using 'CodeIgniter\Session\Handlers\FileHandler' driver.
INFO - 2024-08-12 12:00:26 --> Session: Class initialized using 'CodeIgniter\Session\Handlers\FileHandler' driver.
INFO - 2024-08-12 12:00:26 --> Session: Class initialized using 'CodeIgniter\Session\Handlers\FileHandler' driver.
INFO - 2024-08-12 12:00:30 --> Session: Class initialized using 'CodeIgniter\Session\Handlers\FileHandler' driver.
INFO - 2024-08-12 12:00:48 --> Session: Class initialized using 'CodeIgniter\Session\Handlers\FileHandler' driver.
INFO - 2024-08-12 12:00:50 --> Session: Class initialized using 'CodeIgniter\Session\Handlers\FileHandler' driver.
INFO - 2024-08-12 12:00:54 --> Session: Class initialized using 'CodeIgniter\Session\Handlers\FileHandler' driver.
INFO - 2024-08-12 12:00:56 --> Session: Class initialized using 'CodeIgniter\Session\Handlers\FileHandler' driver.
INFO - 2024-08-12 12:00:59 --> Session: Class initialized using 'CodeIgniter\Session\Handlers\FileHandler' driver.
INFO - 2024-08-12 12:01:07 --> Session: Class initialized using 'CodeIgniter\Session\Handlers\FileHandler' driver.
INFO - 2024-08-12 16:58:55 --> Session: Class initialized using 'CodeIgniter\Session\Handlers\FileHandler' driver.
INFO - 2024-08-12 16:59:52 --> Session: Class initialized using 'CodeIgniter\Session\Handlers\FileHandler' driver.
INFO - 2024-08-12 16:59:58 --> Session: Class initialized using 'CodeIgniter\Session\Handlers\FileHandler' driver.
INFO - 2024-08-12 17:00:09 --> Session: Class initialized using 'CodeIgniter\Session\Handlers\FileHandler' driver.
INFO - 2024-08-12 17:00:10 --> Session: Class initialized using 'CodeIgniter\Session\Handlers\FileHandler' driver.
INFO - 2024-08-12 17:01:47 --> Session: Class initialized using 'CodeIgniter\Session\Handlers\FileHandler' driver.
INFO - 2024-08-12 17:01:47 --> Session: Class initialized using 'CodeIgniter\Session\Handlers\FileHandler' driver.
INFO - 2024-08-12 17:09:52 --> Session: Class initialized using 'CodeIgniter\Session\Handlers\FileHandler' driver.
INFO - 2024-08-12 17:10:01 --> Session: Class initialized using 'CodeIgniter\Session\Handlers\FileHandler' driver.
INFO - 2024-08-12 17:10:21 --> Session: Class initialized using 'CodeIgniter\Session\Handlers\FileHandler' driver.
INFO - 2024-08-12 17:10:21 --> Session: Class initialized using 'CodeIgniter\Session\Handlers\FileHandler' driver.
INFO - 2024-08-12 17:13:17 --> Session: Class initialized using 'CodeIgniter\Session\Handlers\FileHandler' driver.
INFO - 2024-08-12 17:13:43 --> Session: Class initialized using 'CodeIgniter\Session\Handlers\FileHandler' driver.
INFO - 2024-08-12 17:13:43 --> Session: Class initialized using 'CodeIgniter\Session\Handlers\FileHandler' driver.
INFO - 2024-08-12 17:13:48 --> Session: Class initialized using 'CodeIgniter\Session\Handlers\FileHandler' driver.
INFO - 2024-08-12 17:14:32 --> Session: Class initialized using 'CodeIgniter\Session\Handlers\FileHandler' driver.
INFO - 2024-08-12 17:14:32 --> Session: Class initialized using 'CodeIgniter\Session\Handlers\FileHandler' driver.
INFO - 2024-08-12 17:15:55 --> Session: Class initialized using 'CodeIgniter\Session\Handlers\FileHandler' driver.
INFO - 2024-08-12 17:16:10 --> Session: Class initialized using 'CodeIgniter\Session\Handlers\FileHandler' driver.
INFO - 2024-08-12 17:17:45 --> Session: Class initialized using 'CodeIgniter\Session\Handlers\FileHandler' driver.
INFO - 2024-08-12 17:17:54 --> Session: Class initialized using 'CodeIgniter\Session\Handlers\FileHandler' driver.
INFO - 2024-08-12 17:21:36 --> Session: Class initialized using 'CodeIgniter\Session\Handlers\FileHandler' driver.
CRITICAL - 2024-08-12 17:21:37 --> CodeIgniter\View\Exceptions\ViewException: Invalid file: "contenido/dashboard.php"
in SYSTEMPATH\Exceptions\FrameworkException.php on line 39.
 1 SYSTEMPATH\View\View.php(216): CodeIgniter\Exceptions\FrameworkException::forInvalidFile('contenido/dashboard.php')
 2 SYSTEMPATH\Common.php(1178): CodeIgniter\View\View->render('contenido/dashboard', [], true)
 3 APPPATH\Controllers\login_controller.php(33): view('contenido/dashboard')
 4 SYSTEMPATH\CodeIgniter.php(943): App\Controllers\login_controller->admin()
 5 SYSTEMPATH\CodeIgniter.php(503): CodeIgniter\CodeIgniter->runController(Object(App\Controllers\login_controller))
 6 SYSTEMPATH\CodeIgniter.php(361): CodeIgniter\CodeIgniter->handleRequest(null, Object(Config\Cache), false)
 7 FCPATH\index.php(84): CodeIgniter\CodeIgniter->run()
INFO - 2024-08-12 17:22:17 --> Session: Class initialized using 'CodeIgniter\Session\Handlers\FileHandler' driver.
INFO - 2024-08-12 17:22:38 --> Session: Class initialized using 'CodeIgniter\Session\Handlers\FileHandler' driver.
INFO - 2024-08-12 17:23:04 --> Session: Class initialized using 'CodeIgniter\Session\Handlers\FileHandler' driver.
INFO - 2024-08-12 17:25:23 --> Session: Class initialized using 'CodeIgniter\Session\Handlers\FileHandler' driver.
INFO - 2024-08-12 17:25:29 --> Session: Class initialized using 'CodeIgniter\Session\Handlers\FileHandler' driver.
INFO - 2024-08-12 17:25:29 --> Session: Class initialized using 'CodeIgniter\Session\Handlers\FileHandler' driver.
INFO - 2024-08-12 17:26:10 --> Session: Class initialized using 'CodeIgniter\Session\Handlers\FileHandler' driver.
INFO - 2024-08-12 17:26:22 --> Session: Class initialized using 'CodeIgniter\Session\Handlers\FileHandler' driver.
INFO - 2024-08-12 17:26:22 --> Session: Class initialized using 'CodeIgniter\Session\Handlers\FileHandler' driver.
INFO - 2024-08-12 17:28:22 --> Session: Class initialized using 'CodeIgniter\Session\Handlers\FileHandler' driver.
INFO - 2024-08-12 17:28:29 --> Session: Class initialized using 'CodeIgniter\Session\Handlers\FileHandler' driver.
INFO - 2024-08-12 17:28:45 --> Session: Class initialized using 'CodeIgniter\Session\Handlers\FileHandler' driver.
INFO - 2024-08-12 17:28:46 --> Session: Class initialized using 'CodeIgniter\Session\Handlers\FileHandler' driver.
INFO - 2024-08-12 17:30:02 --> Session: Class initialized using 'CodeIgniter\Session\Handlers\FileHandler' driver.
INFO - 2024-08-12 17:30:02 --> Session: Class initialized using 'CodeIgniter\Session\Handlers\FileHandler' driver.
INFO - 2024-08-12 17:30:59 --> Session: Class initialized using 'CodeIgniter\Session\Handlers\FileHandler' driver.
INFO - 2024-08-12 17:31:08 --> Session: Class initialized using 'CodeIgniter\Session\Handlers\FileHandler' driver.
INFO - 2024-08-12 17:31:08 --> Session: Class initialized using 'CodeIgniter\Session\Handlers\FileHandler' driver.
INFO - 2024-08-12 17:31:43 --> Session: Class initialized using 'CodeIgniter\Session\Handlers\FileHandler' driver.
INFO - 2024-08-12 17:31:51 --> Session: Class initialized using 'CodeIgniter\Session\Handlers\FileHandler' driver.
INFO - 2024-08-12 17:31:51 --> Session: Class initialized using 'CodeIgniter\Session\Handlers\FileHandler' driver.
INFO - 2024-08-12 17:34:14 --> Session: Class initialized using 'CodeIgniter\Session\Handlers\FileHandler' driver.
CRITICAL - 2024-08-12 17:34:14 --> ErrorException: Undefined variable $validation
in APPPATH\Views\contenido\login.php on line 16.
 1 APPPATH\Views\contenido\login.php(16): CodeIgniter\Debug\Exceptions->errorHandler(2, 'Undefined variable $validation', 'C:\\xampp\\htdocs\\ProT3_38876108\\app\\Views\\contenido\\login.php', 16)
 2 SYSTEMPATH\View\View.php(228): include('C:\\xampp\\htdocs\\ProT3_38876108\\app\\Views\\contenido\\login.php')
 3 SYSTEMPATH\View\View.php(231): CodeIgniter\View\View->CodeIgniter\View\{closure}()
 4 SYSTEMPATH\Common.php(1178): CodeIgniter\View\View->render('contenido/login', [], true)
 5 APPPATH\Controllers\Home.php(21): view('contenido/login')
 6 SYSTEMPATH\CodeIgniter.php(943): App\Controllers\Home->login()
 7 SYSTEMPATH\CodeIgniter.php(503): CodeIgniter\CodeIgniter->runController(Object(App\Controllers\Home))
 8 SYSTEMPATH\CodeIgniter.php(361): CodeIgniter\CodeIgniter->handleRequest(null, Object(Config\Cache), false)
 9 FCPATH\index.php(84): CodeIgniter\CodeIgniter->run()
INFO - 2024-08-12 17:35:08 --> Session: Class initialized using 'CodeIgniter\Session\Handlers\FileHandler' driver.
CRITICAL - 2024-08-12 17:35:08 --> ErrorException: Undefined variable $validation
in APPPATH\Views\contenido\login.php on line 21.
 1 APPPATH\Views\contenido\login.php(21): CodeIgniter\Debug\Exceptions->errorHandler(2, 'Undefined variable $validation', 'C:\\xampp\\htdocs\\ProT3_38876108\\app\\Views\\contenido\\login.php', 21)
 2 SYSTEMPATH\View\View.php(228): include('C:\\xampp\\htdocs\\ProT3_38876108\\app\\Views\\contenido\\login.php')
 3 SYSTEMPATH\View\View.php(231): CodeIgniter\View\View->CodeIgniter\View\{closure}()
 4 SYSTEMPATH\Common.php(1178): CodeIgniter\View\View->render('contenido/login', [], true)
 5 APPPATH\Controllers\Home.php(21): view('contenido/login')
 6 SYSTEMPATH\CodeIgniter.php(943): App\Controllers\Home->login()
 7 SYSTEMPATH\CodeIgniter.php(503): CodeIgniter\CodeIgniter->runController(Object(App\Controllers\Home))
 8 SYSTEMPATH\CodeIgniter.php(361): CodeIgniter\CodeIgniter->handleRequest(null, Object(Config\Cache), false)
 9 FCPATH\index.php(84): CodeIgniter\CodeIgniter->run()
INFO - 2024-08-12 17:35:12 --> Session: Class initialized using 'CodeIgniter\Session\Handlers\FileHandler' driver.
CRITICAL - 2024-08-12 17:35:12 --> ErrorException: Undefined variable $validation
in APPPATH\Views\contenido\login.php on line 21.
 1 APPPATH\Views\contenido\login.php(21): CodeIgniter\Debug\Exceptions->errorHandler(2, 'Undefined variable $validation', 'C:\\xampp\\htdocs\\ProT3_38876108\\app\\Views\\contenido\\login.php', 21)
 2 SYSTEMPATH\View\View.php(228): include('C:\\xampp\\htdocs\\ProT3_38876108\\app\\Views\\contenido\\login.php')
 3 SYSTEMPATH\View\View.php(231): CodeIgniter\View\View->CodeIgniter\View\{closure}()
 4 SYSTEMPATH\Common.php(1178): CodeIgniter\View\View->render('contenido/login', [], true)
 5 APPPATH\Controllers\Home.php(21): view('contenido/login')
 6 SYSTEMPATH\CodeIgniter.php(943): App\Controllers\Home->login()
 7 SYSTEMPATH\CodeIgniter.php(503): CodeIgniter\CodeIgniter->runController(Object(App\Controllers\Home))
 8 SYSTEMPATH\CodeIgniter.php(361): CodeIgniter\CodeIgniter->handleRequest(null, Object(Config\Cache), false)
 9 FCPATH\index.php(84): CodeIgniter\CodeIgniter->run()
INFO - 2024-08-12 17:35:13 --> Session: Class initialized using 'CodeIgniter\Session\Handlers\FileHandler' driver.
CRITICAL - 2024-08-12 17:35:13 --> ErrorException: Undefined variable $validation
in APPPATH\Views\contenido\login.php on line 21.
 1 APPPATH\Views\contenido\login.php(21): CodeIgniter\Debug\Exceptions->errorHandler(2, 'Undefined variable $validation', 'C:\\xampp\\htdocs\\ProT3_38876108\\app\\Views\\contenido\\login.php', 21)
 2 SYSTEMPATH\View\View.php(228): include('C:\\xampp\\htdocs\\ProT3_38876108\\app\\Views\\contenido\\login.php')
 3 SYSTEMPATH\View\View.php(231): CodeIgniter\View\View->CodeIgniter\View\{closure}()
 4 SYSTEMPATH\Common.php(1178): CodeIgniter\View\View->render('contenido/login', [], true)
 5 APPPATH\Controllers\Home.php(21): view('contenido/login')
 6 SYSTEMPATH\CodeIgniter.php(943): App\Controllers\Home->login()
 7 SYSTEMPATH\CodeIgniter.php(503): CodeIgniter\CodeIgniter->runController(Object(App\Controllers\Home))
 8 SYSTEMPATH\CodeIgniter.php(361): CodeIgniter\CodeIgniter->handleRequest(null, Object(Config\Cache), false)
 9 FCPATH\index.php(84): CodeIgniter\CodeIgniter->run()
INFO - 2024-08-12 17:37:09 --> Session: Class initialized using 'CodeIgniter\Session\Handlers\FileHandler' driver.
CRITICAL - 2024-08-12 17:37:09 --> ErrorException: Undefined variable $validation
in APPPATH\Views\contenido\login.php on line 21.
 1 APPPATH\Views\contenido\login.php(21): CodeIgniter\Debug\Exceptions->errorHandler(2, 'Undefined variable $validation', 'C:\\xampp\\htdocs\\ProT3_38876108\\app\\Views\\contenido\\login.php', 21)
 2 SYSTEMPATH\View\View.php(228): include('C:\\xampp\\htdocs\\ProT3_38876108\\app\\Views\\contenido\\login.php')
 3 SYSTEMPATH\View\View.php(231): CodeIgniter\View\View->CodeIgniter\View\{closure}()
 4 SYSTEMPATH\Common.php(1178): CodeIgniter\View\View->render('contenido/login', [], true)
 5 APPPATH\Controllers\Home.php(21): view('contenido/login')
 6 SYSTEMPATH\CodeIgniter.php(943): App\Controllers\Home->login()
 7 SYSTEMPATH\CodeIgniter.php(503): CodeIgniter\CodeIgniter->runController(Object(App\Controllers\Home))
 8 SYSTEMPATH\CodeIgniter.php(361): CodeIgniter\CodeIgniter->handleRequest(null, Object(Config\Cache), false)
 9 FCPATH\index.php(84): CodeIgniter\CodeIgniter->run()
INFO - 2024-08-12 17:37:12 --> Session: Class initialized using 'CodeIgniter\Session\Handlers\FileHandler' driver.
CRITICAL - 2024-08-12 17:37:12 --> ErrorException: Undefined variable $validation
in APPPATH\Views\contenido\login.php on line 21.
 1 APPPATH\Views\contenido\login.php(21): CodeIgniter\Debug\Exceptions->errorHandler(2, 'Undefined variable $validation', 'C:\\xampp\\htdocs\\ProT3_38876108\\app\\Views\\contenido\\login.php', 21)
 2 SYSTEMPATH\View\View.php(228): include('C:\\xampp\\htdocs\\ProT3_38876108\\app\\Views\\contenido\\login.php')
 3 SYSTEMPATH\View\View.php(231): CodeIgniter\View\View->CodeIgniter\View\{closure}()
 4 SYSTEMPATH\Common.php(1178): CodeIgniter\View\View->render('contenido/login', [], true)
 5 APPPATH\Controllers\Home.php(21): view('contenido/login')
 6 SYSTEMPATH\CodeIgniter.php(943): App\Controllers\Home->login()
 7 SYSTEMPATH\CodeIgniter.php(503): CodeIgniter\CodeIgniter->runController(Object(App\Controllers\Home))
 8 SYSTEMPATH\CodeIgniter.php(361): CodeIgniter\CodeIgniter->handleRequest(null, Object(Config\Cache), false)
 9 FCPATH\index.php(84): CodeIgniter\CodeIgniter->run()
INFO - 2024-08-12 17:37:13 --> Session: Class initialized using 'CodeIgniter\Session\Handlers\FileHandler' driver.
CRITICAL - 2024-08-12 17:37:14 --> ErrorException: Undefined variable $validation
in APPPATH\Views\contenido\login.php on line 21.
 1 APPPATH\Views\contenido\login.php(21): CodeIgniter\Debug\Exceptions->errorHandler(2, 'Undefined variable $validation', 'C:\\xampp\\htdocs\\ProT3_38876108\\app\\Views\\contenido\\login.php', 21)
 2 SYSTEMPATH\View\View.php(228): include('C:\\xampp\\htdocs\\ProT3_38876108\\app\\Views\\contenido\\login.php')
 3 SYSTEMPATH\View\View.php(231): CodeIgniter\View\View->CodeIgniter\View\{closure}()
 4 SYSTEMPATH\Common.php(1178): CodeIgniter\View\View->render('contenido/login', [], true)
 5 APPPATH\Controllers\Home.php(21): view('contenido/login')
 6 SYSTEMPATH\CodeIgniter.php(943): App\Controllers\Home->login()
 7 SYSTEMPATH\CodeIgniter.php(503): CodeIgniter\CodeIgniter->runController(Object(App\Controllers\Home))
 8 SYSTEMPATH\CodeIgniter.php(361): CodeIgniter\CodeIgniter->handleRequest(null, Object(Config\Cache), false)
 9 FCPATH\index.php(84): CodeIgniter\CodeIgniter->run()
INFO - 2024-08-12 17:38:07 --> Session: Class initialized using 'CodeIgniter\Session\Handlers\FileHandler' driver.
CRITICAL - 2024-08-12 17:38:07 --> ErrorException: Undefined variable $validation
in APPPATH\Views\contenido\login.php on line 21.
 1 APPPATH\Views\contenido\login.php(21): CodeIgniter\Debug\Exceptions->errorHandler(2, 'Undefined variable $validation', 'C:\\xampp\\htdocs\\ProT3_38876108\\app\\Views\\contenido\\login.php', 21)
 2 SYSTEMPATH\View\View.php(228): include('C:\\xampp\\htdocs\\ProT3_38876108\\app\\Views\\contenido\\login.php')
 3 SYSTEMPATH\View\View.php(231): CodeIgniter\View\View->CodeIgniter\View\{closure}()
 4 SYSTEMPATH\Common.php(1178): CodeIgniter\View\View->render('contenido/login', [], true)
 5 APPPATH\Controllers\Home.php(21): view('contenido/login')
 6 SYSTEMPATH\CodeIgniter.php(943): App\Controllers\Home->login()
 7 SYSTEMPATH\CodeIgniter.php(503): CodeIgniter\CodeIgniter->runController(Object(App\Controllers\Home))
 8 SYSTEMPATH\CodeIgniter.php(361): CodeIgniter\CodeIgniter->handleRequest(null, Object(Config\Cache), false)
 9 FCPATH\index.php(84): CodeIgniter\CodeIgniter->run()
INFO - 2024-08-12 17:40:46 --> Session: Class initialized using 'CodeIgniter\Session\Handlers\FileHandler' driver.
CRITICAL - 2024-08-12 17:40:46 --> ErrorException: Undefined variable $validation
in APPPATH\Views\contenido\login.php on line 21.
 1 APPPATH\Views\contenido\login.php(21): CodeIgniter\Debug\Exceptions->errorHandler(2, 'Undefined variable $validation', 'C:\\xampp\\htdocs\\ProT3_38876108\\app\\Views\\contenido\\login.php', 21)
 2 SYSTEMPATH\View\View.php(228): include('C:\\xampp\\htdocs\\ProT3_38876108\\app\\Views\\contenido\\login.php')
 3 SYSTEMPATH\View\View.php(231): CodeIgniter\View\View->CodeIgniter\View\{closure}()
 4 SYSTEMPATH\Common.php(1178): CodeIgniter\View\View->render('contenido/login', [], true)
 5 APPPATH\Controllers\Home.php(21): view('contenido/login')
 6 SYSTEMPATH\CodeIgniter.php(943): App\Controllers\Home->login()
 7 SYSTEMPATH\CodeIgniter.php(503): CodeIgniter\CodeIgniter->runController(Object(App\Controllers\Home))
 8 SYSTEMPATH\CodeIgniter.php(361): CodeIgniter\CodeIgniter->handleRequest(null, Object(Config\Cache), false)
 9 FCPATH\index.php(84): CodeIgniter\CodeIgniter->run()
INFO - 2024-08-12 17:43:28 --> Session: Class initialized using 'CodeIgniter\Session\Handlers\FileHandler' driver.
CRITICAL - 2024-08-12 17:43:28 --> ErrorException: Undefined variable $validation
in APPPATH\Views\contenido\login.php on line 21.
 1 APPPATH\Views\contenido\login.php(21): CodeIgniter\Debug\Exceptions->errorHandler(2, 'Undefined variable $validation', 'C:\\xampp\\htdocs\\ProT3_38876108\\app\\Views\\contenido\\login.php', 21)
 2 SYSTEMPATH\View\View.php(228): include('C:\\xampp\\htdocs\\ProT3_38876108\\app\\Views\\contenido\\login.php')
 3 SYSTEMPATH\View\View.php(231): CodeIgniter\View\View->CodeIgniter\View\{closure}()
 4 SYSTEMPATH\Common.php(1178): CodeIgniter\View\View->render('contenido/login', [], true)
 5 APPPATH\Controllers\Home.php(21): view('contenido/login')
 6 SYSTEMPATH\CodeIgniter.php(943): App\Controllers\Home->login()
 7 SYSTEMPATH\CodeIgniter.php(503): CodeIgniter\CodeIgniter->runController(Object(App\Controllers\Home))
 8 SYSTEMPATH\CodeIgniter.php(361): CodeIgniter\CodeIgniter->handleRequest(null, Object(Config\Cache), false)
 9 FCPATH\index.php(84): CodeIgniter\CodeIgniter->run()
INFO - 2024-08-12 17:43:29 --> Session: Class initialized using 'CodeIgniter\Session\Handlers\FileHandler' driver.
CRITICAL - 2024-08-12 17:43:29 --> ErrorException: Undefined variable $validation
in APPPATH\Views\contenido\login.php on line 21.
 1 APPPATH\Views\contenido\login.php(21): CodeIgniter\Debug\Exceptions->errorHandler(2, 'Undefined variable $validation', 'C:\\xampp\\htdocs\\ProT3_38876108\\app\\Views\\contenido\\login.php', 21)
 2 SYSTEMPATH\View\View.php(228): include('C:\\xampp\\htdocs\\ProT3_38876108\\app\\Views\\contenido\\login.php')
 3 SYSTEMPATH\View\View.php(231): CodeIgniter\View\View->CodeIgniter\View\{closure}()
 4 SYSTEMPATH\Common.php(1178): CodeIgniter\View\View->render('contenido/login', [], true)
 5 APPPATH\Controllers\Home.php(21): view('contenido/login')
 6 SYSTEMPATH\CodeIgniter.php(943): App\Controllers\Home->login()
 7 SYSTEMPATH\CodeIgniter.php(503): CodeIgniter\CodeIgniter->runController(Object(App\Controllers\Home))
 8 SYSTEMPATH\CodeIgniter.php(361): CodeIgniter\CodeIgniter->handleRequest(null, Object(Config\Cache), false)
 9 FCPATH\index.php(84): CodeIgniter\CodeIgniter->run()
INFO - 2024-08-12 17:43:29 --> Session: Class initialized using 'CodeIgniter\Session\Handlers\FileHandler' driver.
CRITICAL - 2024-08-12 17:43:29 --> ErrorException: Undefined variable $validation
in APPPATH\Views\contenido\login.php on line 21.
 1 APPPATH\Views\contenido\login.php(21): CodeIgniter\Debug\Exceptions->errorHandler(2, 'Undefined variable $validation', 'C:\\xampp\\htdocs\\ProT3_38876108\\app\\Views\\contenido\\login.php', 21)
 2 SYSTEMPATH\View\View.php(228): include('C:\\xampp\\htdocs\\ProT3_38876108\\app\\Views\\contenido\\login.php')
 3 SYSTEMPATH\View\View.php(231): CodeIgniter\View\View->CodeIgniter\View\{closure}()
 4 SYSTEMPATH\Common.php(1178): CodeIgniter\View\View->render('contenido/login', [], true)
 5 APPPATH\Controllers\Home.php(21): view('contenido/login')
 6 SYSTEMPATH\CodeIgniter.php(943): App\Controllers\Home->login()
 7 SYSTEMPATH\CodeIgniter.php(503): CodeIgniter\CodeIgniter->runController(Object(App\Controllers\Home))
 8 SYSTEMPATH\CodeIgniter.php(361): CodeIgniter\CodeIgniter->handleRequest(null, Object(Config\Cache), false)
 9 FCPATH\index.php(84): CodeIgniter\CodeIgniter->run()
INFO - 2024-08-12 17:43:30 --> Session: Class initialized using 'CodeIgniter\Session\Handlers\FileHandler' driver.
CRITICAL - 2024-08-12 17:43:30 --> ErrorException: Undefined variable $validation
in APPPATH\Views\contenido\login.php on line 21.
 1 APPPATH\Views\contenido\login.php(21): CodeIgniter\Debug\Exceptions->errorHandler(2, 'Undefined variable $validation', 'C:\\xampp\\htdocs\\ProT3_38876108\\app\\Views\\contenido\\login.php', 21)
 2 SYSTEMPATH\View\View.php(228): include('C:\\xampp\\htdocs\\ProT3_38876108\\app\\Views\\contenido\\login.php')
 3 SYSTEMPATH\View\View.php(231): CodeIgniter\View\View->CodeIgniter\View\{closure}()
 4 SYSTEMPATH\Common.php(1178): CodeIgniter\View\View->render('contenido/login', [], true)
 5 APPPATH\Controllers\Home.php(21): view('contenido/login')
 6 SYSTEMPATH\CodeIgniter.php(943): App\Controllers\Home->login()
 7 SYSTEMPATH\CodeIgniter.php(503): CodeIgniter\CodeIgniter->runController(Object(App\Controllers\Home))
 8 SYSTEMPATH\CodeIgniter.php(361): CodeIgniter\CodeIgniter->handleRequest(null, Object(Config\Cache), false)
 9 FCPATH\index.php(84): CodeIgniter\CodeIgniter->run()
INFO - 2024-08-12 17:43:30 --> Session: Class initialized using 'CodeIgniter\Session\Handlers\FileHandler' driver.
CRITICAL - 2024-08-12 17:43:30 --> ErrorException: Undefined variable $validation
in APPPATH\Views\contenido\login.php on line 21.
 1 APPPATH\Views\contenido\login.php(21): CodeIgniter\Debug\Exceptions->errorHandler(2, 'Undefined variable $validation', 'C:\\xampp\\htdocs\\ProT3_38876108\\app\\Views\\contenido\\login.php', 21)
 2 SYSTEMPATH\View\View.php(228): include('C:\\xampp\\htdocs\\ProT3_38876108\\app\\Views\\contenido\\login.php')
 3 SYSTEMPATH\View\View.php(231): CodeIgniter\View\View->CodeIgniter\View\{closure}()
 4 SYSTEMPATH\Common.php(1178): CodeIgniter\View\View->render('contenido/login', [], true)
 5 APPPATH\Controllers\Home.php(21): view('contenido/login')
 6 SYSTEMPATH\CodeIgniter.php(943): App\Controllers\Home->login()
 7 SYSTEMPATH\CodeIgniter.php(503): CodeIgniter\CodeIgniter->runController(Object(App\Controllers\Home))
 8 SYSTEMPATH\CodeIgniter.php(361): CodeIgniter\CodeIgniter->handleRequest(null, Object(Config\Cache), false)
 9 FCPATH\index.php(84): CodeIgniter\CodeIgniter->run()
INFO - 2024-08-12 17:43:30 --> Session: Class initialized using 'CodeIgniter\Session\Handlers\FileHandler' driver.
CRITICAL - 2024-08-12 17:43:30 --> ErrorException: Undefined variable $validation
in APPPATH\Views\contenido\login.php on line 21.
 1 APPPATH\Views\contenido\login.php(21): CodeIgniter\Debug\Exceptions->errorHandler(2, 'Undefined variable $validation', 'C:\\xampp\\htdocs\\ProT3_38876108\\app\\Views\\contenido\\login.php', 21)
 2 SYSTEMPATH\View\View.php(228): include('C:\\xampp\\htdocs\\ProT3_38876108\\app\\Views\\contenido\\login.php')
 3 SYSTEMPATH\View\View.php(231): CodeIgniter\View\View->CodeIgniter\View\{closure}()
 4 SYSTEMPATH\Common.php(1178): CodeIgniter\View\View->render('contenido/login', [], true)
 5 APPPATH\Controllers\Home.php(21): view('contenido/login')
 6 SYSTEMPATH\CodeIgniter.php(943): App\Controllers\Home->login()
 7 SYSTEMPATH\CodeIgniter.php(503): CodeIgniter\CodeIgniter->runController(Object(App\Controllers\Home))
 8 SYSTEMPATH\CodeIgniter.php(361): CodeIgniter\CodeIgniter->handleRequest(null, Object(Config\Cache), false)
 9 FCPATH\index.php(84): CodeIgniter\CodeIgniter->run()
INFO - 2024-08-12 17:43:30 --> Session: Class initialized using 'CodeIgniter\Session\Handlers\FileHandler' driver.
CRITICAL - 2024-08-12 17:43:30 --> ErrorException: Undefined variable $validation
in APPPATH\Views\contenido\login.php on line 21.
 1 APPPATH\Views\contenido\login.php(21): CodeIgniter\Debug\Exceptions->errorHandler(2, 'Undefined variable $validation', 'C:\\xampp\\htdocs\\ProT3_38876108\\app\\Views\\contenido\\login.php', 21)
 2 SYSTEMPATH\View\View.php(228): include('C:\\xampp\\htdocs\\ProT3_38876108\\app\\Views\\contenido\\login.php')
 3 SYSTEMPATH\View\View.php(231): CodeIgniter\View\View->CodeIgniter\View\{closure}()
 4 SYSTEMPATH\Common.php(1178): CodeIgniter\View\View->render('contenido/login', [], true)
 5 APPPATH\Controllers\Home.php(21): view('contenido/login')
 6 SYSTEMPATH\CodeIgniter.php(943): App\Controllers\Home->login()
 7 SYSTEMPATH\CodeIgniter.php(503): CodeIgniter\CodeIgniter->runController(Object(App\Controllers\Home))
 8 SYSTEMPATH\CodeIgniter.php(361): CodeIgniter\CodeIgniter->handleRequest(null, Object(Config\Cache), false)
 9 FCPATH\index.php(84): CodeIgniter\CodeIgniter->run()
INFO - 2024-08-12 17:43:30 --> Session: Class initialized using 'CodeIgniter\Session\Handlers\FileHandler' driver.
CRITICAL - 2024-08-12 17:43:30 --> ErrorException: Undefined variable $validation
in APPPATH\Views\contenido\login.php on line 21.
 1 APPPATH\Views\contenido\login.php(21): CodeIgniter\Debug\Exceptions->errorHandler(2, 'Undefined variable $validation', 'C:\\xampp\\htdocs\\ProT3_38876108\\app\\Views\\contenido\\login.php', 21)
 2 SYSTEMPATH\View\View.php(228): include('C:\\xampp\\htdocs\\ProT3_38876108\\app\\Views\\contenido\\login.php')
 3 SYSTEMPATH\View\View.php(231): CodeIgniter\View\View->CodeIgniter\View\{closure}()
 4 SYSTEMPATH\Common.php(1178): CodeIgniter\View\View->render('contenido/login', [], true)
 5 APPPATH\Controllers\Home.php(21): view('contenido/login')
 6 SYSTEMPATH\CodeIgniter.php(943): App\Controllers\Home->login()
 7 SYSTEMPATH\CodeIgniter.php(503): CodeIgniter\CodeIgniter->runController(Object(App\Controllers\Home))
 8 SYSTEMPATH\CodeIgniter.php(361): CodeIgniter\CodeIgniter->handleRequest(null, Object(Config\Cache), false)
 9 FCPATH\index.php(84): CodeIgniter\CodeIgniter->run()
INFO - 2024-08-12 17:43:30 --> Session: Class initialized using 'CodeIgniter\Session\Handlers\FileHandler' driver.
CRITICAL - 2024-08-12 17:43:30 --> ErrorException: Undefined variable $validation
in APPPATH\Views\contenido\login.php on line 21.
 1 APPPATH\Views\contenido\login.php(21): CodeIgniter\Debug\Exceptions->errorHandler(2, 'Undefined variable $validation', 'C:\\xampp\\htdocs\\ProT3_38876108\\app\\Views\\contenido\\login.php', 21)
 2 SYSTEMPATH\View\View.php(228): include('C:\\xampp\\htdocs\\ProT3_38876108\\app\\Views\\contenido\\login.php')
 3 SYSTEMPATH\View\View.php(231): CodeIgniter\View\View->CodeIgniter\View\{closure}()
 4 SYSTEMPATH\Common.php(1178): CodeIgniter\View\View->render('contenido/login', [], true)
 5 APPPATH\Controllers\Home.php(21): view('contenido/login')
 6 SYSTEMPATH\CodeIgniter.php(943): App\Controllers\Home->login()
 7 SYSTEMPATH\CodeIgniter.php(503): CodeIgniter\CodeIgniter->runController(Object(App\Controllers\Home))
 8 SYSTEMPATH\CodeIgniter.php(361): CodeIgniter\CodeIgniter->handleRequest(null, Object(Config\Cache), false)
 9 FCPATH\index.php(84): CodeIgniter\CodeIgniter->run()
INFO - 2024-08-12 17:43:30 --> Session: Class initialized using 'CodeIgniter\Session\Handlers\FileHandler' driver.
CRITICAL - 2024-08-12 17:43:30 --> ErrorException: Undefined variable $validation
in APPPATH\Views\contenido\login.php on line 21.
 1 APPPATH\Views\contenido\login.php(21): CodeIgniter\Debug\Exceptions->errorHandler(2, 'Undefined variable $validation', 'C:\\xampp\\htdocs\\ProT3_38876108\\app\\Views\\contenido\\login.php', 21)
 2 SYSTEMPATH\View\View.php(228): include('C:\\xampp\\htdocs\\ProT3_38876108\\app\\Views\\contenido\\login.php')
 3 SYSTEMPATH\View\View.php(231): CodeIgniter\View\View->CodeIgniter\View\{closure}()
 4 SYSTEMPATH\Common.php(1178): CodeIgniter\View\View->render('contenido/login', [], true)
 5 APPPATH\Controllers\Home.php(21): view('contenido/login')
 6 SYSTEMPATH\CodeIgniter.php(943): App\Controllers\Home->login()
 7 SYSTEMPATH\CodeIgniter.php(503): CodeIgniter\CodeIgniter->runController(Object(App\Controllers\Home))
 8 SYSTEMPATH\CodeIgniter.php(361): CodeIgniter\CodeIgniter->handleRequest(null, Object(Config\Cache), false)
 9 FCPATH\index.php(84): CodeIgniter\CodeIgniter->run()
INFO - 2024-08-12 17:43:31 --> Session: Class initialized using 'CodeIgniter\Session\Handlers\FileHandler' driver.
CRITICAL - 2024-08-12 17:43:31 --> ErrorException: Undefined variable $validation
in APPPATH\Views\contenido\login.php on line 21.
 1 APPPATH\Views\contenido\login.php(21): CodeIgniter\Debug\Exceptions->errorHandler(2, 'Undefined variable $validation', 'C:\\xampp\\htdocs\\ProT3_38876108\\app\\Views\\contenido\\login.php', 21)
 2 SYSTEMPATH\View\View.php(228): include('C:\\xampp\\htdocs\\ProT3_38876108\\app\\Views\\contenido\\login.php')
 3 SYSTEMPATH\View\View.php(231): CodeIgniter\View\View->CodeIgniter\View\{closure}()
 4 SYSTEMPATH\Common.php(1178): CodeIgniter\View\View->render('contenido/login', [], true)
 5 APPPATH\Controllers\Home.php(21): view('contenido/login')
 6 SYSTEMPATH\CodeIgniter.php(943): App\Controllers\Home->login()
 7 SYSTEMPATH\CodeIgniter.php(503): CodeIgniter\CodeIgniter->runController(Object(App\Controllers\Home))
 8 SYSTEMPATH\CodeIgniter.php(361): CodeIgniter\CodeIgniter->handleRequest(null, Object(Config\Cache), false)
 9 FCPATH\index.php(84): CodeIgniter\CodeIgniter->run()
INFO - 2024-08-12 17:44:24 --> Session: Class initialized using 'CodeIgniter\Session\Handlers\FileHandler' driver.
INFO - 2024-08-12 17:44:31 --> Session: Class initialized using 'CodeIgniter\Session\Handlers\FileHandler' driver.
INFO - 2024-08-12 17:44:59 --> Session: Class initialized using 'CodeIgniter\Session\Handlers\FileHandler' driver.
INFO - 2024-08-12 17:44:59 --> Session: Class initialized using 'CodeIgniter\Session\Handlers\FileHandler' driver.
INFO - 2024-08-12 17:46:22 --> Session: Class initialized using 'CodeIgniter\Session\Handlers\FileHandler' driver.
INFO - 2024-08-12 17:46:22 --> Session: Class initialized using 'CodeIgniter\Session\Handlers\FileHandler' driver.
INFO - 2024-08-12 17:46:37 --> Session: Class initialized using 'CodeIgniter\Session\Handlers\FileHandler' driver.
INFO - 2024-08-12 17:50:58 --> Session: Class initialized using 'CodeIgniter\Session\Handlers\FileHandler' driver.
INFO - 2024-08-12 17:51:10 --> Session: Class initialized using 'CodeIgniter\Session\Handlers\FileHandler' driver.
INFO - 2024-08-12 17:51:27 --> Session: Class initialized using 'CodeIgniter\Session\Handlers\FileHandler' driver.
INFO - 2024-08-12 17:51:27 --> Session: Class initialized using 'CodeIgniter\Session\Handlers\FileHandler' driver.
INFO - 2024-08-12 17:51:48 --> Session: Class initialized using 'CodeIgniter\Session\Handlers\FileHandler' driver.
INFO - 2024-08-12 17:51:48 --> Session: Class initialized using 'CodeIgniter\Session\Handlers\FileHandler' driver.
INFO - 2024-08-12 17:57:09 --> Session: Class initialized using 'CodeIgniter\Session\Handlers\FileHandler' driver.
INFO - 2024-08-12 17:57:34 --> Session: Class initialized using 'CodeIgniter\Session\Handlers\FileHandler' driver.
INFO - 2024-08-12 17:57:34 --> Session: Class initialized using 'CodeIgniter\Session\Handlers\FileHandler' driver.
INFO - 2024-08-12 17:57:54 --> Session: Class initialized using 'CodeIgniter\Session\Handlers\FileHandler' driver.
INFO - 2024-08-12 17:58:47 --> Session: Class initialized using 'CodeIgniter\Session\Handlers\FileHandler' driver.
INFO - 2024-08-12 17:58:47 --> Session: Class initialized using 'CodeIgniter\Session\Handlers\FileHandler' driver.
INFO - 2024-08-12 17:59:00 --> Session: Class initialized using 'CodeIgniter\Session\Handlers\FileHandler' driver.
INFO - 2024-08-12 17:59:14 --> Session: Class initialized using 'CodeIgniter\Session\Handlers\FileHandler' driver.
INFO - 2024-08-12 17:59:14 --> Session: Class initialized using 'CodeIgniter\Session\Handlers\FileHandler' driver.
INFO - 2024-08-12 18:01:01 --> Session: Class initialized using 'CodeIgniter\Session\Handlers\FileHandler' driver.
INFO - 2024-08-12 18:01:33 --> Session: Class initialized using 'CodeIgniter\Session\Handlers\FileHandler' driver.
INFO - 2024-08-12 18:02:17 --> Session: Class initialized using 'CodeIgniter\Session\Handlers\FileHandler' driver.
INFO - 2024-08-12 18:02:20 --> Session: Class initialized using 'CodeIgniter\Session\Handlers\FileHandler' driver.
INFO - 2024-08-12 18:02:20 --> Session: Class initialized using 'CodeIgniter\Session\Handlers\FileHandler' driver.
INFO - 2024-08-12 18:02:41 --> Session: Class initialized using 'CodeIgniter\Session\Handlers\FileHandler' driver.
INFO - 2024-08-12 18:02:41 --> Session: Class initialized using 'CodeIgniter\Session\Handlers\FileHandler' driver.
INFO - 2024-08-12 18:03:17 --> Session: Class initialized using 'CodeIgniter\Session\Handlers\FileHandler' driver.
INFO - 2024-08-12 18:04:20 --> Session: Class initialized using 'CodeIgniter\Session\Handlers\FileHandler' driver.
INFO - 2024-08-12 18:05:33 --> Session: Class initialized using 'CodeIgniter\Session\Handlers\FileHandler' driver.
INFO - 2024-08-12 18:05:42 --> Session: Class initialized using 'CodeIgniter\Session\Handlers\FileHandler' driver.
INFO - 2024-08-12 18:05:46 --> Session: Class initialized using 'CodeIgniter\Session\Handlers\FileHandler' driver.
INFO - 2024-08-12 18:05:49 --> Session: Class initialized using 'CodeIgniter\Session\Handlers\FileHandler' driver.
INFO - 2024-08-12 18:13:09 --> Session: Class initialized using 'CodeIgniter\Session\Handlers\FileHandler' driver.
INFO - 2024-08-12 18:13:20 --> Session: Class initialized using 'CodeIgniter\Session\Handlers\FileHandler' driver.
WARNING - 2024-08-12 18:13:20 --> [DEPRECATED] password_hash(): Passing null to parameter #1 ($password) of type string is deprecated in APPPATH\Controllers\login_controller.php on line 306.
 1 APPPATH\Controllers\login_controller.php(306): password_hash(Object(SensitiveParameterValue), '2y')
 2 SYSTEMPATH\CodeIgniter.php(943): App\Controllers\login_controller->editar('6')
 3 SYSTEMPATH\CodeIgniter.php(503): CodeIgniter\CodeIgniter->runController(Object(App\Controllers\login_controller))
 4 SYSTEMPATH\CodeIgniter.php(361): CodeIgniter\CodeIgniter->handleRequest(null, Object(Config\Cache), false)
 5 FCPATH\index.php(84): CodeIgniter\CodeIgniter->run()
INFO - 2024-08-12 18:13:20 --> Session: Class initialized using 'CodeIgniter\Session\Handlers\FileHandler' driver.
INFO - 2024-08-12 18:18:05 --> Session: Class initialized using 'CodeIgniter\Session\Handlers\FileHandler' driver.
INFO - 2024-08-12 18:25:42 --> Session: Class initialized using 'CodeIgniter\Session\Handlers\FileHandler' driver.
INFO - 2024-08-12 18:25:58 --> Session: Class initialized using 'CodeIgniter\Session\Handlers\FileHandler' driver.
INFO - 2024-08-12 18:25:59 --> Session: Class initialized using 'CodeIgniter\Session\Handlers\FileHandler' driver.
INFO - 2024-08-12 18:26:12 --> Session: Class initialized using 'CodeIgniter\Session\Handlers\FileHandler' driver.
INFO - 2024-08-12 18:26:13 --> Session: Class initialized using 'CodeIgniter\Session\Handlers\FileHandler' driver.
INFO - 2024-08-12 18:26:21 --> Session: Class initialized using 'CodeIgniter\Session\Handlers\FileHandler' driver.
INFO - 2024-08-12 18:26:21 --> Session: Class initialized using 'CodeIgniter\Session\Handlers\FileHandler' driver.
INFO - 2024-08-12 18:26:37 --> Session: Class initialized using 'CodeIgniter\Session\Handlers\FileHandler' driver.
INFO - 2024-08-12 18:26:39 --> Session: Class initialized using 'CodeIgniter\Session\Handlers\FileHandler' driver.
INFO - 2024-08-12 18:26:39 --> Session: Class initialized using 'CodeIgniter\Session\Handlers\FileHandler' driver.
INFO - 2024-08-12 18:27:04 --> Session: Class initialized using 'CodeIgniter\Session\Handlers\FileHandler' driver.
INFO - 2024-08-12 18:27:05 --> Session: Class initialized using 'CodeIgniter\Session\Handlers\FileHandler' driver.
INFO - 2024-08-12 18:27:12 --> Session: Class initialized using 'CodeIgniter\Session\Handlers\FileHandler' driver.
INFO - 2024-08-12 18:27:17 --> Session: Class initialized using 'CodeIgniter\Session\Handlers\FileHandler' driver.
INFO - 2024-08-12 18:27:39 --> Session: Class initialized using 'CodeIgniter\Session\Handlers\FileHandler' driver.
INFO - 2024-08-12 18:27:39 --> Session: Class initialized using 'CodeIgniter\Session\Handlers\FileHandler' driver.
INFO - 2024-08-12 18:27:42 --> Session: Class initialized using 'CodeIgniter\Session\Handlers\FileHandler' driver.
INFO - 2024-08-12 18:27:55 --> Session: Class initialized using 'CodeIgniter\Session\Handlers\FileHandler' driver.
INFO - 2024-08-12 18:27:55 --> Session: Class initialized using 'CodeIgniter\Session\Handlers\FileHandler' driver.
INFO - 2024-08-12 18:35:53 --> Session: Class initialized using 'CodeIgniter\Session\Handlers\FileHandler' driver.
INFO - 2024-08-12 18:35:53 --> Session: Class initialized using 'CodeIgniter\Session\Handlers\FileHandler' driver.
INFO - 2024-08-12 18:36:02 --> Session: Class initialized using 'CodeIgniter\Session\Handlers\FileHandler' driver.
INFO - 2024-08-12 18:36:15 --> Session: Class initialized using 'CodeIgniter\Session\Handlers\FileHandler' driver.
INFO - 2024-08-12 18:36:23 --> Session: Class initialized using 'CodeIgniter\Session\Handlers\FileHandler' driver.
INFO - 2024-08-12 18:36:23 --> Session: Class initialized using 'CodeIgniter\Session\Handlers\FileHandler' driver.
INFO - 2024-08-12 18:43:55 --> Session: Class initialized using 'CodeIgniter\Session\Handlers\FileHandler' driver.
INFO - 2024-08-12 18:43:56 --> Session: Class initialized using 'CodeIgniter\Session\Handlers\FileHandler' driver.
INFO - 2024-08-12 18:43:56 --> Session: Class initialized using 'CodeIgniter\Session\Handlers\FileHandler' driver.
INFO - 2024-08-12 18:57:18 --> Session: Class initialized using 'CodeIgniter\Session\Handlers\FileHandler' driver.
INFO - 2024-08-12 18:57:19 --> Session: Class initialized using 'CodeIgniter\Session\Handlers\FileHandler' driver.
CRITICAL - 2024-08-12 18:57:19 --> ErrorException: Undefined variable $user
in APPPATH\Views\plantillas\nav.php on line 49.
 1 APPPATH\Views\plantillas\nav.php(49): CodeIgniter\Debug\Exceptions->errorHandler(2, 'Undefined variable $user', 'C:\\xampp\\htdocs\\ProT3_38876108\\app\\Views\\plantillas\\nav.php', 49)
 2 SYSTEMPATH\View\View.php(228): include('C:\\xampp\\htdocs\\ProT3_38876108\\app\\Views\\plantillas\\nav.php')
 3 SYSTEMPATH\View\View.php(231): CodeIgniter\View\View->CodeIgniter\View\{closure}()
 4 SYSTEMPATH\Common.php(1178): CodeIgniter\View\View->render('plantillas/nav', [], true)
 5 APPPATH\Controllers\Home.php(9): view('plantillas/nav')
 6 SYSTEMPATH\CodeIgniter.php(943): App\Controllers\Home->index()
 7 SYSTEMPATH\CodeIgniter.php(503): CodeIgniter\CodeIgniter->runController(Object(App\Controllers\Home))
 8 SYSTEMPATH\CodeIgniter.php(361): CodeIgniter\CodeIgniter->handleRequest(null, Object(Config\Cache), false)
 9 FCPATH\index.php(84): CodeIgniter\CodeIgniter->run()
INFO - 2024-08-12 18:58:06 --> Session: Class initialized using 'CodeIgniter\Session\Handlers\FileHandler' driver.
INFO - 2024-08-12 18:58:20 --> Session: Class initialized using 'CodeIgniter\Session\Handlers\FileHandler' driver.
INFO - 2024-08-12 18:58:22 --> Session: Class initialized using 'CodeIgniter\Session\Handlers\FileHandler' driver.
CRITICAL - 2024-08-12 18:58:22 --> ErrorException: Trying to access array offset on value of type null
in APPPATH\Views\contenido\Gestion_usuario\modificar_usuario.php on line 50.
 1 APPPATH\Views\contenido\Gestion_usuario\modificar_usuario.php(50): CodeIgniter\Debug\Exceptions->errorHandler(2, 'Trying to access array offset on value of type null', 'C:\\xampp\\htdocs\\ProT3_38876108\\app\\Views\\contenido\\Gestion_usuario\\modificar_usuario.php', 50)
 2 SYSTEMPATH\View\View.php(228): include('C:\\xampp\\htdocs\\ProT3_38876108\\app\\Views\\contenido\\Gestion_usuario\\modificar_usuario.php')
 3 SYSTEMPATH\View\View.php(231): CodeIgniter\View\View->CodeIgniter\View\{closure}()
 4 SYSTEMPATH\Common.php(1178): CodeIgniter\View\View->render('contenido/Gestion_usuario/modificar_usuario', [], true)
 5 APPPATH\Controllers\login_controller.php(244): view('contenido/Gestion_usuario/modificar_usuario', [...])
 6 SYSTEMPATH\CodeIgniter.php(943): App\Controllers\login_controller->editar_user('2')
 7 SYSTEMPATH\CodeIgniter.php(503): CodeIgniter\CodeIgniter->runController(Object(App\Controllers\login_controller))
 8 SYSTEMPATH\CodeIgniter.php(361): CodeIgniter\CodeIgniter->handleRequest(null, Object(Config\Cache), false)
 9 FCPATH\index.php(84): CodeIgniter\CodeIgniter->run()
INFO - 2024-08-12 18:58:42 --> Session: Class initialized using 'CodeIgniter\Session\Handlers\FileHandler' driver.
CRITICAL - 2024-08-12 18:58:42 --> ErrorException: Trying to access array offset on value of type null
in APPPATH\Views\contenido\Gestion_usuario\modificar_usuario.php on line 50.
 1 APPPATH\Views\contenido\Gestion_usuario\modificar_usuario.php(50): CodeIgniter\Debug\Exceptions->errorHandler(2, 'Trying to access array offset on value of type null', 'C:\\xampp\\htdocs\\ProT3_38876108\\app\\Views\\contenido\\Gestion_usuario\\modificar_usuario.php', 50)
 2 SYSTEMPATH\View\View.php(228): include('C:\\xampp\\htdocs\\ProT3_38876108\\app\\Views\\contenido\\Gestion_usuario\\modificar_usuario.php')
 3 SYSTEMPATH\View\View.php(231): CodeIgniter\View\View->CodeIgniter\View\{closure}()
 4 SYSTEMPATH\Common.php(1178): CodeIgniter\View\View->render('contenido/Gestion_usuario/modificar_usuario', [], true)
 5 APPPATH\Controllers\login_controller.php(244): view('contenido/Gestion_usuario/modificar_usuario', [...])
 6 SYSTEMPATH\CodeIgniter.php(943): App\Controllers\login_controller->editar_user('2')
 7 SYSTEMPATH\CodeIgniter.php(503): CodeIgniter\CodeIgniter->runController(Object(App\Controllers\login_controller))
 8 SYSTEMPATH\CodeIgniter.php(361): CodeIgniter\CodeIgniter->handleRequest(null, Object(Config\Cache), false)
 9 FCPATH\index.php(84): CodeIgniter\CodeIgniter->run()
INFO - 2024-08-12 18:58:44 --> Session: Class initialized using 'CodeIgniter\Session\Handlers\FileHandler' driver.
INFO - 2024-08-12 18:58:46 --> Session: Class initialized using 'CodeIgniter\Session\Handlers\FileHandler' driver.
INFO - 2024-08-12 18:59:06 --> Session: Class initialized using 'CodeIgniter\Session\Handlers\FileHandler' driver.
INFO - 2024-08-12 18:59:08 --> Session: Class initialized using 'CodeIgniter\Session\Handlers\FileHandler' driver.
INFO - 2024-08-12 18:59:28 --> Session: Class initialized using 'CodeIgniter\Session\Handlers\FileHandler' driver.
INFO - 2024-08-12 18:59:30 --> Session: Class initialized using 'CodeIgniter\Session\Handlers\FileHandler' driver.
INFO - 2024-08-12 18:59:45 --> Session: Class initialized using 'CodeIgniter\Session\Handlers\FileHandler' driver.
INFO - 2024-08-12 18:59:45 --> Session: Class initialized using 'CodeIgniter\Session\Handlers\FileHandler' driver.
INFO - 2024-08-12 18:59:56 --> Session: Class initialized using 'CodeIgniter\Session\Handlers\FileHandler' driver.
INFO - 2024-08-12 18:59:56 --> Session: Class initialized using 'CodeIgniter\Session\Handlers\FileHandler' driver.
INFO - 2024-08-12 19:00:04 --> Session: Class initialized using 'CodeIgniter\Session\Handlers\FileHandler' driver.
INFO - 2024-08-12 19:00:04 --> Session: Class initialized using 'CodeIgniter\Session\Handlers\FileHandler' driver.
INFO - 2024-08-12 19:02:27 --> Session: Class initialized using 'CodeIgniter\Session\Handlers\FileHandler' driver.
INFO - 2024-08-12 19:02:31 --> Session: Class initialized using 'CodeIgniter\Session\Handlers\FileHandler' driver.
INFO - 2024-08-12 19:02:33 --> Session: Class initialized using 'CodeIgniter\Session\Handlers\FileHandler' driver.
INFO - 2024-08-12 19:02:44 --> Session: Class initialized using 'CodeIgniter\Session\Handlers\FileHandler' driver.
INFO - 2024-08-12 19:02:45 --> Session: Class initialized using 'CodeIgniter\Session\Handlers\FileHandler' driver.
INFO - 2024-08-12 19:02:51 --> Session: Class initialized using 'CodeIgniter\Session\Handlers\FileHandler' driver.
INFO - 2024-08-12 19:02:57 --> Session: Class initialized using 'CodeIgniter\Session\Handlers\FileHandler' driver.
INFO - 2024-08-12 19:02:57 --> Session: Class initialized using 'CodeIgniter\Session\Handlers\FileHandler' driver.
