CRITICAL - 2024-05-15 19:29:16 --> CodeIgniter\Validation\Exceptions\ValidationException: "nombre" is not a valid rule.
in SYSTEMPATH\Validation\Validation.php on line 336.
 1 SYSTEMPATH\Validation\Validation.php(336): CodeIgniter\Validation\Exceptions\ValidationException::forRuleNotFound('nombre')
 2 SYSTEMPATH\Validation\Validation.php(200): CodeIgniter\Validation\Validation->processRules('nombre', 'nombre', '', [...], [...])
 3 SYSTEMPATH\Controller.php(154): CodeIgniter\Validation\Validation->run()
 4 APPPATH\Controllers\registrarse_controller.php(26): CodeIgniter\Controller->validate([...])
 5 SYSTEMPATH\CodeIgniter.php(943): App\Controllers\registrarse_controller->validation()
 6 SYSTEMPATH\CodeIgniter.php(503): CodeIgniter\CodeIgniter->runController(Object(App\Controllers\registrarse_controller))
 7 SYSTEMPATH\CodeIgniter.php(361): CodeIgniter\CodeIgniter->handleRequest(null, Object(Config\Cache), false)
 8 FCPATH\index.php(80): CodeIgniter\CodeIgniter->run()
CRITICAL - 2024-05-15 19:29:19 --> CodeIgniter\Validation\Exceptions\ValidationException: "nombre" is not a valid rule.
in SYSTEMPATH\Validation\Validation.php on line 336.
 1 SYSTEMPATH\Validation\Validation.php(336): CodeIgniter\Validation\Exceptions\ValidationException::forRuleNotFound('nombre')
 2 SYSTEMPATH\Validation\Validation.php(200): CodeIgniter\Validation\Validation->processRules('nombre', 'nombre', '', [...], [...])
 3 SYSTEMPATH\Controller.php(154): CodeIgniter\Validation\Validation->run()
 4 APPPATH\Controllers\registrarse_controller.php(26): CodeIgniter\Controller->validate([...])
 5 SYSTEMPATH\CodeIgniter.php(943): App\Controllers\registrarse_controller->validation()
 6 SYSTEMPATH\CodeIgniter.php(503): CodeIgniter\CodeIgniter->runController(Object(App\Controllers\registrarse_controller))
 7 SYSTEMPATH\CodeIgniter.php(361): CodeIgniter\CodeIgniter->handleRequest(null, Object(Config\Cache), false)
 8 FCPATH\index.php(80): CodeIgniter\CodeIgniter->run()
CRITICAL - 2024-05-15 19:31:09 --> CodeIgniter\Validation\Exceptions\ValidationException: "nombre" is not a valid rule.
in SYSTEMPATH\Validation\Validation.php on line 336.
 1 SYSTEMPATH\Validation\Validation.php(336): CodeIgniter\Validation\Exceptions\ValidationException::forRuleNotFound('nombre')
 2 SYSTEMPATH\Validation\Validation.php(200): CodeIgniter\Validation\Validation->processRules('nombre', 'nombre', '', [...], [...])
 3 SYSTEMPATH\Controller.php(154): CodeIgniter\Validation\Validation->run()
 4 APPPATH\Controllers\registrarse_controller.php(29): CodeIgniter\Controller->validate([...])
 5 SYSTEMPATH\CodeIgniter.php(943): App\Controllers\registrarse_controller->validation()
 6 SYSTEMPATH\CodeIgniter.php(503): CodeIgniter\CodeIgniter->runController(Object(App\Controllers\registrarse_controller))
 7 SYSTEMPATH\CodeIgniter.php(361): CodeIgniter\CodeIgniter->handleRequest(null, Object(Config\Cache), false)
 8 FCPATH\index.php(80): CodeIgniter\CodeIgniter->run()
CRITICAL - 2024-05-15 19:50:07 --> CodeIgniter\Validation\Exceptions\ValidationException: "nombre" is not a valid rule.
in SYSTEMPATH\Validation\Validation.php on line 336.
 1 SYSTEMPATH\Validation\Validation.php(336): CodeIgniter\Validation\Exceptions\ValidationException::forRuleNotFound('nombre')
 2 SYSTEMPATH\Validation\Validation.php(200): CodeIgniter\Validation\Validation->processRules('nombre', 'nombre', '', [...], [...])
 3 SYSTEMPATH\Controller.php(154): CodeIgniter\Validation\Validation->run()
 4 APPPATH\Controllers\registrarse_controller.php(31): CodeIgniter\Controller->validate([...])
 5 SYSTEMPATH\CodeIgniter.php(943): App\Controllers\registrarse_controller->validation()
 6 SYSTEMPATH\CodeIgniter.php(503): CodeIgniter\CodeIgniter->runController(Object(App\Controllers\registrarse_controller))
 7 SYSTEMPATH\CodeIgniter.php(361): CodeIgniter\CodeIgniter->handleRequest(null, Object(Config\Cache), false)
 8 FCPATH\index.php(80): CodeIgniter\CodeIgniter->run()
CRITICAL - 2024-05-15 19:52:16 --> CodeIgniter\Validation\Exceptions\ValidationException: "n贸mbre" is not a valid rule.
in SYSTEMPATH\Validation\Validation.php on line 336.
 1 SYSTEMPATH\Validation\Validation.php(336): CodeIgniter\Validation\Exceptions\ValidationException::forRuleNotFound('n贸mbre')
 2 SYSTEMPATH\Validation\Validation.php(200): CodeIgniter\Validation\Validation->processRules('nombre', 'nombre', '', [...], [...])
 3 SYSTEMPATH\Controller.php(154): CodeIgniter\Validation\Validation->run()
 4 APPPATH\Controllers\registrarse_controller.php(31): CodeIgniter\Controller->validate([...])
 5 SYSTEMPATH\CodeIgniter.php(943): App\Controllers\registrarse_controller->validation()
 6 SYSTEMPATH\CodeIgniter.php(503): CodeIgniter\CodeIgniter->runController(Object(App\Controllers\registrarse_controller))
 7 SYSTEMPATH\CodeIgniter.php(361): CodeIgniter\CodeIgniter->handleRequest(null, Object(Config\Cache), false)
 8 FCPATH\index.php(80): CodeIgniter\CodeIgniter->run()
CRITICAL - 2024-05-15 19:52:21 --> CodeIgniter\Validation\Exceptions\ValidationException: "n贸mbre" is not a valid rule.
in SYSTEMPATH\Validation\Validation.php on line 336.
 1 SYSTEMPATH\Validation\Validation.php(336): CodeIgniter\Validation\Exceptions\ValidationException::forRuleNotFound('n贸mbre')
 2 SYSTEMPATH\Validation\Validation.php(200): CodeIgniter\Validation\Validation->processRules('nombre', 'nombre', '', [...], [...])
 3 SYSTEMPATH\Controller.php(154): CodeIgniter\Validation\Validation->run()
 4 APPPATH\Controllers\registrarse_controller.php(31): CodeIgniter\Controller->validate([...])
 5 SYSTEMPATH\CodeIgniter.php(943): App\Controllers\registrarse_controller->validation()
 6 SYSTEMPATH\CodeIgniter.php(503): CodeIgniter\CodeIgniter->runController(Object(App\Controllers\registrarse_controller))
 7 SYSTEMPATH\CodeIgniter.php(361): CodeIgniter\CodeIgniter->handleRequest(null, Object(Config\Cache), false)
 8 FCPATH\index.php(80): CodeIgniter\CodeIgniter->run()
