CRITICAL - 2024-05-21 11:26:40 --> ErrorException: Access level to App\Controllers\registrarse_controller::$session must be protected (as in class App\Controllers\BaseController) or weaker
in APPPATH\Controllers\registrarse_controller.php on line 6.
 1 [internal function]: CodeIgniter\Debug\Exceptions->shutdownHandler()
CRITICAL - 2024-05-21 11:26:48 --> ErrorException: Access level to App\Controllers\registrarse_controller::$session must be protected (as in class App\Controllers\BaseController) or weaker
in APPPATH\Controllers\registrarse_controller.php on line 6.
 1 [internal function]: CodeIgniter\Debug\Exceptions->shutdownHandler()
CRITICAL - 2024-05-21 11:27:33 --> ErrorException: Access level to App\Controllers\registrarse_controller::$session must be protected (as in class App\Controllers\BaseController) or weaker
in APPPATH\Controllers\registrarse_controller.php on line 6.
 1 [internal function]: CodeIgniter\Debug\Exceptions->shutdownHandler()
CRITICAL - 2024-05-21 11:27:40 --> ErrorException: Access level to App\Controllers\registrarse_controller::$session must be protected (as in class App\Controllers\BaseController) or weaker
in APPPATH\Controllers\registrarse_controller.php on line 6.
 1 [internal function]: CodeIgniter\Debug\Exceptions->shutdownHandler()
CRITICAL - 2024-05-21 11:27:46 --> ErrorException: Access level to App\Controllers\registrarse_controller::$session must be protected (as in class App\Controllers\BaseController) or weaker
in APPPATH\Controllers\registrarse_controller.php on line 6.
 1 [internal function]: CodeIgniter\Debug\Exceptions->shutdownHandler()
CRITICAL - 2024-05-21 11:28:33 --> ErrorException: Cannot redeclare App\Controllers\registrarse_controller::registrarse()
in APPPATH\Controllers\registrarse_controller.php on line 20.
 1 [internal function]: CodeIgniter\Debug\Exceptions->shutdownHandler()
CRITICAL - 2024-05-21 11:29:18 --> ErrorException: Access level to App\Controllers\registrarse_controller::$session must be protected (as in class App\Controllers\BaseController) or weaker
in APPPATH\Controllers\registrarse_controller.php on line 6.
 1 [internal function]: CodeIgniter\Debug\Exceptions->shutdownHandler()
CRITICAL - 2024-05-21 17:40:40 --> ErrorException: Access level to App\Controllers\registrarse_controller::$session must be protected (as in class App\Controllers\BaseController) or weaker
in APPPATH\Controllers\registrarse_controller.php on line 6.
 1 [internal function]: CodeIgniter\Debug\Exceptions->shutdownHandler()
CRITICAL - 2024-05-21 17:54:13 --> ErrorException: Access level to App\Controllers\registrarse_controller::$session must be protected (as in class App\Controllers\BaseController) or weaker
in APPPATH\Controllers\registrarse_controller.php on line 7.
 1 [internal function]: CodeIgniter\Debug\Exceptions->shutdownHandler()
CRITICAL - 2024-05-21 17:54:23 --> ErrorException: Access level to App\Controllers\registrarse_controller::$session must be protected (as in class App\Controllers\BaseController) or weaker
in APPPATH\Controllers\registrarse_controller.php on line 7.
 1 [internal function]: CodeIgniter\Debug\Exceptions->shutdownHandler()
CRITICAL - 2024-05-21 23:10:54 --> ErrorException: Undefined variable $validations
in APPPATH\Controllers\registrarse_controller.php on line 28.
 1 APPPATH\Controllers\registrarse_controller.php(28): CodeIgniter\Debug\Exceptions->errorHandler(2, 'Undefined variable $validations', 'C:\\xampp\\htdocs\\Proyecto_Centurion_Esteban\\app\\Controllers\\registrarse_controller.php', 28)
 2 SYSTEMPATH\CodeIgniter.php(943): App\Controllers\registrarse_controller->validation()
 3 SYSTEMPATH\CodeIgniter.php(503): CodeIgniter\CodeIgniter->runController(Object(App\Controllers\registrarse_controller))
 4 SYSTEMPATH\CodeIgniter.php(361): CodeIgniter\CodeIgniter->handleRequest(null, Object(Config\Cache), false)
 5 FCPATH\index.php(80): CodeIgniter\CodeIgniter->run()
CRITICAL - 2024-05-21 23:38:59 --> ErrorException: Undefined variable $validations
in APPPATH\Controllers\registrarse_controller.php on line 28.
 1 APPPATH\Controllers\registrarse_controller.php(28): CodeIgniter\Debug\Exceptions->errorHandler(2, 'Undefined variable $validations', 'C:\\xampp\\htdocs\\Proyecto_Centurion_Esteban\\app\\Controllers\\registrarse_controller.php', 28)
 2 SYSTEMPATH\CodeIgniter.php(943): App\Controllers\registrarse_controller->validation()
 3 SYSTEMPATH\CodeIgniter.php(503): CodeIgniter\CodeIgniter->runController(Object(App\Controllers\registrarse_controller))
 4 SYSTEMPATH\CodeIgniter.php(361): CodeIgniter\CodeIgniter->handleRequest(null, Object(Config\Cache), false)
 5 FCPATH\index.php(80): CodeIgniter\CodeIgniter->run()
CRITICAL - 2024-05-21 23:46:07 --> ErrorException: Undefined variable $validations
in APPPATH\Controllers\registrarse_controller.php on line 28.
 1 APPPATH\Controllers\registrarse_controller.php(28): CodeIgniter\Debug\Exceptions->errorHandler(2, 'Undefined variable $validations', 'C:\\xampp\\htdocs\\Proyecto_Centurion_Esteban\\app\\Controllers\\registrarse_controller.php', 28)
 2 SYSTEMPATH\CodeIgniter.php(943): App\Controllers\registrarse_controller->validation()
 3 SYSTEMPATH\CodeIgniter.php(503): CodeIgniter\CodeIgniter->runController(Object(App\Controllers\registrarse_controller))
 4 SYSTEMPATH\CodeIgniter.php(361): CodeIgniter\CodeIgniter->handleRequest(null, Object(Config\Cache), false)
 5 FCPATH\index.php(80): CodeIgniter\CodeIgniter->run()
CRITICAL - 2024-05-21 23:49:02 --> ErrorException: Undefined variable $validations
in APPPATH\Controllers\registrarse_controller.php on line 28.
 1 APPPATH\Controllers\registrarse_controller.php(28): CodeIgniter\Debug\Exceptions->errorHandler(2, 'Undefined variable $validations', 'C:\\xampp\\htdocs\\Proyecto_Centurion_Esteban\\app\\Controllers\\registrarse_controller.php', 28)
 2 SYSTEMPATH\CodeIgniter.php(943): App\Controllers\registrarse_controller->validation()
 3 SYSTEMPATH\CodeIgniter.php(503): CodeIgniter\CodeIgniter->runController(Object(App\Controllers\registrarse_controller))
 4 SYSTEMPATH\CodeIgniter.php(361): CodeIgniter\CodeIgniter->handleRequest(null, Object(Config\Cache), false)
 5 FCPATH\index.php(80): CodeIgniter\CodeIgniter->run()
