CRITICAL - 2024-06-12 01:47:03 --> Error: Class "App\Controllers\ProductModel" not found
in APPPATH\Controllers\producto_controller.php on line 13.
 1 SYSTEMPATH\CodeIgniter.php(943): App\Controllers\producto_controller->store()
 2 SYSTEMPATH\CodeIgniter.php(503): CodeIgniter\CodeIgniter->runController(Object(App\Controllers\producto_controller))
 3 SYSTEMPATH\CodeIgniter.php(361): CodeIgniter\CodeIgniter->handleRequest(null, Object(Config\Cache), false)
 4 FCPATH\index.php(84): CodeIgniter\CodeIgniter->run()
CRITICAL - 2024-06-12 20:19:40 --> ErrorException: Undefined variable $categorias
in APPPATH\Views\contenido\Gestion_producto\alta_producto.php on line 52.
 1 APPPATH\Views\contenido\Gestion_producto\alta_producto.php(52): CodeIgniter\Debug\Exceptions->errorHandler(2, 'Undefined variable $categorias', 'C:\\xampp\\htdocs\\Proyecto_Centurion_Esteban\\app\\Views\\contenido\\Gestion_producto\\alta_producto.php', 52)
 2 SYSTEMPATH\View\View.php(228): include('C:\\xampp\\htdocs\\Proyecto_Centurion_Esteban\\app\\Views\\contenido\\Gestion_producto\\alta_producto.php')
 3 SYSTEMPATH\View\View.php(231): CodeIgniter\View\View->CodeIgniter\View\{closure}()
 4 SYSTEMPATH\Common.php(1178): CodeIgniter\View\View->render('contenido/Gestion_producto/alta_producto', [], true)
 5 APPPATH\Controllers\Home.php(34): view('contenido/Gestion_producto/alta_producto')
 6 SYSTEMPATH\CodeIgniter.php(943): App\Controllers\Home->alta_producto()
 7 SYSTEMPATH\CodeIgniter.php(503): CodeIgniter\CodeIgniter->runController(Object(App\Controllers\Home))
 8 SYSTEMPATH\CodeIgniter.php(361): CodeIgniter\CodeIgniter->handleRequest(null, Object(Config\Cache), false)
 9 FCPATH\index.php(84): CodeIgniter\CodeIgniter->run()
CRITICAL - 2024-06-12 20:23:08 --> ErrorException: Undefined variable $categorias
in APPPATH\Views\contenido\Gestion_producto\alta_producto.php on line 52.
 1 APPPATH\Views\contenido\Gestion_producto\alta_producto.php(52): CodeIgniter\Debug\Exceptions->errorHandler(2, 'Undefined variable $categorias', 'C:\\xampp\\htdocs\\Proyecto_Centurion_Esteban\\app\\Views\\contenido\\Gestion_producto\\alta_producto.php', 52)
 2 SYSTEMPATH\View\View.php(228): include('C:\\xampp\\htdocs\\Proyecto_Centurion_Esteban\\app\\Views\\contenido\\Gestion_producto\\alta_producto.php')
 3 SYSTEMPATH\View\View.php(231): CodeIgniter\View\View->CodeIgniter\View\{closure}()
 4 SYSTEMPATH\Common.php(1178): CodeIgniter\View\View->render('contenido/Gestion_producto/alta_producto', [], true)
 5 APPPATH\Controllers\Home.php(34): view('contenido/Gestion_producto/alta_producto')
 6 SYSTEMPATH\CodeIgniter.php(943): App\Controllers\Home->alta_producto()
 7 SYSTEMPATH\CodeIgniter.php(503): CodeIgniter\CodeIgniter->runController(Object(App\Controllers\Home))
 8 SYSTEMPATH\CodeIgniter.php(361): CodeIgniter\CodeIgniter->handleRequest(null, Object(Config\Cache), false)
 9 FCPATH\index.php(84): CodeIgniter\CodeIgniter->run()
CRITICAL - 2024-06-12 20:25:25 --> ErrorException: Undefined variable $categorias
in APPPATH\Views\contenido\Gestion_producto\alta_producto.php on line 52.
 1 APPPATH\Views\contenido\Gestion_producto\alta_producto.php(52): CodeIgniter\Debug\Exceptions->errorHandler(2, 'Undefined variable $categorias', 'C:\\xampp\\htdocs\\Proyecto_Centurion_Esteban\\app\\Views\\contenido\\Gestion_producto\\alta_producto.php', 52)
 2 SYSTEMPATH\View\View.php(228): include('C:\\xampp\\htdocs\\Proyecto_Centurion_Esteban\\app\\Views\\contenido\\Gestion_producto\\alta_producto.php')
 3 SYSTEMPATH\View\View.php(231): CodeIgniter\View\View->CodeIgniter\View\{closure}()
 4 SYSTEMPATH\Common.php(1178): CodeIgniter\View\View->render('contenido/Gestion_producto/alta_producto', [], true)
 5 APPPATH\Controllers\Home.php(34): view('contenido/Gestion_producto/alta_producto')
 6 SYSTEMPATH\CodeIgniter.php(943): App\Controllers\Home->alta_producto()
 7 SYSTEMPATH\CodeIgniter.php(503): CodeIgniter\CodeIgniter->runController(Object(App\Controllers\Home))
 8 SYSTEMPATH\CodeIgniter.php(361): CodeIgniter\CodeIgniter->handleRequest(null, Object(Config\Cache), false)
 9 FCPATH\index.php(84): CodeIgniter\CodeIgniter->run()
CRITICAL - 2024-06-12 20:25:28 --> ErrorException: Undefined variable $categorias
in APPPATH\Views\contenido\Gestion_producto\alta_producto.php on line 52.
 1 APPPATH\Views\contenido\Gestion_producto\alta_producto.php(52): CodeIgniter\Debug\Exceptions->errorHandler(2, 'Undefined variable $categorias', 'C:\\xampp\\htdocs\\Proyecto_Centurion_Esteban\\app\\Views\\contenido\\Gestion_producto\\alta_producto.php', 52)
 2 SYSTEMPATH\View\View.php(228): include('C:\\xampp\\htdocs\\Proyecto_Centurion_Esteban\\app\\Views\\contenido\\Gestion_producto\\alta_producto.php')
 3 SYSTEMPATH\View\View.php(231): CodeIgniter\View\View->CodeIgniter\View\{closure}()
 4 SYSTEMPATH\Common.php(1178): CodeIgniter\View\View->render('contenido/Gestion_producto/alta_producto', [], true)
 5 APPPATH\Controllers\Home.php(34): view('contenido/Gestion_producto/alta_producto')
 6 SYSTEMPATH\CodeIgniter.php(943): App\Controllers\Home->alta_producto()
 7 SYSTEMPATH\CodeIgniter.php(503): CodeIgniter\CodeIgniter->runController(Object(App\Controllers\Home))
 8 SYSTEMPATH\CodeIgniter.php(361): CodeIgniter\CodeIgniter->handleRequest(null, Object(Config\Cache), false)
 9 FCPATH\index.php(84): CodeIgniter\CodeIgniter->run()
CRITICAL - 2024-06-12 20:25:31 --> ErrorException: Undefined variable $categorias
in APPPATH\Views\contenido\Gestion_producto\alta_producto.php on line 52.
 1 APPPATH\Views\contenido\Gestion_producto\alta_producto.php(52): CodeIgniter\Debug\Exceptions->errorHandler(2, 'Undefined variable $categorias', 'C:\\xampp\\htdocs\\Proyecto_Centurion_Esteban\\app\\Views\\contenido\\Gestion_producto\\alta_producto.php', 52)
 2 SYSTEMPATH\View\View.php(228): include('C:\\xampp\\htdocs\\Proyecto_Centurion_Esteban\\app\\Views\\contenido\\Gestion_producto\\alta_producto.php')
 3 SYSTEMPATH\View\View.php(231): CodeIgniter\View\View->CodeIgniter\View\{closure}()
 4 SYSTEMPATH\Common.php(1178): CodeIgniter\View\View->render('contenido/Gestion_producto/alta_producto', [], true)
 5 APPPATH\Controllers\Home.php(34): view('contenido/Gestion_producto/alta_producto')
 6 SYSTEMPATH\CodeIgniter.php(943): App\Controllers\Home->alta_producto()
 7 SYSTEMPATH\CodeIgniter.php(503): CodeIgniter\CodeIgniter->runController(Object(App\Controllers\Home))
 8 SYSTEMPATH\CodeIgniter.php(361): CodeIgniter\CodeIgniter->handleRequest(null, Object(Config\Cache), false)
 9 FCPATH\index.php(84): CodeIgniter\CodeIgniter->run()
CRITICAL - 2024-06-12 20:25:33 --> ErrorException: Undefined variable $categorias
in APPPATH\Views\contenido\Gestion_producto\alta_producto.php on line 52.
 1 APPPATH\Views\contenido\Gestion_producto\alta_producto.php(52): CodeIgniter\Debug\Exceptions->errorHandler(2, 'Undefined variable $categorias', 'C:\\xampp\\htdocs\\Proyecto_Centurion_Esteban\\app\\Views\\contenido\\Gestion_producto\\alta_producto.php', 52)
 2 SYSTEMPATH\View\View.php(228): include('C:\\xampp\\htdocs\\Proyecto_Centurion_Esteban\\app\\Views\\contenido\\Gestion_producto\\alta_producto.php')
 3 SYSTEMPATH\View\View.php(231): CodeIgniter\View\View->CodeIgniter\View\{closure}()
 4 SYSTEMPATH\Common.php(1178): CodeIgniter\View\View->render('contenido/Gestion_producto/alta_producto', [], true)
 5 APPPATH\Controllers\Home.php(34): view('contenido/Gestion_producto/alta_producto')
 6 SYSTEMPATH\CodeIgniter.php(943): App\Controllers\Home->alta_producto()
 7 SYSTEMPATH\CodeIgniter.php(503): CodeIgniter\CodeIgniter->runController(Object(App\Controllers\Home))
 8 SYSTEMPATH\CodeIgniter.php(361): CodeIgniter\CodeIgniter->handleRequest(null, Object(Config\Cache), false)
 9 FCPATH\index.php(84): CodeIgniter\CodeIgniter->run()
CRITICAL - 2024-06-12 21:34:53 --> ErrorException: Undefined variable $categorias
in APPPATH\Views\contenido\Gestion_producto\alta_producto.php on line 53.
 1 APPPATH\Views\contenido\Gestion_producto\alta_producto.php(53): CodeIgniter\Debug\Exceptions->errorHandler(2, 'Undefined variable $categorias', 'C:\\xampp\\htdocs\\Proyecto_Centurion_Esteban\\app\\Views\\contenido\\Gestion_producto\\alta_producto.php', 53)
 2 SYSTEMPATH\View\View.php(228): include('C:\\xampp\\htdocs\\Proyecto_Centurion_Esteban\\app\\Views\\contenido\\Gestion_producto\\alta_producto.php')
 3 SYSTEMPATH\View\View.php(231): CodeIgniter\View\View->CodeIgniter\View\{closure}()
 4 SYSTEMPATH\Common.php(1178): CodeIgniter\View\View->render('contenido/Gestion_producto/alta_producto', [], true)
 5 APPPATH\Controllers\Home.php(34): view('contenido/Gestion_producto/alta_producto')
 6 SYSTEMPATH\CodeIgniter.php(943): App\Controllers\Home->alta_producto()
 7 SYSTEMPATH\CodeIgniter.php(503): CodeIgniter\CodeIgniter->runController(Object(App\Controllers\Home))
 8 SYSTEMPATH\CodeIgniter.php(361): CodeIgniter\CodeIgniter->handleRequest(null, Object(Config\Cache), false)
 9 FCPATH\index.php(84): CodeIgniter\CodeIgniter->run()
CRITICAL - 2024-06-12 21:34:59 --> ErrorException: Undefined variable $categorias
in APPPATH\Views\contenido\Gestion_producto\alta_producto.php on line 53.
 1 APPPATH\Views\contenido\Gestion_producto\alta_producto.php(53): CodeIgniter\Debug\Exceptions->errorHandler(2, 'Undefined variable $categorias', 'C:\\xampp\\htdocs\\Proyecto_Centurion_Esteban\\app\\Views\\contenido\\Gestion_producto\\alta_producto.php', 53)
 2 SYSTEMPATH\View\View.php(228): include('C:\\xampp\\htdocs\\Proyecto_Centurion_Esteban\\app\\Views\\contenido\\Gestion_producto\\alta_producto.php')
 3 SYSTEMPATH\View\View.php(231): CodeIgniter\View\View->CodeIgniter\View\{closure}()
 4 SYSTEMPATH\Common.php(1178): CodeIgniter\View\View->render('contenido/Gestion_producto/alta_producto', [], true)
 5 APPPATH\Controllers\Home.php(34): view('contenido/Gestion_producto/alta_producto')
 6 SYSTEMPATH\CodeIgniter.php(943): App\Controllers\Home->alta_producto()
 7 SYSTEMPATH\CodeIgniter.php(503): CodeIgniter\CodeIgniter->runController(Object(App\Controllers\Home))
 8 SYSTEMPATH\CodeIgniter.php(361): CodeIgniter\CodeIgniter->handleRequest(null, Object(Config\Cache), false)
 9 FCPATH\index.php(84): CodeIgniter\CodeIgniter->run()
CRITICAL - 2024-06-12 21:35:03 --> ErrorException: Undefined variable $categorias
in APPPATH\Views\contenido\Gestion_producto\alta_producto.php on line 53.
 1 APPPATH\Views\contenido\Gestion_producto\alta_producto.php(53): CodeIgniter\Debug\Exceptions->errorHandler(2, 'Undefined variable $categorias', 'C:\\xampp\\htdocs\\Proyecto_Centurion_Esteban\\app\\Views\\contenido\\Gestion_producto\\alta_producto.php', 53)
 2 SYSTEMPATH\View\View.php(228): include('C:\\xampp\\htdocs\\Proyecto_Centurion_Esteban\\app\\Views\\contenido\\Gestion_producto\\alta_producto.php')
 3 SYSTEMPATH\View\View.php(231): CodeIgniter\View\View->CodeIgniter\View\{closure}()
 4 SYSTEMPATH\Common.php(1178): CodeIgniter\View\View->render('contenido/Gestion_producto/alta_producto', [], true)
 5 APPPATH\Controllers\Home.php(34): view('contenido/Gestion_producto/alta_producto')
 6 SYSTEMPATH\CodeIgniter.php(943): App\Controllers\Home->alta_producto()
 7 SYSTEMPATH\CodeIgniter.php(503): CodeIgniter\CodeIgniter->runController(Object(App\Controllers\Home))
 8 SYSTEMPATH\CodeIgniter.php(361): CodeIgniter\CodeIgniter->handleRequest(null, Object(Config\Cache), false)
 9 FCPATH\index.php(84): CodeIgniter\CodeIgniter->run()
CRITICAL - 2024-06-12 21:36:27 --> ErrorException: Undefined variable $categoria
in APPPATH\Views\contenido\Gestion_producto\alta_producto.php on line 53.
 1 APPPATH\Views\contenido\Gestion_producto\alta_producto.php(53): CodeIgniter\Debug\Exceptions->errorHandler(2, 'Undefined variable $categoria', 'C:\\xampp\\htdocs\\Proyecto_Centurion_Esteban\\app\\Views\\contenido\\Gestion_producto\\alta_producto.php', 53)
 2 SYSTEMPATH\View\View.php(228): include('C:\\xampp\\htdocs\\Proyecto_Centurion_Esteban\\app\\Views\\contenido\\Gestion_producto\\alta_producto.php')
 3 SYSTEMPATH\View\View.php(231): CodeIgniter\View\View->CodeIgniter\View\{closure}()
 4 SYSTEMPATH\Common.php(1178): CodeIgniter\View\View->render('contenido/Gestion_producto/alta_producto', [], true)
 5 APPPATH\Controllers\Home.php(34): view('contenido/Gestion_producto/alta_producto')
 6 SYSTEMPATH\CodeIgniter.php(943): App\Controllers\Home->alta_producto()
 7 SYSTEMPATH\CodeIgniter.php(503): CodeIgniter\CodeIgniter->runController(Object(App\Controllers\Home))
 8 SYSTEMPATH\CodeIgniter.php(361): CodeIgniter\CodeIgniter->handleRequest(null, Object(Config\Cache), false)
 9 FCPATH\index.php(84): CodeIgniter\CodeIgniter->run()
CRITICAL - 2024-06-12 21:36:30 --> ErrorException: Undefined variable $categoria
in APPPATH\Views\contenido\Gestion_producto\alta_producto.php on line 53.
 1 APPPATH\Views\contenido\Gestion_producto\alta_producto.php(53): CodeIgniter\Debug\Exceptions->errorHandler(2, 'Undefined variable $categoria', 'C:\\xampp\\htdocs\\Proyecto_Centurion_Esteban\\app\\Views\\contenido\\Gestion_producto\\alta_producto.php', 53)
 2 SYSTEMPATH\View\View.php(228): include('C:\\xampp\\htdocs\\Proyecto_Centurion_Esteban\\app\\Views\\contenido\\Gestion_producto\\alta_producto.php')
 3 SYSTEMPATH\View\View.php(231): CodeIgniter\View\View->CodeIgniter\View\{closure}()
 4 SYSTEMPATH\Common.php(1178): CodeIgniter\View\View->render('contenido/Gestion_producto/alta_producto', [], true)
 5 APPPATH\Controllers\Home.php(34): view('contenido/Gestion_producto/alta_producto')
 6 SYSTEMPATH\CodeIgniter.php(943): App\Controllers\Home->alta_producto()
 7 SYSTEMPATH\CodeIgniter.php(503): CodeIgniter\CodeIgniter->runController(Object(App\Controllers\Home))
 8 SYSTEMPATH\CodeIgniter.php(361): CodeIgniter\CodeIgniter->handleRequest(null, Object(Config\Cache), false)
 9 FCPATH\index.php(84): CodeIgniter\CodeIgniter->run()
CRITICAL - 2024-06-12 22:27:52 --> ErrorException: Undefined variable $categoria
in APPPATH\Views\contenido\Gestion_producto\alta_producto.php on line 53.
 1 APPPATH\Views\contenido\Gestion_producto\alta_producto.php(53): CodeIgniter\Debug\Exceptions->errorHandler(2, 'Undefined variable $categoria', 'C:\\xampp\\htdocs\\Proyecto_Centurion_Esteban\\app\\Views\\contenido\\Gestion_producto\\alta_producto.php', 53)
 2 SYSTEMPATH\View\View.php(228): include('C:\\xampp\\htdocs\\Proyecto_Centurion_Esteban\\app\\Views\\contenido\\Gestion_producto\\alta_producto.php')
 3 SYSTEMPATH\View\View.php(231): CodeIgniter\View\View->CodeIgniter\View\{closure}()
 4 SYSTEMPATH\Common.php(1178): CodeIgniter\View\View->render('contenido/Gestion_producto/alta_producto', [], true)
 5 APPPATH\Controllers\Home.php(34): view('contenido/Gestion_producto/alta_producto')
 6 SYSTEMPATH\CodeIgniter.php(943): App\Controllers\Home->alta_producto()
 7 SYSTEMPATH\CodeIgniter.php(503): CodeIgniter\CodeIgniter->runController(Object(App\Controllers\Home))
 8 SYSTEMPATH\CodeIgniter.php(361): CodeIgniter\CodeIgniter->handleRequest(null, Object(Config\Cache), false)
 9 FCPATH\index.php(84): CodeIgniter\CodeIgniter->run()
CRITICAL - 2024-06-12 22:29:09 --> ErrorException: Undefined variable $categoria
in APPPATH\Views\contenido\Gestion_producto\alta_producto.php on line 53.
 1 APPPATH\Views\contenido\Gestion_producto\alta_producto.php(53): CodeIgniter\Debug\Exceptions->errorHandler(2, 'Undefined variable $categoria', 'C:\\xampp\\htdocs\\Proyecto_Centurion_Esteban\\app\\Views\\contenido\\Gestion_producto\\alta_producto.php', 53)
 2 SYSTEMPATH\View\View.php(228): include('C:\\xampp\\htdocs\\Proyecto_Centurion_Esteban\\app\\Views\\contenido\\Gestion_producto\\alta_producto.php')
 3 SYSTEMPATH\View\View.php(231): CodeIgniter\View\View->CodeIgniter\View\{closure}()
 4 SYSTEMPATH\Common.php(1178): CodeIgniter\View\View->render('contenido/Gestion_producto/alta_producto', [], true)
 5 APPPATH\Controllers\Home.php(34): view('contenido/Gestion_producto/alta_producto')
 6 SYSTEMPATH\CodeIgniter.php(943): App\Controllers\Home->alta_producto()
 7 SYSTEMPATH\CodeIgniter.php(503): CodeIgniter\CodeIgniter->runController(Object(App\Controllers\Home))
 8 SYSTEMPATH\CodeIgniter.php(361): CodeIgniter\CodeIgniter->handleRequest(null, Object(Config\Cache), false)
 9 FCPATH\index.php(84): CodeIgniter\CodeIgniter->run()
CRITICAL - 2024-06-12 22:29:11 --> ErrorException: Undefined variable $categoria
in APPPATH\Views\contenido\Gestion_producto\alta_producto.php on line 53.
 1 APPPATH\Views\contenido\Gestion_producto\alta_producto.php(53): CodeIgniter\Debug\Exceptions->errorHandler(2, 'Undefined variable $categoria', 'C:\\xampp\\htdocs\\Proyecto_Centurion_Esteban\\app\\Views\\contenido\\Gestion_producto\\alta_producto.php', 53)
 2 SYSTEMPATH\View\View.php(228): include('C:\\xampp\\htdocs\\Proyecto_Centurion_Esteban\\app\\Views\\contenido\\Gestion_producto\\alta_producto.php')
 3 SYSTEMPATH\View\View.php(231): CodeIgniter\View\View->CodeIgniter\View\{closure}()
 4 SYSTEMPATH\Common.php(1178): CodeIgniter\View\View->render('contenido/Gestion_producto/alta_producto', [], true)
 5 APPPATH\Controllers\Home.php(34): view('contenido/Gestion_producto/alta_producto')
 6 SYSTEMPATH\CodeIgniter.php(943): App\Controllers\Home->alta_producto()
 7 SYSTEMPATH\CodeIgniter.php(503): CodeIgniter\CodeIgniter->runController(Object(App\Controllers\Home))
 8 SYSTEMPATH\CodeIgniter.php(361): CodeIgniter\CodeIgniter->handleRequest(null, Object(Config\Cache), false)
 9 FCPATH\index.php(84): CodeIgniter\CodeIgniter->run()
CRITICAL - 2024-06-12 22:37:01 --> ErrorException: Undefined variable $categorias
in APPPATH\Views\contenido\Gestion_producto\alta_producto.php on line 53.
 1 APPPATH\Views\contenido\Gestion_producto\alta_producto.php(53): CodeIgniter\Debug\Exceptions->errorHandler(2, 'Undefined variable $categorias', 'C:\\xampp\\htdocs\\Proyecto_Centurion_Esteban\\app\\Views\\contenido\\Gestion_producto\\alta_producto.php', 53)
 2 SYSTEMPATH\View\View.php(228): include('C:\\xampp\\htdocs\\Proyecto_Centurion_Esteban\\app\\Views\\contenido\\Gestion_producto\\alta_producto.php')
 3 SYSTEMPATH\View\View.php(231): CodeIgniter\View\View->CodeIgniter\View\{closure}()
 4 SYSTEMPATH\Common.php(1178): CodeIgniter\View\View->render('contenido/Gestion_producto/alta_producto', [], true)
 5 APPPATH\Controllers\Home.php(34): view('contenido/Gestion_producto/alta_producto')
 6 SYSTEMPATH\CodeIgniter.php(943): App\Controllers\Home->alta_producto()
 7 SYSTEMPATH\CodeIgniter.php(503): CodeIgniter\CodeIgniter->runController(Object(App\Controllers\Home))
 8 SYSTEMPATH\CodeIgniter.php(361): CodeIgniter\CodeIgniter->handleRequest(null, Object(Config\Cache), false)
 9 FCPATH\index.php(84): CodeIgniter\CodeIgniter->run()
CRITICAL - 2024-06-12 22:37:03 --> ErrorException: Undefined variable $categorias
in APPPATH\Views\contenido\Gestion_producto\alta_producto.php on line 53.
 1 APPPATH\Views\contenido\Gestion_producto\alta_producto.php(53): CodeIgniter\Debug\Exceptions->errorHandler(2, 'Undefined variable $categorias', 'C:\\xampp\\htdocs\\Proyecto_Centurion_Esteban\\app\\Views\\contenido\\Gestion_producto\\alta_producto.php', 53)
 2 SYSTEMPATH\View\View.php(228): include('C:\\xampp\\htdocs\\Proyecto_Centurion_Esteban\\app\\Views\\contenido\\Gestion_producto\\alta_producto.php')
 3 SYSTEMPATH\View\View.php(231): CodeIgniter\View\View->CodeIgniter\View\{closure}()
 4 SYSTEMPATH\Common.php(1178): CodeIgniter\View\View->render('contenido/Gestion_producto/alta_producto', [], true)
 5 APPPATH\Controllers\Home.php(34): view('contenido/Gestion_producto/alta_producto')
 6 SYSTEMPATH\CodeIgniter.php(943): App\Controllers\Home->alta_producto()
 7 SYSTEMPATH\CodeIgniter.php(503): CodeIgniter\CodeIgniter->runController(Object(App\Controllers\Home))
 8 SYSTEMPATH\CodeIgniter.php(361): CodeIgniter\CodeIgniter->handleRequest(null, Object(Config\Cache), false)
 9 FCPATH\index.php(84): CodeIgniter\CodeIgniter->run()
CRITICAL - 2024-06-12 22:37:05 --> ErrorException: Undefined variable $categorias
in APPPATH\Views\contenido\Gestion_producto\alta_producto.php on line 53.
 1 APPPATH\Views\contenido\Gestion_producto\alta_producto.php(53): CodeIgniter\Debug\Exceptions->errorHandler(2, 'Undefined variable $categorias', 'C:\\xampp\\htdocs\\Proyecto_Centurion_Esteban\\app\\Views\\contenido\\Gestion_producto\\alta_producto.php', 53)
 2 SYSTEMPATH\View\View.php(228): include('C:\\xampp\\htdocs\\Proyecto_Centurion_Esteban\\app\\Views\\contenido\\Gestion_producto\\alta_producto.php')
 3 SYSTEMPATH\View\View.php(231): CodeIgniter\View\View->CodeIgniter\View\{closure}()
 4 SYSTEMPATH\Common.php(1178): CodeIgniter\View\View->render('contenido/Gestion_producto/alta_producto', [], true)
 5 APPPATH\Controllers\Home.php(34): view('contenido/Gestion_producto/alta_producto')
 6 SYSTEMPATH\CodeIgniter.php(943): App\Controllers\Home->alta_producto()
 7 SYSTEMPATH\CodeIgniter.php(503): CodeIgniter\CodeIgniter->runController(Object(App\Controllers\Home))
 8 SYSTEMPATH\CodeIgniter.php(361): CodeIgniter\CodeIgniter->handleRequest(null, Object(Config\Cache), false)
 9 FCPATH\index.php(84): CodeIgniter\CodeIgniter->run()
CRITICAL - 2024-06-12 22:37:08 --> ErrorException: Undefined variable $categorias
in APPPATH\Views\contenido\Gestion_producto\alta_producto.php on line 53.
 1 APPPATH\Views\contenido\Gestion_producto\alta_producto.php(53): CodeIgniter\Debug\Exceptions->errorHandler(2, 'Undefined variable $categorias', 'C:\\xampp\\htdocs\\Proyecto_Centurion_Esteban\\app\\Views\\contenido\\Gestion_producto\\alta_producto.php', 53)
 2 SYSTEMPATH\View\View.php(228): include('C:\\xampp\\htdocs\\Proyecto_Centurion_Esteban\\app\\Views\\contenido\\Gestion_producto\\alta_producto.php')
 3 SYSTEMPATH\View\View.php(231): CodeIgniter\View\View->CodeIgniter\View\{closure}()
 4 SYSTEMPATH\Common.php(1178): CodeIgniter\View\View->render('contenido/Gestion_producto/alta_producto', [], true)
 5 APPPATH\Controllers\Home.php(34): view('contenido/Gestion_producto/alta_producto')
 6 SYSTEMPATH\CodeIgniter.php(943): App\Controllers\Home->alta_producto()
 7 SYSTEMPATH\CodeIgniter.php(503): CodeIgniter\CodeIgniter->runController(Object(App\Controllers\Home))
 8 SYSTEMPATH\CodeIgniter.php(361): CodeIgniter\CodeIgniter->handleRequest(null, Object(Config\Cache), false)
 9 FCPATH\index.php(84): CodeIgniter\CodeIgniter->run()
CRITICAL - 2024-06-12 22:47:49 --> ErrorException: Undefined variable $categorias
in APPPATH\Views\contenido\Gestion_producto\alta_producto.php on line 53.
 1 APPPATH\Views\contenido\Gestion_producto\alta_producto.php(53): CodeIgniter\Debug\Exceptions->errorHandler(2, 'Undefined variable $categorias', 'C:\\xampp\\htdocs\\Proyecto_Centurion_Esteban\\app\\Views\\contenido\\Gestion_producto\\alta_producto.php', 53)
 2 SYSTEMPATH\View\View.php(228): include('C:\\xampp\\htdocs\\Proyecto_Centurion_Esteban\\app\\Views\\contenido\\Gestion_producto\\alta_producto.php')
 3 SYSTEMPATH\View\View.php(231): CodeIgniter\View\View->CodeIgniter\View\{closure}()
 4 SYSTEMPATH\Common.php(1178): CodeIgniter\View\View->render('contenido/Gestion_producto/alta_producto', [], true)
 5 APPPATH\Controllers\Home.php(34): view('contenido/Gestion_producto/alta_producto')
 6 SYSTEMPATH\CodeIgniter.php(943): App\Controllers\Home->alta_producto()
 7 SYSTEMPATH\CodeIgniter.php(503): CodeIgniter\CodeIgniter->runController(Object(App\Controllers\Home))
 8 SYSTEMPATH\CodeIgniter.php(361): CodeIgniter\CodeIgniter->handleRequest(null, Object(Config\Cache), false)
 9 FCPATH\index.php(84): CodeIgniter\CodeIgniter->run()
CRITICAL - 2024-06-12 23:00:24 --> ErrorException: Undefined variable $categorias
in APPPATH\Views\contenido\Gestion_producto\alta_producto.php on line 53.
 1 APPPATH\Views\contenido\Gestion_producto\alta_producto.php(53): CodeIgniter\Debug\Exceptions->errorHandler(2, 'Undefined variable $categorias', 'C:\\xampp\\htdocs\\Proyecto_Centurion_Esteban\\app\\Views\\contenido\\Gestion_producto\\alta_producto.php', 53)
 2 SYSTEMPATH\View\View.php(228): include('C:\\xampp\\htdocs\\Proyecto_Centurion_Esteban\\app\\Views\\contenido\\Gestion_producto\\alta_producto.php')
 3 SYSTEMPATH\View\View.php(231): CodeIgniter\View\View->CodeIgniter\View\{closure}()
 4 SYSTEMPATH\Common.php(1178): CodeIgniter\View\View->render('contenido/Gestion_producto/alta_producto', [], true)
 5 APPPATH\Controllers\Home.php(34): view('contenido/Gestion_producto/alta_producto')
 6 SYSTEMPATH\CodeIgniter.php(943): App\Controllers\Home->alta_producto()
 7 SYSTEMPATH\CodeIgniter.php(503): CodeIgniter\CodeIgniter->runController(Object(App\Controllers\Home))
 8 SYSTEMPATH\CodeIgniter.php(361): CodeIgniter\CodeIgniter->handleRequest(null, Object(Config\Cache), false)
 9 FCPATH\index.php(84): CodeIgniter\CodeIgniter->run()
CRITICAL - 2024-06-12 23:00:48 --> ErrorException: Undefined variable $categorias
in APPPATH\Views\contenido\Gestion_producto\alta_producto.php on line 53.
 1 APPPATH\Views\contenido\Gestion_producto\alta_producto.php(53): CodeIgniter\Debug\Exceptions->errorHandler(2, 'Undefined variable $categorias', 'C:\\xampp\\htdocs\\Proyecto_Centurion_Esteban\\app\\Views\\contenido\\Gestion_producto\\alta_producto.php', 53)
 2 SYSTEMPATH\View\View.php(228): include('C:\\xampp\\htdocs\\Proyecto_Centurion_Esteban\\app\\Views\\contenido\\Gestion_producto\\alta_producto.php')
 3 SYSTEMPATH\View\View.php(231): CodeIgniter\View\View->CodeIgniter\View\{closure}()
 4 SYSTEMPATH\Common.php(1178): CodeIgniter\View\View->render('contenido/Gestion_producto/alta_producto', [], true)
 5 APPPATH\Controllers\Home.php(34): view('contenido/Gestion_producto/alta_producto')
 6 SYSTEMPATH\CodeIgniter.php(943): App\Controllers\Home->alta_producto()
 7 SYSTEMPATH\CodeIgniter.php(503): CodeIgniter\CodeIgniter->runController(Object(App\Controllers\Home))
 8 SYSTEMPATH\CodeIgniter.php(361): CodeIgniter\CodeIgniter->handleRequest(null, Object(Config\Cache), false)
 9 FCPATH\index.php(84): CodeIgniter\CodeIgniter->run()
CRITICAL - 2024-06-12 23:00:50 --> ErrorException: Undefined variable $categorias
in APPPATH\Views\contenido\Gestion_producto\alta_producto.php on line 53.
 1 APPPATH\Views\contenido\Gestion_producto\alta_producto.php(53): CodeIgniter\Debug\Exceptions->errorHandler(2, 'Undefined variable $categorias', 'C:\\xampp\\htdocs\\Proyecto_Centurion_Esteban\\app\\Views\\contenido\\Gestion_producto\\alta_producto.php', 53)
 2 SYSTEMPATH\View\View.php(228): include('C:\\xampp\\htdocs\\Proyecto_Centurion_Esteban\\app\\Views\\contenido\\Gestion_producto\\alta_producto.php')
 3 SYSTEMPATH\View\View.php(231): CodeIgniter\View\View->CodeIgniter\View\{closure}()
 4 SYSTEMPATH\Common.php(1178): CodeIgniter\View\View->render('contenido/Gestion_producto/alta_producto', [], true)
 5 APPPATH\Controllers\Home.php(34): view('contenido/Gestion_producto/alta_producto')
 6 SYSTEMPATH\CodeIgniter.php(943): App\Controllers\Home->alta_producto()
 7 SYSTEMPATH\CodeIgniter.php(503): CodeIgniter\CodeIgniter->runController(Object(App\Controllers\Home))
 8 SYSTEMPATH\CodeIgniter.php(361): CodeIgniter\CodeIgniter->handleRequest(null, Object(Config\Cache), false)
 9 FCPATH\index.php(84): CodeIgniter\CodeIgniter->run()
CRITICAL - 2024-06-12 23:00:50 --> ErrorException: Undefined variable $categorias
in APPPATH\Views\contenido\Gestion_producto\alta_producto.php on line 53.
 1 APPPATH\Views\contenido\Gestion_producto\alta_producto.php(53): CodeIgniter\Debug\Exceptions->errorHandler(2, 'Undefined variable $categorias', 'C:\\xampp\\htdocs\\Proyecto_Centurion_Esteban\\app\\Views\\contenido\\Gestion_producto\\alta_producto.php', 53)
 2 SYSTEMPATH\View\View.php(228): include('C:\\xampp\\htdocs\\Proyecto_Centurion_Esteban\\app\\Views\\contenido\\Gestion_producto\\alta_producto.php')
 3 SYSTEMPATH\View\View.php(231): CodeIgniter\View\View->CodeIgniter\View\{closure}()
 4 SYSTEMPATH\Common.php(1178): CodeIgniter\View\View->render('contenido/Gestion_producto/alta_producto', [], true)
 5 APPPATH\Controllers\Home.php(34): view('contenido/Gestion_producto/alta_producto')
 6 SYSTEMPATH\CodeIgniter.php(943): App\Controllers\Home->alta_producto()
 7 SYSTEMPATH\CodeIgniter.php(503): CodeIgniter\CodeIgniter->runController(Object(App\Controllers\Home))
 8 SYSTEMPATH\CodeIgniter.php(361): CodeIgniter\CodeIgniter->handleRequest(null, Object(Config\Cache), false)
 9 FCPATH\index.php(84): CodeIgniter\CodeIgniter->run()
CRITICAL - 2024-06-12 23:00:50 --> ErrorException: Undefined variable $categorias
in APPPATH\Views\contenido\Gestion_producto\alta_producto.php on line 53.
 1 APPPATH\Views\contenido\Gestion_producto\alta_producto.php(53): CodeIgniter\Debug\Exceptions->errorHandler(2, 'Undefined variable $categorias', 'C:\\xampp\\htdocs\\Proyecto_Centurion_Esteban\\app\\Views\\contenido\\Gestion_producto\\alta_producto.php', 53)
 2 SYSTEMPATH\View\View.php(228): include('C:\\xampp\\htdocs\\Proyecto_Centurion_Esteban\\app\\Views\\contenido\\Gestion_producto\\alta_producto.php')
 3 SYSTEMPATH\View\View.php(231): CodeIgniter\View\View->CodeIgniter\View\{closure}()
 4 SYSTEMPATH\Common.php(1178): CodeIgniter\View\View->render('contenido/Gestion_producto/alta_producto', [], true)
 5 APPPATH\Controllers\Home.php(34): view('contenido/Gestion_producto/alta_producto')
 6 SYSTEMPATH\CodeIgniter.php(943): App\Controllers\Home->alta_producto()
 7 SYSTEMPATH\CodeIgniter.php(503): CodeIgniter\CodeIgniter->runController(Object(App\Controllers\Home))
 8 SYSTEMPATH\CodeIgniter.php(361): CodeIgniter\CodeIgniter->handleRequest(null, Object(Config\Cache), false)
 9 FCPATH\index.php(84): CodeIgniter\CodeIgniter->run()
CRITICAL - 2024-06-12 23:00:50 --> ErrorException: Undefined variable $categorias
in APPPATH\Views\contenido\Gestion_producto\alta_producto.php on line 53.
 1 APPPATH\Views\contenido\Gestion_producto\alta_producto.php(53): CodeIgniter\Debug\Exceptions->errorHandler(2, 'Undefined variable $categorias', 'C:\\xampp\\htdocs\\Proyecto_Centurion_Esteban\\app\\Views\\contenido\\Gestion_producto\\alta_producto.php', 53)
 2 SYSTEMPATH\View\View.php(228): include('C:\\xampp\\htdocs\\Proyecto_Centurion_Esteban\\app\\Views\\contenido\\Gestion_producto\\alta_producto.php')
 3 SYSTEMPATH\View\View.php(231): CodeIgniter\View\View->CodeIgniter\View\{closure}()
 4 SYSTEMPATH\Common.php(1178): CodeIgniter\View\View->render('contenido/Gestion_producto/alta_producto', [], true)
 5 APPPATH\Controllers\Home.php(34): view('contenido/Gestion_producto/alta_producto')
 6 SYSTEMPATH\CodeIgniter.php(943): App\Controllers\Home->alta_producto()
 7 SYSTEMPATH\CodeIgniter.php(503): CodeIgniter\CodeIgniter->runController(Object(App\Controllers\Home))
 8 SYSTEMPATH\CodeIgniter.php(361): CodeIgniter\CodeIgniter->handleRequest(null, Object(Config\Cache), false)
 9 FCPATH\index.php(84): CodeIgniter\CodeIgniter->run()
CRITICAL - 2024-06-12 23:00:52 --> ErrorException: Undefined variable $categorias
in APPPATH\Views\contenido\Gestion_producto\alta_producto.php on line 53.
 1 APPPATH\Views\contenido\Gestion_producto\alta_producto.php(53): CodeIgniter\Debug\Exceptions->errorHandler(2, 'Undefined variable $categorias', 'C:\\xampp\\htdocs\\Proyecto_Centurion_Esteban\\app\\Views\\contenido\\Gestion_producto\\alta_producto.php', 53)
 2 SYSTEMPATH\View\View.php(228): include('C:\\xampp\\htdocs\\Proyecto_Centurion_Esteban\\app\\Views\\contenido\\Gestion_producto\\alta_producto.php')
 3 SYSTEMPATH\View\View.php(231): CodeIgniter\View\View->CodeIgniter\View\{closure}()
 4 SYSTEMPATH\Common.php(1178): CodeIgniter\View\View->render('contenido/Gestion_producto/alta_producto', [], true)
 5 APPPATH\Controllers\Home.php(34): view('contenido/Gestion_producto/alta_producto')
 6 SYSTEMPATH\CodeIgniter.php(943): App\Controllers\Home->alta_producto()
 7 SYSTEMPATH\CodeIgniter.php(503): CodeIgniter\CodeIgniter->runController(Object(App\Controllers\Home))
 8 SYSTEMPATH\CodeIgniter.php(361): CodeIgniter\CodeIgniter->handleRequest(null, Object(Config\Cache), false)
 9 FCPATH\index.php(84): CodeIgniter\CodeIgniter->run()
CRITICAL - 2024-06-12 23:00:55 --> ErrorException: Undefined variable $categorias
in APPPATH\Views\contenido\Gestion_producto\alta_producto.php on line 53.
 1 APPPATH\Views\contenido\Gestion_producto\alta_producto.php(53): CodeIgniter\Debug\Exceptions->errorHandler(2, 'Undefined variable $categorias', 'C:\\xampp\\htdocs\\Proyecto_Centurion_Esteban\\app\\Views\\contenido\\Gestion_producto\\alta_producto.php', 53)
 2 SYSTEMPATH\View\View.php(228): include('C:\\xampp\\htdocs\\Proyecto_Centurion_Esteban\\app\\Views\\contenido\\Gestion_producto\\alta_producto.php')
 3 SYSTEMPATH\View\View.php(231): CodeIgniter\View\View->CodeIgniter\View\{closure}()
 4 SYSTEMPATH\Common.php(1178): CodeIgniter\View\View->render('contenido/Gestion_producto/alta_producto', [], true)
 5 APPPATH\Controllers\Home.php(34): view('contenido/Gestion_producto/alta_producto')
 6 SYSTEMPATH\CodeIgniter.php(943): App\Controllers\Home->alta_producto()
 7 SYSTEMPATH\CodeIgniter.php(503): CodeIgniter\CodeIgniter->runController(Object(App\Controllers\Home))
 8 SYSTEMPATH\CodeIgniter.php(361): CodeIgniter\CodeIgniter->handleRequest(null, Object(Config\Cache), false)
 9 FCPATH\index.php(84): CodeIgniter\CodeIgniter->run()
CRITICAL - 2024-06-12 23:17:57 --> ErrorException: Undefined variable $categorias
in APPPATH\Views\contenido\Gestion_producto\alta_producto.php on line 53.
 1 APPPATH\Views\contenido\Gestion_producto\alta_producto.php(53): CodeIgniter\Debug\Exceptions->errorHandler(2, 'Undefined variable $categorias', 'C:\\xampp\\htdocs\\Proyecto_Centurion_Esteban\\app\\Views\\contenido\\Gestion_producto\\alta_producto.php', 53)
 2 SYSTEMPATH\View\View.php(228): include('C:\\xampp\\htdocs\\Proyecto_Centurion_Esteban\\app\\Views\\contenido\\Gestion_producto\\alta_producto.php')
 3 SYSTEMPATH\View\View.php(231): CodeIgniter\View\View->CodeIgniter\View\{closure}()
 4 SYSTEMPATH\Common.php(1178): CodeIgniter\View\View->render('contenido/Gestion_producto/alta_producto', [], true)
 5 APPPATH\Controllers\Home.php(34): view('contenido/Gestion_producto/alta_producto')
 6 SYSTEMPATH\CodeIgniter.php(943): App\Controllers\Home->alta_producto()
 7 SYSTEMPATH\CodeIgniter.php(503): CodeIgniter\CodeIgniter->runController(Object(App\Controllers\Home))
 8 SYSTEMPATH\CodeIgniter.php(361): CodeIgniter\CodeIgniter->handleRequest(null, Object(Config\Cache), false)
 9 FCPATH\index.php(84): CodeIgniter\CodeIgniter->run()
CRITICAL - 2024-06-12 23:17:59 --> ErrorException: Undefined variable $categorias
in APPPATH\Views\contenido\Gestion_producto\alta_producto.php on line 53.
 1 APPPATH\Views\contenido\Gestion_producto\alta_producto.php(53): CodeIgniter\Debug\Exceptions->errorHandler(2, 'Undefined variable $categorias', 'C:\\xampp\\htdocs\\Proyecto_Centurion_Esteban\\app\\Views\\contenido\\Gestion_producto\\alta_producto.php', 53)
 2 SYSTEMPATH\View\View.php(228): include('C:\\xampp\\htdocs\\Proyecto_Centurion_Esteban\\app\\Views\\contenido\\Gestion_producto\\alta_producto.php')
 3 SYSTEMPATH\View\View.php(231): CodeIgniter\View\View->CodeIgniter\View\{closure}()
 4 SYSTEMPATH\Common.php(1178): CodeIgniter\View\View->render('contenido/Gestion_producto/alta_producto', [], true)
 5 APPPATH\Controllers\Home.php(34): view('contenido/Gestion_producto/alta_producto')
 6 SYSTEMPATH\CodeIgniter.php(943): App\Controllers\Home->alta_producto()
 7 SYSTEMPATH\CodeIgniter.php(503): CodeIgniter\CodeIgniter->runController(Object(App\Controllers\Home))
 8 SYSTEMPATH\CodeIgniter.php(361): CodeIgniter\CodeIgniter->handleRequest(null, Object(Config\Cache), false)
 9 FCPATH\index.php(84): CodeIgniter\CodeIgniter->run()
CRITICAL - 2024-06-12 23:18:03 --> ErrorException: Undefined variable $categorias
in APPPATH\Views\contenido\Gestion_producto\alta_producto.php on line 53.
 1 APPPATH\Views\contenido\Gestion_producto\alta_producto.php(53): CodeIgniter\Debug\Exceptions->errorHandler(2, 'Undefined variable $categorias', 'C:\\xampp\\htdocs\\Proyecto_Centurion_Esteban\\app\\Views\\contenido\\Gestion_producto\\alta_producto.php', 53)
 2 SYSTEMPATH\View\View.php(228): include('C:\\xampp\\htdocs\\Proyecto_Centurion_Esteban\\app\\Views\\contenido\\Gestion_producto\\alta_producto.php')
 3 SYSTEMPATH\View\View.php(231): CodeIgniter\View\View->CodeIgniter\View\{closure}()
 4 SYSTEMPATH\Common.php(1178): CodeIgniter\View\View->render('contenido/Gestion_producto/alta_producto', [], true)
 5 APPPATH\Controllers\Home.php(34): view('contenido/Gestion_producto/alta_producto')
 6 SYSTEMPATH\CodeIgniter.php(943): App\Controllers\Home->alta_producto()
 7 SYSTEMPATH\CodeIgniter.php(503): CodeIgniter\CodeIgniter->runController(Object(App\Controllers\Home))
 8 SYSTEMPATH\CodeIgniter.php(361): CodeIgniter\CodeIgniter->handleRequest(null, Object(Config\Cache), false)
 9 FCPATH\index.php(84): CodeIgniter\CodeIgniter->run()
CRITICAL - 2024-06-12 23:18:25 --> ErrorException: Undefined variable $categorias
in APPPATH\Views\contenido\Gestion_producto\alta_producto.php on line 53.
 1 APPPATH\Views\contenido\Gestion_producto\alta_producto.php(53): CodeIgniter\Debug\Exceptions->errorHandler(2, 'Undefined variable $categorias', 'C:\\xampp\\htdocs\\Proyecto_Centurion_Esteban\\app\\Views\\contenido\\Gestion_producto\\alta_producto.php', 53)
 2 SYSTEMPATH\View\View.php(228): include('C:\\xampp\\htdocs\\Proyecto_Centurion_Esteban\\app\\Views\\contenido\\Gestion_producto\\alta_producto.php')
 3 SYSTEMPATH\View\View.php(231): CodeIgniter\View\View->CodeIgniter\View\{closure}()
 4 SYSTEMPATH\Common.php(1178): CodeIgniter\View\View->render('contenido/Gestion_producto/alta_producto', [], true)
 5 APPPATH\Controllers\Home.php(34): view('contenido/Gestion_producto/alta_producto')
 6 SYSTEMPATH\CodeIgniter.php(943): App\Controllers\Home->alta_producto()
 7 SYSTEMPATH\CodeIgniter.php(503): CodeIgniter\CodeIgniter->runController(Object(App\Controllers\Home))
 8 SYSTEMPATH\CodeIgniter.php(361): CodeIgniter\CodeIgniter->handleRequest(null, Object(Config\Cache), false)
 9 FCPATH\index.php(84): CodeIgniter\CodeIgniter->run()
CRITICAL - 2024-06-12 23:18:27 --> ErrorException: Undefined variable $categorias
in APPPATH\Views\contenido\Gestion_producto\alta_producto.php on line 53.
 1 APPPATH\Views\contenido\Gestion_producto\alta_producto.php(53): CodeIgniter\Debug\Exceptions->errorHandler(2, 'Undefined variable $categorias', 'C:\\xampp\\htdocs\\Proyecto_Centurion_Esteban\\app\\Views\\contenido\\Gestion_producto\\alta_producto.php', 53)
 2 SYSTEMPATH\View\View.php(228): include('C:\\xampp\\htdocs\\Proyecto_Centurion_Esteban\\app\\Views\\contenido\\Gestion_producto\\alta_producto.php')
 3 SYSTEMPATH\View\View.php(231): CodeIgniter\View\View->CodeIgniter\View\{closure}()
 4 SYSTEMPATH\Common.php(1178): CodeIgniter\View\View->render('contenido/Gestion_producto/alta_producto', [], true)
 5 APPPATH\Controllers\Home.php(34): view('contenido/Gestion_producto/alta_producto')
 6 SYSTEMPATH\CodeIgniter.php(943): App\Controllers\Home->alta_producto()
 7 SYSTEMPATH\CodeIgniter.php(503): CodeIgniter\CodeIgniter->runController(Object(App\Controllers\Home))
 8 SYSTEMPATH\CodeIgniter.php(361): CodeIgniter\CodeIgniter->handleRequest(null, Object(Config\Cache), false)
 9 FCPATH\index.php(84): CodeIgniter\CodeIgniter->run()
CRITICAL - 2024-06-12 23:31:34 --> ErrorException: Undefined variable $categorias
in APPPATH\Views\contenido\Gestion_producto\alta_producto.php on line 53.
 1 APPPATH\Views\contenido\Gestion_producto\alta_producto.php(53): CodeIgniter\Debug\Exceptions->errorHandler(2, 'Undefined variable $categorias', 'C:\\xampp\\htdocs\\Proyecto_Centurion_Esteban\\app\\Views\\contenido\\Gestion_producto\\alta_producto.php', 53)
 2 SYSTEMPATH\View\View.php(228): include('C:\\xampp\\htdocs\\Proyecto_Centurion_Esteban\\app\\Views\\contenido\\Gestion_producto\\alta_producto.php')
 3 SYSTEMPATH\View\View.php(231): CodeIgniter\View\View->CodeIgniter\View\{closure}()
 4 SYSTEMPATH\Common.php(1178): CodeIgniter\View\View->render('contenido/Gestion_producto/alta_producto', [], true)
 5 APPPATH\Controllers\Home.php(34): view('contenido/Gestion_producto/alta_producto')
 6 SYSTEMPATH\CodeIgniter.php(943): App\Controllers\Home->alta_producto()
 7 SYSTEMPATH\CodeIgniter.php(503): CodeIgniter\CodeIgniter->runController(Object(App\Controllers\Home))
 8 SYSTEMPATH\CodeIgniter.php(361): CodeIgniter\CodeIgniter->handleRequest(null, Object(Config\Cache), false)
 9 FCPATH\index.php(84): CodeIgniter\CodeIgniter->run()
CRITICAL - 2024-06-12 23:32:30 --> ErrorException: Undefined variable $categorias
in APPPATH\Views\contenido\Gestion_producto\alta_producto.php on line 53.
 1 APPPATH\Views\contenido\Gestion_producto\alta_producto.php(53): CodeIgniter\Debug\Exceptions->errorHandler(2, 'Undefined variable $categorias', 'C:\\xampp\\htdocs\\Proyecto_Centurion_Esteban\\app\\Views\\contenido\\Gestion_producto\\alta_producto.php', 53)
 2 SYSTEMPATH\View\View.php(228): include('C:\\xampp\\htdocs\\Proyecto_Centurion_Esteban\\app\\Views\\contenido\\Gestion_producto\\alta_producto.php')
 3 SYSTEMPATH\View\View.php(231): CodeIgniter\View\View->CodeIgniter\View\{closure}()
 4 SYSTEMPATH\Common.php(1178): CodeIgniter\View\View->render('contenido/Gestion_producto/alta_producto', [], true)
 5 APPPATH\Controllers\Home.php(34): view('contenido/Gestion_producto/alta_producto')
 6 SYSTEMPATH\CodeIgniter.php(943): App\Controllers\Home->alta_producto()
 7 SYSTEMPATH\CodeIgniter.php(503): CodeIgniter\CodeIgniter->runController(Object(App\Controllers\Home))
 8 SYSTEMPATH\CodeIgniter.php(361): CodeIgniter\CodeIgniter->handleRequest(null, Object(Config\Cache), false)
 9 FCPATH\index.php(84): CodeIgniter\CodeIgniter->run()
CRITICAL - 2024-06-12 23:32:32 --> ErrorException: Undefined variable $categorias
in APPPATH\Views\contenido\Gestion_producto\alta_producto.php on line 53.
 1 APPPATH\Views\contenido\Gestion_producto\alta_producto.php(53): CodeIgniter\Debug\Exceptions->errorHandler(2, 'Undefined variable $categorias', 'C:\\xampp\\htdocs\\Proyecto_Centurion_Esteban\\app\\Views\\contenido\\Gestion_producto\\alta_producto.php', 53)
 2 SYSTEMPATH\View\View.php(228): include('C:\\xampp\\htdocs\\Proyecto_Centurion_Esteban\\app\\Views\\contenido\\Gestion_producto\\alta_producto.php')
 3 SYSTEMPATH\View\View.php(231): CodeIgniter\View\View->CodeIgniter\View\{closure}()
 4 SYSTEMPATH\Common.php(1178): CodeIgniter\View\View->render('contenido/Gestion_producto/alta_producto', [], true)
 5 APPPATH\Controllers\Home.php(34): view('contenido/Gestion_producto/alta_producto')
 6 SYSTEMPATH\CodeIgniter.php(943): App\Controllers\Home->alta_producto()
 7 SYSTEMPATH\CodeIgniter.php(503): CodeIgniter\CodeIgniter->runController(Object(App\Controllers\Home))
 8 SYSTEMPATH\CodeIgniter.php(361): CodeIgniter\CodeIgniter->handleRequest(null, Object(Config\Cache), false)
 9 FCPATH\index.php(84): CodeIgniter\CodeIgniter->run()
CRITICAL - 2024-06-12 23:32:34 --> ErrorException: Undefined variable $categorias
in APPPATH\Views\contenido\Gestion_producto\alta_producto.php on line 53.
 1 APPPATH\Views\contenido\Gestion_producto\alta_producto.php(53): CodeIgniter\Debug\Exceptions->errorHandler(2, 'Undefined variable $categorias', 'C:\\xampp\\htdocs\\Proyecto_Centurion_Esteban\\app\\Views\\contenido\\Gestion_producto\\alta_producto.php', 53)
 2 SYSTEMPATH\View\View.php(228): include('C:\\xampp\\htdocs\\Proyecto_Centurion_Esteban\\app\\Views\\contenido\\Gestion_producto\\alta_producto.php')
 3 SYSTEMPATH\View\View.php(231): CodeIgniter\View\View->CodeIgniter\View\{closure}()
 4 SYSTEMPATH\Common.php(1178): CodeIgniter\View\View->render('contenido/Gestion_producto/alta_producto', [], true)
 5 APPPATH\Controllers\Home.php(34): view('contenido/Gestion_producto/alta_producto')
 6 SYSTEMPATH\CodeIgniter.php(943): App\Controllers\Home->alta_producto()
 7 SYSTEMPATH\CodeIgniter.php(503): CodeIgniter\CodeIgniter->runController(Object(App\Controllers\Home))
 8 SYSTEMPATH\CodeIgniter.php(361): CodeIgniter\CodeIgniter->handleRequest(null, Object(Config\Cache), false)
 9 FCPATH\index.php(84): CodeIgniter\CodeIgniter->run()
CRITICAL - 2024-06-12 23:32:44 --> ErrorException: Undefined variable $categorias
in APPPATH\Views\contenido\Gestion_producto\alta_producto.php on line 53.
 1 APPPATH\Views\contenido\Gestion_producto\alta_producto.php(53): CodeIgniter\Debug\Exceptions->errorHandler(2, 'Undefined variable $categorias', 'C:\\xampp\\htdocs\\Proyecto_Centurion_Esteban\\app\\Views\\contenido\\Gestion_producto\\alta_producto.php', 53)
 2 SYSTEMPATH\View\View.php(228): include('C:\\xampp\\htdocs\\Proyecto_Centurion_Esteban\\app\\Views\\contenido\\Gestion_producto\\alta_producto.php')
 3 SYSTEMPATH\View\View.php(231): CodeIgniter\View\View->CodeIgniter\View\{closure}()
 4 SYSTEMPATH\Common.php(1178): CodeIgniter\View\View->render('contenido/Gestion_producto/alta_producto', [], true)
 5 APPPATH\Controllers\Home.php(34): view('contenido/Gestion_producto/alta_producto')
 6 SYSTEMPATH\CodeIgniter.php(943): App\Controllers\Home->alta_producto()
 7 SYSTEMPATH\CodeIgniter.php(503): CodeIgniter\CodeIgniter->runController(Object(App\Controllers\Home))
 8 SYSTEMPATH\CodeIgniter.php(361): CodeIgniter\CodeIgniter->handleRequest(null, Object(Config\Cache), false)
 9 FCPATH\index.php(84): CodeIgniter\CodeIgniter->run()
CRITICAL - 2024-06-12 23:34:35 --> ErrorException: Undefined variable $categorias
in APPPATH\Views\contenido\Gestion_producto\alta_producto.php on line 53.
 1 APPPATH\Views\contenido\Gestion_producto\alta_producto.php(53): CodeIgniter\Debug\Exceptions->errorHandler(2, 'Undefined variable $categorias', 'C:\\xampp\\htdocs\\Proyecto_Centurion_Esteban\\app\\Views\\contenido\\Gestion_producto\\alta_producto.php', 53)
 2 SYSTEMPATH\View\View.php(228): include('C:\\xampp\\htdocs\\Proyecto_Centurion_Esteban\\app\\Views\\contenido\\Gestion_producto\\alta_producto.php')
 3 SYSTEMPATH\View\View.php(231): CodeIgniter\View\View->CodeIgniter\View\{closure}()
 4 SYSTEMPATH\Common.php(1178): CodeIgniter\View\View->render('contenido/Gestion_producto/alta_producto', [], true)
 5 APPPATH\Controllers\Home.php(34): view('contenido/Gestion_producto/alta_producto')
 6 SYSTEMPATH\CodeIgniter.php(943): App\Controllers\Home->alta_producto()
 7 SYSTEMPATH\CodeIgniter.php(503): CodeIgniter\CodeIgniter->runController(Object(App\Controllers\Home))
 8 SYSTEMPATH\CodeIgniter.php(361): CodeIgniter\CodeIgniter->handleRequest(null, Object(Config\Cache), false)
 9 FCPATH\index.php(84): CodeIgniter\CodeIgniter->run()
CRITICAL - 2024-06-12 23:34:38 --> ErrorException: Undefined variable $categorias
in APPPATH\Views\contenido\Gestion_producto\alta_producto.php on line 53.
 1 APPPATH\Views\contenido\Gestion_producto\alta_producto.php(53): CodeIgniter\Debug\Exceptions->errorHandler(2, 'Undefined variable $categorias', 'C:\\xampp\\htdocs\\Proyecto_Centurion_Esteban\\app\\Views\\contenido\\Gestion_producto\\alta_producto.php', 53)
 2 SYSTEMPATH\View\View.php(228): include('C:\\xampp\\htdocs\\Proyecto_Centurion_Esteban\\app\\Views\\contenido\\Gestion_producto\\alta_producto.php')
 3 SYSTEMPATH\View\View.php(231): CodeIgniter\View\View->CodeIgniter\View\{closure}()
 4 SYSTEMPATH\Common.php(1178): CodeIgniter\View\View->render('contenido/Gestion_producto/alta_producto', [], true)
 5 APPPATH\Controllers\Home.php(34): view('contenido/Gestion_producto/alta_producto')
 6 SYSTEMPATH\CodeIgniter.php(943): App\Controllers\Home->alta_producto()
 7 SYSTEMPATH\CodeIgniter.php(503): CodeIgniter\CodeIgniter->runController(Object(App\Controllers\Home))
 8 SYSTEMPATH\CodeIgniter.php(361): CodeIgniter\CodeIgniter->handleRequest(null, Object(Config\Cache), false)
 9 FCPATH\index.php(84): CodeIgniter\CodeIgniter->run()
CRITICAL - 2024-06-12 23:34:39 --> ErrorException: Undefined variable $categorias
in APPPATH\Views\contenido\Gestion_producto\alta_producto.php on line 53.
 1 APPPATH\Views\contenido\Gestion_producto\alta_producto.php(53): CodeIgniter\Debug\Exceptions->errorHandler(2, 'Undefined variable $categorias', 'C:\\xampp\\htdocs\\Proyecto_Centurion_Esteban\\app\\Views\\contenido\\Gestion_producto\\alta_producto.php', 53)
 2 SYSTEMPATH\View\View.php(228): include('C:\\xampp\\htdocs\\Proyecto_Centurion_Esteban\\app\\Views\\contenido\\Gestion_producto\\alta_producto.php')
 3 SYSTEMPATH\View\View.php(231): CodeIgniter\View\View->CodeIgniter\View\{closure}()
 4 SYSTEMPATH\Common.php(1178): CodeIgniter\View\View->render('contenido/Gestion_producto/alta_producto', [], true)
 5 APPPATH\Controllers\Home.php(34): view('contenido/Gestion_producto/alta_producto')
 6 SYSTEMPATH\CodeIgniter.php(943): App\Controllers\Home->alta_producto()
 7 SYSTEMPATH\CodeIgniter.php(503): CodeIgniter\CodeIgniter->runController(Object(App\Controllers\Home))
 8 SYSTEMPATH\CodeIgniter.php(361): CodeIgniter\CodeIgniter->handleRequest(null, Object(Config\Cache), false)
 9 FCPATH\index.php(84): CodeIgniter\CodeIgniter->run()
CRITICAL - 2024-06-12 23:34:41 --> ErrorException: Undefined variable $categorias
in APPPATH\Views\contenido\Gestion_producto\alta_producto.php on line 53.
 1 APPPATH\Views\contenido\Gestion_producto\alta_producto.php(53): CodeIgniter\Debug\Exceptions->errorHandler(2, 'Undefined variable $categorias', 'C:\\xampp\\htdocs\\Proyecto_Centurion_Esteban\\app\\Views\\contenido\\Gestion_producto\\alta_producto.php', 53)
 2 SYSTEMPATH\View\View.php(228): include('C:\\xampp\\htdocs\\Proyecto_Centurion_Esteban\\app\\Views\\contenido\\Gestion_producto\\alta_producto.php')
 3 SYSTEMPATH\View\View.php(231): CodeIgniter\View\View->CodeIgniter\View\{closure}()
 4 SYSTEMPATH\Common.php(1178): CodeIgniter\View\View->render('contenido/Gestion_producto/alta_producto', [], true)
 5 APPPATH\Controllers\Home.php(34): view('contenido/Gestion_producto/alta_producto')
 6 SYSTEMPATH\CodeIgniter.php(943): App\Controllers\Home->alta_producto()
 7 SYSTEMPATH\CodeIgniter.php(503): CodeIgniter\CodeIgniter->runController(Object(App\Controllers\Home))
 8 SYSTEMPATH\CodeIgniter.php(361): CodeIgniter\CodeIgniter->handleRequest(null, Object(Config\Cache), false)
 9 FCPATH\index.php(84): CodeIgniter\CodeIgniter->run()
CRITICAL - 2024-06-12 23:34:43 --> ErrorException: Undefined variable $categorias
in APPPATH\Views\contenido\Gestion_producto\alta_producto.php on line 53.
 1 APPPATH\Views\contenido\Gestion_producto\alta_producto.php(53): CodeIgniter\Debug\Exceptions->errorHandler(2, 'Undefined variable $categorias', 'C:\\xampp\\htdocs\\Proyecto_Centurion_Esteban\\app\\Views\\contenido\\Gestion_producto\\alta_producto.php', 53)
 2 SYSTEMPATH\View\View.php(228): include('C:\\xampp\\htdocs\\Proyecto_Centurion_Esteban\\app\\Views\\contenido\\Gestion_producto\\alta_producto.php')
 3 SYSTEMPATH\View\View.php(231): CodeIgniter\View\View->CodeIgniter\View\{closure}()
 4 SYSTEMPATH\Common.php(1178): CodeIgniter\View\View->render('contenido/Gestion_producto/alta_producto', [], true)
 5 APPPATH\Controllers\Home.php(34): view('contenido/Gestion_producto/alta_producto')
 6 SYSTEMPATH\CodeIgniter.php(943): App\Controllers\Home->alta_producto()
 7 SYSTEMPATH\CodeIgniter.php(503): CodeIgniter\CodeIgniter->runController(Object(App\Controllers\Home))
 8 SYSTEMPATH\CodeIgniter.php(361): CodeIgniter\CodeIgniter->handleRequest(null, Object(Config\Cache), false)
 9 FCPATH\index.php(84): CodeIgniter\CodeIgniter->run()
CRITICAL - 2024-06-12 23:34:44 --> ErrorException: Undefined variable $categorias
in APPPATH\Views\contenido\Gestion_producto\alta_producto.php on line 53.
 1 APPPATH\Views\contenido\Gestion_producto\alta_producto.php(53): CodeIgniter\Debug\Exceptions->errorHandler(2, 'Undefined variable $categorias', 'C:\\xampp\\htdocs\\Proyecto_Centurion_Esteban\\app\\Views\\contenido\\Gestion_producto\\alta_producto.php', 53)
 2 SYSTEMPATH\View\View.php(228): include('C:\\xampp\\htdocs\\Proyecto_Centurion_Esteban\\app\\Views\\contenido\\Gestion_producto\\alta_producto.php')
 3 SYSTEMPATH\View\View.php(231): CodeIgniter\View\View->CodeIgniter\View\{closure}()
 4 SYSTEMPATH\Common.php(1178): CodeIgniter\View\View->render('contenido/Gestion_producto/alta_producto', [], true)
 5 APPPATH\Controllers\Home.php(34): view('contenido/Gestion_producto/alta_producto')
 6 SYSTEMPATH\CodeIgniter.php(943): App\Controllers\Home->alta_producto()
 7 SYSTEMPATH\CodeIgniter.php(503): CodeIgniter\CodeIgniter->runController(Object(App\Controllers\Home))
 8 SYSTEMPATH\CodeIgniter.php(361): CodeIgniter\CodeIgniter->handleRequest(null, Object(Config\Cache), false)
 9 FCPATH\index.php(84): CodeIgniter\CodeIgniter->run()
CRITICAL - 2024-06-12 23:40:25 --> ErrorException: Undefined variable $categorias
in APPPATH\Views\contenido\Gestion_producto\alta_producto.php on line 52.
 1 APPPATH\Views\contenido\Gestion_producto\alta_producto.php(52): CodeIgniter\Debug\Exceptions->errorHandler(2, 'Undefined variable $categorias', 'C:\\xampp\\htdocs\\Proyecto_Centurion_Esteban\\app\\Views\\contenido\\Gestion_producto\\alta_producto.php', 52)
 2 SYSTEMPATH\View\View.php(228): include('C:\\xampp\\htdocs\\Proyecto_Centurion_Esteban\\app\\Views\\contenido\\Gestion_producto\\alta_producto.php')
 3 SYSTEMPATH\View\View.php(231): CodeIgniter\View\View->CodeIgniter\View\{closure}()
 4 SYSTEMPATH\Common.php(1178): CodeIgniter\View\View->render('contenido/Gestion_producto/alta_producto', [], true)
 5 APPPATH\Controllers\Home.php(34): view('contenido/Gestion_producto/alta_producto')
 6 SYSTEMPATH\CodeIgniter.php(943): App\Controllers\Home->alta_producto()
 7 SYSTEMPATH\CodeIgniter.php(503): CodeIgniter\CodeIgniter->runController(Object(App\Controllers\Home))
 8 SYSTEMPATH\CodeIgniter.php(361): CodeIgniter\CodeIgniter->handleRequest(null, Object(Config\Cache), false)
 9 FCPATH\index.php(84): CodeIgniter\CodeIgniter->run()
CRITICAL - 2024-06-12 23:40:27 --> ErrorException: Undefined variable $categorias
in APPPATH\Views\contenido\Gestion_producto\alta_producto.php on line 52.
 1 APPPATH\Views\contenido\Gestion_producto\alta_producto.php(52): CodeIgniter\Debug\Exceptions->errorHandler(2, 'Undefined variable $categorias', 'C:\\xampp\\htdocs\\Proyecto_Centurion_Esteban\\app\\Views\\contenido\\Gestion_producto\\alta_producto.php', 52)
 2 SYSTEMPATH\View\View.php(228): include('C:\\xampp\\htdocs\\Proyecto_Centurion_Esteban\\app\\Views\\contenido\\Gestion_producto\\alta_producto.php')
 3 SYSTEMPATH\View\View.php(231): CodeIgniter\View\View->CodeIgniter\View\{closure}()
 4 SYSTEMPATH\Common.php(1178): CodeIgniter\View\View->render('contenido/Gestion_producto/alta_producto', [], true)
 5 APPPATH\Controllers\Home.php(34): view('contenido/Gestion_producto/alta_producto')
 6 SYSTEMPATH\CodeIgniter.php(943): App\Controllers\Home->alta_producto()
 7 SYSTEMPATH\CodeIgniter.php(503): CodeIgniter\CodeIgniter->runController(Object(App\Controllers\Home))
 8 SYSTEMPATH\CodeIgniter.php(361): CodeIgniter\CodeIgniter->handleRequest(null, Object(Config\Cache), false)
 9 FCPATH\index.php(84): CodeIgniter\CodeIgniter->run()
CRITICAL - 2024-06-12 23:40:28 --> ErrorException: Undefined variable $categorias
in APPPATH\Views\contenido\Gestion_producto\alta_producto.php on line 52.
 1 APPPATH\Views\contenido\Gestion_producto\alta_producto.php(52): CodeIgniter\Debug\Exceptions->errorHandler(2, 'Undefined variable $categorias', 'C:\\xampp\\htdocs\\Proyecto_Centurion_Esteban\\app\\Views\\contenido\\Gestion_producto\\alta_producto.php', 52)
 2 SYSTEMPATH\View\View.php(228): include('C:\\xampp\\htdocs\\Proyecto_Centurion_Esteban\\app\\Views\\contenido\\Gestion_producto\\alta_producto.php')
 3 SYSTEMPATH\View\View.php(231): CodeIgniter\View\View->CodeIgniter\View\{closure}()
 4 SYSTEMPATH\Common.php(1178): CodeIgniter\View\View->render('contenido/Gestion_producto/alta_producto', [], true)
 5 APPPATH\Controllers\Home.php(34): view('contenido/Gestion_producto/alta_producto')
 6 SYSTEMPATH\CodeIgniter.php(943): App\Controllers\Home->alta_producto()
 7 SYSTEMPATH\CodeIgniter.php(503): CodeIgniter\CodeIgniter->runController(Object(App\Controllers\Home))
 8 SYSTEMPATH\CodeIgniter.php(361): CodeIgniter\CodeIgniter->handleRequest(null, Object(Config\Cache), false)
 9 FCPATH\index.php(84): CodeIgniter\CodeIgniter->run()
CRITICAL - 2024-06-12 23:43:22 --> ErrorException: Undefined variable $categorias
in APPPATH\Views\contenido\Gestion_producto\alta_producto.php on line 52.
 1 APPPATH\Views\contenido\Gestion_producto\alta_producto.php(52): CodeIgniter\Debug\Exceptions->errorHandler(2, 'Undefined variable $categorias', 'C:\\xampp\\htdocs\\Proyecto_Centurion_Esteban\\app\\Views\\contenido\\Gestion_producto\\alta_producto.php', 52)
 2 SYSTEMPATH\View\View.php(228): include('C:\\xampp\\htdocs\\Proyecto_Centurion_Esteban\\app\\Views\\contenido\\Gestion_producto\\alta_producto.php')
 3 SYSTEMPATH\View\View.php(231): CodeIgniter\View\View->CodeIgniter\View\{closure}()
 4 SYSTEMPATH\Common.php(1178): CodeIgniter\View\View->render('contenido/Gestion_producto/alta_producto', [], true)
 5 APPPATH\Controllers\Home.php(34): view('contenido/Gestion_producto/alta_producto')
 6 SYSTEMPATH\CodeIgniter.php(943): App\Controllers\Home->alta_producto()
 7 SYSTEMPATH\CodeIgniter.php(503): CodeIgniter\CodeIgniter->runController(Object(App\Controllers\Home))
 8 SYSTEMPATH\CodeIgniter.php(361): CodeIgniter\CodeIgniter->handleRequest(null, Object(Config\Cache), false)
 9 FCPATH\index.php(84): CodeIgniter\CodeIgniter->run()
CRITICAL - 2024-06-12 23:43:25 --> ErrorException: Undefined variable $categorias
in APPPATH\Views\contenido\Gestion_producto\alta_producto.php on line 52.
 1 APPPATH\Views\contenido\Gestion_producto\alta_producto.php(52): CodeIgniter\Debug\Exceptions->errorHandler(2, 'Undefined variable $categorias', 'C:\\xampp\\htdocs\\Proyecto_Centurion_Esteban\\app\\Views\\contenido\\Gestion_producto\\alta_producto.php', 52)
 2 SYSTEMPATH\View\View.php(228): include('C:\\xampp\\htdocs\\Proyecto_Centurion_Esteban\\app\\Views\\contenido\\Gestion_producto\\alta_producto.php')
 3 SYSTEMPATH\View\View.php(231): CodeIgniter\View\View->CodeIgniter\View\{closure}()
 4 SYSTEMPATH\Common.php(1178): CodeIgniter\View\View->render('contenido/Gestion_producto/alta_producto', [], true)
 5 APPPATH\Controllers\Home.php(34): view('contenido/Gestion_producto/alta_producto')
 6 SYSTEMPATH\CodeIgniter.php(943): App\Controllers\Home->alta_producto()
 7 SYSTEMPATH\CodeIgniter.php(503): CodeIgniter\CodeIgniter->runController(Object(App\Controllers\Home))
 8 SYSTEMPATH\CodeIgniter.php(361): CodeIgniter\CodeIgniter->handleRequest(null, Object(Config\Cache), false)
 9 FCPATH\index.php(84): CodeIgniter\CodeIgniter->run()
CRITICAL - 2024-06-12 23:43:25 --> ErrorException: Undefined variable $categorias
in APPPATH\Views\contenido\Gestion_producto\alta_producto.php on line 52.
 1 APPPATH\Views\contenido\Gestion_producto\alta_producto.php(52): CodeIgniter\Debug\Exceptions->errorHandler(2, 'Undefined variable $categorias', 'C:\\xampp\\htdocs\\Proyecto_Centurion_Esteban\\app\\Views\\contenido\\Gestion_producto\\alta_producto.php', 52)
 2 SYSTEMPATH\View\View.php(228): include('C:\\xampp\\htdocs\\Proyecto_Centurion_Esteban\\app\\Views\\contenido\\Gestion_producto\\alta_producto.php')
 3 SYSTEMPATH\View\View.php(231): CodeIgniter\View\View->CodeIgniter\View\{closure}()
 4 SYSTEMPATH\Common.php(1178): CodeIgniter\View\View->render('contenido/Gestion_producto/alta_producto', [], true)
 5 APPPATH\Controllers\Home.php(34): view('contenido/Gestion_producto/alta_producto')
 6 SYSTEMPATH\CodeIgniter.php(943): App\Controllers\Home->alta_producto()
 7 SYSTEMPATH\CodeIgniter.php(503): CodeIgniter\CodeIgniter->runController(Object(App\Controllers\Home))
 8 SYSTEMPATH\CodeIgniter.php(361): CodeIgniter\CodeIgniter->handleRequest(null, Object(Config\Cache), false)
 9 FCPATH\index.php(84): CodeIgniter\CodeIgniter->run()
CRITICAL - 2024-06-12 23:43:27 --> ErrorException: Undefined variable $categorias
in APPPATH\Views\contenido\Gestion_producto\alta_producto.php on line 52.
 1 APPPATH\Views\contenido\Gestion_producto\alta_producto.php(52): CodeIgniter\Debug\Exceptions->errorHandler(2, 'Undefined variable $categorias', 'C:\\xampp\\htdocs\\Proyecto_Centurion_Esteban\\app\\Views\\contenido\\Gestion_producto\\alta_producto.php', 52)
 2 SYSTEMPATH\View\View.php(228): include('C:\\xampp\\htdocs\\Proyecto_Centurion_Esteban\\app\\Views\\contenido\\Gestion_producto\\alta_producto.php')
 3 SYSTEMPATH\View\View.php(231): CodeIgniter\View\View->CodeIgniter\View\{closure}()
 4 SYSTEMPATH\Common.php(1178): CodeIgniter\View\View->render('contenido/Gestion_producto/alta_producto', [], true)
 5 APPPATH\Controllers\Home.php(34): view('contenido/Gestion_producto/alta_producto')
 6 SYSTEMPATH\CodeIgniter.php(943): App\Controllers\Home->alta_producto()
 7 SYSTEMPATH\CodeIgniter.php(503): CodeIgniter\CodeIgniter->runController(Object(App\Controllers\Home))
 8 SYSTEMPATH\CodeIgniter.php(361): CodeIgniter\CodeIgniter->handleRequest(null, Object(Config\Cache), false)
 9 FCPATH\index.php(84): CodeIgniter\CodeIgniter->run()
CRITICAL - 2024-06-12 23:45:14 --> ErrorException: Undefined variable $categorias
in APPPATH\Views\contenido\Gestion_producto\alta_producto.php on line 52.
 1 APPPATH\Views\contenido\Gestion_producto\alta_producto.php(52): CodeIgniter\Debug\Exceptions->errorHandler(2, 'Undefined variable $categorias', 'C:\\xampp\\htdocs\\Proyecto_Centurion_Esteban\\app\\Views\\contenido\\Gestion_producto\\alta_producto.php', 52)
 2 SYSTEMPATH\View\View.php(228): include('C:\\xampp\\htdocs\\Proyecto_Centurion_Esteban\\app\\Views\\contenido\\Gestion_producto\\alta_producto.php')
 3 SYSTEMPATH\View\View.php(231): CodeIgniter\View\View->CodeIgniter\View\{closure}()
 4 SYSTEMPATH\Common.php(1178): CodeIgniter\View\View->render('contenido/Gestion_producto/alta_producto', [], true)
 5 APPPATH\Controllers\Home.php(34): view('contenido/Gestion_producto/alta_producto')
 6 SYSTEMPATH\CodeIgniter.php(943): App\Controllers\Home->alta_producto()
 7 SYSTEMPATH\CodeIgniter.php(503): CodeIgniter\CodeIgniter->runController(Object(App\Controllers\Home))
 8 SYSTEMPATH\CodeIgniter.php(361): CodeIgniter\CodeIgniter->handleRequest(null, Object(Config\Cache), false)
 9 FCPATH\index.php(84): CodeIgniter\CodeIgniter->run()
CRITICAL - 2024-06-12 23:45:16 --> ErrorException: Undefined variable $categorias
in APPPATH\Views\contenido\Gestion_producto\alta_producto.php on line 52.
 1 APPPATH\Views\contenido\Gestion_producto\alta_producto.php(52): CodeIgniter\Debug\Exceptions->errorHandler(2, 'Undefined variable $categorias', 'C:\\xampp\\htdocs\\Proyecto_Centurion_Esteban\\app\\Views\\contenido\\Gestion_producto\\alta_producto.php', 52)
 2 SYSTEMPATH\View\View.php(228): include('C:\\xampp\\htdocs\\Proyecto_Centurion_Esteban\\app\\Views\\contenido\\Gestion_producto\\alta_producto.php')
 3 SYSTEMPATH\View\View.php(231): CodeIgniter\View\View->CodeIgniter\View\{closure}()
 4 SYSTEMPATH\Common.php(1178): CodeIgniter\View\View->render('contenido/Gestion_producto/alta_producto', [], true)
 5 APPPATH\Controllers\Home.php(34): view('contenido/Gestion_producto/alta_producto')
 6 SYSTEMPATH\CodeIgniter.php(943): App\Controllers\Home->alta_producto()
 7 SYSTEMPATH\CodeIgniter.php(503): CodeIgniter\CodeIgniter->runController(Object(App\Controllers\Home))
 8 SYSTEMPATH\CodeIgniter.php(361): CodeIgniter\CodeIgniter->handleRequest(null, Object(Config\Cache), false)
 9 FCPATH\index.php(84): CodeIgniter\CodeIgniter->run()
CRITICAL - 2024-06-12 23:45:18 --> ErrorException: Undefined variable $categorias
in APPPATH\Views\contenido\Gestion_producto\alta_producto.php on line 52.
 1 APPPATH\Views\contenido\Gestion_producto\alta_producto.php(52): CodeIgniter\Debug\Exceptions->errorHandler(2, 'Undefined variable $categorias', 'C:\\xampp\\htdocs\\Proyecto_Centurion_Esteban\\app\\Views\\contenido\\Gestion_producto\\alta_producto.php', 52)
 2 SYSTEMPATH\View\View.php(228): include('C:\\xampp\\htdocs\\Proyecto_Centurion_Esteban\\app\\Views\\contenido\\Gestion_producto\\alta_producto.php')
 3 SYSTEMPATH\View\View.php(231): CodeIgniter\View\View->CodeIgniter\View\{closure}()
 4 SYSTEMPATH\Common.php(1178): CodeIgniter\View\View->render('contenido/Gestion_producto/alta_producto', [], true)
 5 APPPATH\Controllers\Home.php(34): view('contenido/Gestion_producto/alta_producto')
 6 SYSTEMPATH\CodeIgniter.php(943): App\Controllers\Home->alta_producto()
 7 SYSTEMPATH\CodeIgniter.php(503): CodeIgniter\CodeIgniter->runController(Object(App\Controllers\Home))
 8 SYSTEMPATH\CodeIgniter.php(361): CodeIgniter\CodeIgniter->handleRequest(null, Object(Config\Cache), false)
 9 FCPATH\index.php(84): CodeIgniter\CodeIgniter->run()
CRITICAL - 2024-06-12 23:45:19 --> ErrorException: Undefined variable $categorias
in APPPATH\Views\contenido\Gestion_producto\alta_producto.php on line 52.
 1 APPPATH\Views\contenido\Gestion_producto\alta_producto.php(52): CodeIgniter\Debug\Exceptions->errorHandler(2, 'Undefined variable $categorias', 'C:\\xampp\\htdocs\\Proyecto_Centurion_Esteban\\app\\Views\\contenido\\Gestion_producto\\alta_producto.php', 52)
 2 SYSTEMPATH\View\View.php(228): include('C:\\xampp\\htdocs\\Proyecto_Centurion_Esteban\\app\\Views\\contenido\\Gestion_producto\\alta_producto.php')
 3 SYSTEMPATH\View\View.php(231): CodeIgniter\View\View->CodeIgniter\View\{closure}()
 4 SYSTEMPATH\Common.php(1178): CodeIgniter\View\View->render('contenido/Gestion_producto/alta_producto', [], true)
 5 APPPATH\Controllers\Home.php(34): view('contenido/Gestion_producto/alta_producto')
 6 SYSTEMPATH\CodeIgniter.php(943): App\Controllers\Home->alta_producto()
 7 SYSTEMPATH\CodeIgniter.php(503): CodeIgniter\CodeIgniter->runController(Object(App\Controllers\Home))
 8 SYSTEMPATH\CodeIgniter.php(361): CodeIgniter\CodeIgniter->handleRequest(null, Object(Config\Cache), false)
 9 FCPATH\index.php(84): CodeIgniter\CodeIgniter->run()
CRITICAL - 2024-06-12 23:45:21 --> ErrorException: Undefined variable $categorias
in APPPATH\Views\contenido\Gestion_producto\alta_producto.php on line 52.
 1 APPPATH\Views\contenido\Gestion_producto\alta_producto.php(52): CodeIgniter\Debug\Exceptions->errorHandler(2, 'Undefined variable $categorias', 'C:\\xampp\\htdocs\\Proyecto_Centurion_Esteban\\app\\Views\\contenido\\Gestion_producto\\alta_producto.php', 52)
 2 SYSTEMPATH\View\View.php(228): include('C:\\xampp\\htdocs\\Proyecto_Centurion_Esteban\\app\\Views\\contenido\\Gestion_producto\\alta_producto.php')
 3 SYSTEMPATH\View\View.php(231): CodeIgniter\View\View->CodeIgniter\View\{closure}()
 4 SYSTEMPATH\Common.php(1178): CodeIgniter\View\View->render('contenido/Gestion_producto/alta_producto', [], true)
 5 APPPATH\Controllers\Home.php(34): view('contenido/Gestion_producto/alta_producto')
 6 SYSTEMPATH\CodeIgniter.php(943): App\Controllers\Home->alta_producto()
 7 SYSTEMPATH\CodeIgniter.php(503): CodeIgniter\CodeIgniter->runController(Object(App\Controllers\Home))
 8 SYSTEMPATH\CodeIgniter.php(361): CodeIgniter\CodeIgniter->handleRequest(null, Object(Config\Cache), false)
 9 FCPATH\index.php(84): CodeIgniter\CodeIgniter->run()
CRITICAL - 2024-06-12 23:45:22 --> ErrorException: Undefined variable $categorias
in APPPATH\Views\contenido\Gestion_producto\alta_producto.php on line 52.
 1 APPPATH\Views\contenido\Gestion_producto\alta_producto.php(52): CodeIgniter\Debug\Exceptions->errorHandler(2, 'Undefined variable $categorias', 'C:\\xampp\\htdocs\\Proyecto_Centurion_Esteban\\app\\Views\\contenido\\Gestion_producto\\alta_producto.php', 52)
 2 SYSTEMPATH\View\View.php(228): include('C:\\xampp\\htdocs\\Proyecto_Centurion_Esteban\\app\\Views\\contenido\\Gestion_producto\\alta_producto.php')
 3 SYSTEMPATH\View\View.php(231): CodeIgniter\View\View->CodeIgniter\View\{closure}()
 4 SYSTEMPATH\Common.php(1178): CodeIgniter\View\View->render('contenido/Gestion_producto/alta_producto', [], true)
 5 APPPATH\Controllers\Home.php(34): view('contenido/Gestion_producto/alta_producto')
 6 SYSTEMPATH\CodeIgniter.php(943): App\Controllers\Home->alta_producto()
 7 SYSTEMPATH\CodeIgniter.php(503): CodeIgniter\CodeIgniter->runController(Object(App\Controllers\Home))
 8 SYSTEMPATH\CodeIgniter.php(361): CodeIgniter\CodeIgniter->handleRequest(null, Object(Config\Cache), false)
 9 FCPATH\index.php(84): CodeIgniter\CodeIgniter->run()
CRITICAL - 2024-06-12 23:46:11 --> ErrorException: Undefined variable $categorias
in APPPATH\Views\contenido\Gestion_producto\alta_producto.php on line 52.
 1 APPPATH\Views\contenido\Gestion_producto\alta_producto.php(52): CodeIgniter\Debug\Exceptions->errorHandler(2, 'Undefined variable $categorias', 'C:\\xampp\\htdocs\\Proyecto_Centurion_Esteban\\app\\Views\\contenido\\Gestion_producto\\alta_producto.php', 52)
 2 SYSTEMPATH\View\View.php(228): include('C:\\xampp\\htdocs\\Proyecto_Centurion_Esteban\\app\\Views\\contenido\\Gestion_producto\\alta_producto.php')
 3 SYSTEMPATH\View\View.php(231): CodeIgniter\View\View->CodeIgniter\View\{closure}()
 4 SYSTEMPATH\Common.php(1178): CodeIgniter\View\View->render('contenido/Gestion_producto/alta_producto', [], true)
 5 APPPATH\Controllers\Home.php(34): view('contenido/Gestion_producto/alta_producto')
 6 SYSTEMPATH\CodeIgniter.php(943): App\Controllers\Home->alta_producto()
 7 SYSTEMPATH\CodeIgniter.php(503): CodeIgniter\CodeIgniter->runController(Object(App\Controllers\Home))
 8 SYSTEMPATH\CodeIgniter.php(361): CodeIgniter\CodeIgniter->handleRequest(null, Object(Config\Cache), false)
 9 FCPATH\index.php(84): CodeIgniter\CodeIgniter->run()
CRITICAL - 2024-06-12 23:46:15 --> ErrorException: Undefined variable $categorias
in APPPATH\Views\contenido\Gestion_producto\alta_producto.php on line 52.
 1 APPPATH\Views\contenido\Gestion_producto\alta_producto.php(52): CodeIgniter\Debug\Exceptions->errorHandler(2, 'Undefined variable $categorias', 'C:\\xampp\\htdocs\\Proyecto_Centurion_Esteban\\app\\Views\\contenido\\Gestion_producto\\alta_producto.php', 52)
 2 SYSTEMPATH\View\View.php(228): include('C:\\xampp\\htdocs\\Proyecto_Centurion_Esteban\\app\\Views\\contenido\\Gestion_producto\\alta_producto.php')
 3 SYSTEMPATH\View\View.php(231): CodeIgniter\View\View->CodeIgniter\View\{closure}()
 4 SYSTEMPATH\Common.php(1178): CodeIgniter\View\View->render('contenido/Gestion_producto/alta_producto', [], true)
 5 APPPATH\Controllers\Home.php(34): view('contenido/Gestion_producto/alta_producto')
 6 SYSTEMPATH\CodeIgniter.php(943): App\Controllers\Home->alta_producto()
 7 SYSTEMPATH\CodeIgniter.php(503): CodeIgniter\CodeIgniter->runController(Object(App\Controllers\Home))
 8 SYSTEMPATH\CodeIgniter.php(361): CodeIgniter\CodeIgniter->handleRequest(null, Object(Config\Cache), false)
 9 FCPATH\index.php(84): CodeIgniter\CodeIgniter->run()
CRITICAL - 2024-06-12 23:46:16 --> ErrorException: Undefined variable $categorias
in APPPATH\Views\contenido\Gestion_producto\alta_producto.php on line 52.
 1 APPPATH\Views\contenido\Gestion_producto\alta_producto.php(52): CodeIgniter\Debug\Exceptions->errorHandler(2, 'Undefined variable $categorias', 'C:\\xampp\\htdocs\\Proyecto_Centurion_Esteban\\app\\Views\\contenido\\Gestion_producto\\alta_producto.php', 52)
 2 SYSTEMPATH\View\View.php(228): include('C:\\xampp\\htdocs\\Proyecto_Centurion_Esteban\\app\\Views\\contenido\\Gestion_producto\\alta_producto.php')
 3 SYSTEMPATH\View\View.php(231): CodeIgniter\View\View->CodeIgniter\View\{closure}()
 4 SYSTEMPATH\Common.php(1178): CodeIgniter\View\View->render('contenido/Gestion_producto/alta_producto', [], true)
 5 APPPATH\Controllers\Home.php(34): view('contenido/Gestion_producto/alta_producto')
 6 SYSTEMPATH\CodeIgniter.php(943): App\Controllers\Home->alta_producto()
 7 SYSTEMPATH\CodeIgniter.php(503): CodeIgniter\CodeIgniter->runController(Object(App\Controllers\Home))
 8 SYSTEMPATH\CodeIgniter.php(361): CodeIgniter\CodeIgniter->handleRequest(null, Object(Config\Cache), false)
 9 FCPATH\index.php(84): CodeIgniter\CodeIgniter->run()
CRITICAL - 2024-06-12 23:50:38 --> ErrorException: Undefined variable $categorias
in APPPATH\Views\contenido\Gestion_producto\alta_producto.php on line 52.
 1 APPPATH\Views\contenido\Gestion_producto\alta_producto.php(52): CodeIgniter\Debug\Exceptions->errorHandler(2, 'Undefined variable $categorias', 'C:\\xampp\\htdocs\\Proyecto_Centurion_Esteban\\app\\Views\\contenido\\Gestion_producto\\alta_producto.php', 52)
 2 SYSTEMPATH\View\View.php(228): include('C:\\xampp\\htdocs\\Proyecto_Centurion_Esteban\\app\\Views\\contenido\\Gestion_producto\\alta_producto.php')
 3 SYSTEMPATH\View\View.php(231): CodeIgniter\View\View->CodeIgniter\View\{closure}()
 4 SYSTEMPATH\Common.php(1178): CodeIgniter\View\View->render('contenido/Gestion_producto/alta_producto', [], true)
 5 APPPATH\Controllers\Home.php(34): view('contenido/Gestion_producto/alta_producto')
 6 SYSTEMPATH\CodeIgniter.php(943): App\Controllers\Home->alta_producto()
 7 SYSTEMPATH\CodeIgniter.php(503): CodeIgniter\CodeIgniter->runController(Object(App\Controllers\Home))
 8 SYSTEMPATH\CodeIgniter.php(361): CodeIgniter\CodeIgniter->handleRequest(null, Object(Config\Cache), false)
 9 FCPATH\index.php(84): CodeIgniter\CodeIgniter->run()
CRITICAL - 2024-06-12 23:50:41 --> ErrorException: Undefined variable $categorias
in APPPATH\Views\contenido\Gestion_producto\alta_producto.php on line 52.
 1 APPPATH\Views\contenido\Gestion_producto\alta_producto.php(52): CodeIgniter\Debug\Exceptions->errorHandler(2, 'Undefined variable $categorias', 'C:\\xampp\\htdocs\\Proyecto_Centurion_Esteban\\app\\Views\\contenido\\Gestion_producto\\alta_producto.php', 52)
 2 SYSTEMPATH\View\View.php(228): include('C:\\xampp\\htdocs\\Proyecto_Centurion_Esteban\\app\\Views\\contenido\\Gestion_producto\\alta_producto.php')
 3 SYSTEMPATH\View\View.php(231): CodeIgniter\View\View->CodeIgniter\View\{closure}()
 4 SYSTEMPATH\Common.php(1178): CodeIgniter\View\View->render('contenido/Gestion_producto/alta_producto', [], true)
 5 APPPATH\Controllers\Home.php(34): view('contenido/Gestion_producto/alta_producto')
 6 SYSTEMPATH\CodeIgniter.php(943): App\Controllers\Home->alta_producto()
 7 SYSTEMPATH\CodeIgniter.php(503): CodeIgniter\CodeIgniter->runController(Object(App\Controllers\Home))
 8 SYSTEMPATH\CodeIgniter.php(361): CodeIgniter\CodeIgniter->handleRequest(null, Object(Config\Cache), false)
 9 FCPATH\index.php(84): CodeIgniter\CodeIgniter->run()
CRITICAL - 2024-06-12 23:51:26 --> ErrorException: Undefined variable $categorias
in APPPATH\Views\contenido\Gestion_producto\alta_producto.php on line 52.
 1 APPPATH\Views\contenido\Gestion_producto\alta_producto.php(52): CodeIgniter\Debug\Exceptions->errorHandler(2, 'Undefined variable $categorias', 'C:\\xampp\\htdocs\\Proyecto_Centurion_Esteban\\app\\Views\\contenido\\Gestion_producto\\alta_producto.php', 52)
 2 SYSTEMPATH\View\View.php(228): include('C:\\xampp\\htdocs\\Proyecto_Centurion_Esteban\\app\\Views\\contenido\\Gestion_producto\\alta_producto.php')
 3 SYSTEMPATH\View\View.php(231): CodeIgniter\View\View->CodeIgniter\View\{closure}()
 4 SYSTEMPATH\Common.php(1178): CodeIgniter\View\View->render('contenido/Gestion_producto/alta_producto', [], true)
 5 APPPATH\Controllers\Home.php(34): view('contenido/Gestion_producto/alta_producto')
 6 SYSTEMPATH\CodeIgniter.php(943): App\Controllers\Home->alta_producto()
 7 SYSTEMPATH\CodeIgniter.php(503): CodeIgniter\CodeIgniter->runController(Object(App\Controllers\Home))
 8 SYSTEMPATH\CodeIgniter.php(361): CodeIgniter\CodeIgniter->handleRequest(null, Object(Config\Cache), false)
 9 FCPATH\index.php(84): CodeIgniter\CodeIgniter->run()
CRITICAL - 2024-06-12 23:51:29 --> ErrorException: Undefined variable $categorias
in APPPATH\Views\contenido\Gestion_producto\alta_producto.php on line 52.
 1 APPPATH\Views\contenido\Gestion_producto\alta_producto.php(52): CodeIgniter\Debug\Exceptions->errorHandler(2, 'Undefined variable $categorias', 'C:\\xampp\\htdocs\\Proyecto_Centurion_Esteban\\app\\Views\\contenido\\Gestion_producto\\alta_producto.php', 52)
 2 SYSTEMPATH\View\View.php(228): include('C:\\xampp\\htdocs\\Proyecto_Centurion_Esteban\\app\\Views\\contenido\\Gestion_producto\\alta_producto.php')
 3 SYSTEMPATH\View\View.php(231): CodeIgniter\View\View->CodeIgniter\View\{closure}()
 4 SYSTEMPATH\Common.php(1178): CodeIgniter\View\View->render('contenido/Gestion_producto/alta_producto', [], true)
 5 APPPATH\Controllers\Home.php(34): view('contenido/Gestion_producto/alta_producto')
 6 SYSTEMPATH\CodeIgniter.php(943): App\Controllers\Home->alta_producto()
 7 SYSTEMPATH\CodeIgniter.php(503): CodeIgniter\CodeIgniter->runController(Object(App\Controllers\Home))
 8 SYSTEMPATH\CodeIgniter.php(361): CodeIgniter\CodeIgniter->handleRequest(null, Object(Config\Cache), false)
 9 FCPATH\index.php(84): CodeIgniter\CodeIgniter->run()
CRITICAL - 2024-06-12 23:51:30 --> ErrorException: Undefined variable $categorias
in APPPATH\Views\contenido\Gestion_producto\alta_producto.php on line 52.
 1 APPPATH\Views\contenido\Gestion_producto\alta_producto.php(52): CodeIgniter\Debug\Exceptions->errorHandler(2, 'Undefined variable $categorias', 'C:\\xampp\\htdocs\\Proyecto_Centurion_Esteban\\app\\Views\\contenido\\Gestion_producto\\alta_producto.php', 52)
 2 SYSTEMPATH\View\View.php(228): include('C:\\xampp\\htdocs\\Proyecto_Centurion_Esteban\\app\\Views\\contenido\\Gestion_producto\\alta_producto.php')
 3 SYSTEMPATH\View\View.php(231): CodeIgniter\View\View->CodeIgniter\View\{closure}()
 4 SYSTEMPATH\Common.php(1178): CodeIgniter\View\View->render('contenido/Gestion_producto/alta_producto', [], true)
 5 APPPATH\Controllers\Home.php(34): view('contenido/Gestion_producto/alta_producto')
 6 SYSTEMPATH\CodeIgniter.php(943): App\Controllers\Home->alta_producto()
 7 SYSTEMPATH\CodeIgniter.php(503): CodeIgniter\CodeIgniter->runController(Object(App\Controllers\Home))
 8 SYSTEMPATH\CodeIgniter.php(361): CodeIgniter\CodeIgniter->handleRequest(null, Object(Config\Cache), false)
 9 FCPATH\index.php(84): CodeIgniter\CodeIgniter->run()
CRITICAL - 2024-06-12 23:52:45 --> ErrorException: Undefined variable $categorias
in APPPATH\Views\contenido\Gestion_producto\alta_producto.php on line 52.
 1 APPPATH\Views\contenido\Gestion_producto\alta_producto.php(52): CodeIgniter\Debug\Exceptions->errorHandler(2, 'Undefined variable $categorias', 'C:\\xampp\\htdocs\\Proyecto_Centurion_Esteban\\app\\Views\\contenido\\Gestion_producto\\alta_producto.php', 52)
 2 SYSTEMPATH\View\View.php(228): include('C:\\xampp\\htdocs\\Proyecto_Centurion_Esteban\\app\\Views\\contenido\\Gestion_producto\\alta_producto.php')
 3 SYSTEMPATH\View\View.php(231): CodeIgniter\View\View->CodeIgniter\View\{closure}()
 4 SYSTEMPATH\Common.php(1178): CodeIgniter\View\View->render('contenido/Gestion_producto/alta_producto', [], true)
 5 APPPATH\Controllers\Home.php(34): view('contenido/Gestion_producto/alta_producto')
 6 SYSTEMPATH\CodeIgniter.php(943): App\Controllers\Home->alta_producto()
 7 SYSTEMPATH\CodeIgniter.php(503): CodeIgniter\CodeIgniter->runController(Object(App\Controllers\Home))
 8 SYSTEMPATH\CodeIgniter.php(361): CodeIgniter\CodeIgniter->handleRequest(null, Object(Config\Cache), false)
 9 FCPATH\index.php(84): CodeIgniter\CodeIgniter->run()
CRITICAL - 2024-06-12 23:52:49 --> ErrorException: Undefined variable $categorias
in APPPATH\Views\contenido\Gestion_producto\alta_producto.php on line 52.
 1 APPPATH\Views\contenido\Gestion_producto\alta_producto.php(52): CodeIgniter\Debug\Exceptions->errorHandler(2, 'Undefined variable $categorias', 'C:\\xampp\\htdocs\\Proyecto_Centurion_Esteban\\app\\Views\\contenido\\Gestion_producto\\alta_producto.php', 52)
 2 SYSTEMPATH\View\View.php(228): include('C:\\xampp\\htdocs\\Proyecto_Centurion_Esteban\\app\\Views\\contenido\\Gestion_producto\\alta_producto.php')
 3 SYSTEMPATH\View\View.php(231): CodeIgniter\View\View->CodeIgniter\View\{closure}()
 4 SYSTEMPATH\Common.php(1178): CodeIgniter\View\View->render('contenido/Gestion_producto/alta_producto', [], true)
 5 APPPATH\Controllers\Home.php(34): view('contenido/Gestion_producto/alta_producto')
 6 SYSTEMPATH\CodeIgniter.php(943): App\Controllers\Home->alta_producto()
 7 SYSTEMPATH\CodeIgniter.php(503): CodeIgniter\CodeIgniter->runController(Object(App\Controllers\Home))
 8 SYSTEMPATH\CodeIgniter.php(361): CodeIgniter\CodeIgniter->handleRequest(null, Object(Config\Cache), false)
 9 FCPATH\index.php(84): CodeIgniter\CodeIgniter->run()
CRITICAL - 2024-06-12 23:52:50 --> ErrorException: Undefined variable $categorias
in APPPATH\Views\contenido\Gestion_producto\alta_producto.php on line 52.
 1 APPPATH\Views\contenido\Gestion_producto\alta_producto.php(52): CodeIgniter\Debug\Exceptions->errorHandler(2, 'Undefined variable $categorias', 'C:\\xampp\\htdocs\\Proyecto_Centurion_Esteban\\app\\Views\\contenido\\Gestion_producto\\alta_producto.php', 52)
 2 SYSTEMPATH\View\View.php(228): include('C:\\xampp\\htdocs\\Proyecto_Centurion_Esteban\\app\\Views\\contenido\\Gestion_producto\\alta_producto.php')
 3 SYSTEMPATH\View\View.php(231): CodeIgniter\View\View->CodeIgniter\View\{closure}()
 4 SYSTEMPATH\Common.php(1178): CodeIgniter\View\View->render('contenido/Gestion_producto/alta_producto', [], true)
 5 APPPATH\Controllers\Home.php(34): view('contenido/Gestion_producto/alta_producto')
 6 SYSTEMPATH\CodeIgniter.php(943): App\Controllers\Home->alta_producto()
 7 SYSTEMPATH\CodeIgniter.php(503): CodeIgniter\CodeIgniter->runController(Object(App\Controllers\Home))
 8 SYSTEMPATH\CodeIgniter.php(361): CodeIgniter\CodeIgniter->handleRequest(null, Object(Config\Cache), false)
 9 FCPATH\index.php(84): CodeIgniter\CodeIgniter->run()
CRITICAL - 2024-06-12 23:52:52 --> ErrorException: Undefined variable $categorias
in APPPATH\Views\contenido\Gestion_producto\alta_producto.php on line 52.
 1 APPPATH\Views\contenido\Gestion_producto\alta_producto.php(52): CodeIgniter\Debug\Exceptions->errorHandler(2, 'Undefined variable $categorias', 'C:\\xampp\\htdocs\\Proyecto_Centurion_Esteban\\app\\Views\\contenido\\Gestion_producto\\alta_producto.php', 52)
 2 SYSTEMPATH\View\View.php(228): include('C:\\xampp\\htdocs\\Proyecto_Centurion_Esteban\\app\\Views\\contenido\\Gestion_producto\\alta_producto.php')
 3 SYSTEMPATH\View\View.php(231): CodeIgniter\View\View->CodeIgniter\View\{closure}()
 4 SYSTEMPATH\Common.php(1178): CodeIgniter\View\View->render('contenido/Gestion_producto/alta_producto', [], true)
 5 APPPATH\Controllers\Home.php(34): view('contenido/Gestion_producto/alta_producto')
 6 SYSTEMPATH\CodeIgniter.php(943): App\Controllers\Home->alta_producto()
 7 SYSTEMPATH\CodeIgniter.php(503): CodeIgniter\CodeIgniter->runController(Object(App\Controllers\Home))
 8 SYSTEMPATH\CodeIgniter.php(361): CodeIgniter\CodeIgniter->handleRequest(null, Object(Config\Cache), false)
 9 FCPATH\index.php(84): CodeIgniter\CodeIgniter->run()
CRITICAL - 2024-06-12 23:54:22 --> ErrorException: Undefined variable $categorias
in APPPATH\Views\contenido\Gestion_producto\alta_producto.php on line 52.
 1 APPPATH\Views\contenido\Gestion_producto\alta_producto.php(52): CodeIgniter\Debug\Exceptions->errorHandler(2, 'Undefined variable $categorias', 'C:\\xampp\\htdocs\\Proyecto_Centurion_Esteban\\app\\Views\\contenido\\Gestion_producto\\alta_producto.php', 52)
 2 SYSTEMPATH\View\View.php(228): include('C:\\xampp\\htdocs\\Proyecto_Centurion_Esteban\\app\\Views\\contenido\\Gestion_producto\\alta_producto.php')
 3 SYSTEMPATH\View\View.php(231): CodeIgniter\View\View->CodeIgniter\View\{closure}()
 4 SYSTEMPATH\Common.php(1178): CodeIgniter\View\View->render('contenido/Gestion_producto/alta_producto', [], true)
 5 APPPATH\Controllers\Home.php(34): view('contenido/Gestion_producto/alta_producto')
 6 SYSTEMPATH\CodeIgniter.php(943): App\Controllers\Home->alta_producto()
 7 SYSTEMPATH\CodeIgniter.php(503): CodeIgniter\CodeIgniter->runController(Object(App\Controllers\Home))
 8 SYSTEMPATH\CodeIgniter.php(361): CodeIgniter\CodeIgniter->handleRequest(null, Object(Config\Cache), false)
 9 FCPATH\index.php(84): CodeIgniter\CodeIgniter->run()
CRITICAL - 2024-06-12 23:54:25 --> ErrorException: Undefined variable $categorias
in APPPATH\Views\contenido\Gestion_producto\alta_producto.php on line 52.
 1 APPPATH\Views\contenido\Gestion_producto\alta_producto.php(52): CodeIgniter\Debug\Exceptions->errorHandler(2, 'Undefined variable $categorias', 'C:\\xampp\\htdocs\\Proyecto_Centurion_Esteban\\app\\Views\\contenido\\Gestion_producto\\alta_producto.php', 52)
 2 SYSTEMPATH\View\View.php(228): include('C:\\xampp\\htdocs\\Proyecto_Centurion_Esteban\\app\\Views\\contenido\\Gestion_producto\\alta_producto.php')
 3 SYSTEMPATH\View\View.php(231): CodeIgniter\View\View->CodeIgniter\View\{closure}()
 4 SYSTEMPATH\Common.php(1178): CodeIgniter\View\View->render('contenido/Gestion_producto/alta_producto', [], true)
 5 APPPATH\Controllers\Home.php(34): view('contenido/Gestion_producto/alta_producto')
 6 SYSTEMPATH\CodeIgniter.php(943): App\Controllers\Home->alta_producto()
 7 SYSTEMPATH\CodeIgniter.php(503): CodeIgniter\CodeIgniter->runController(Object(App\Controllers\Home))
 8 SYSTEMPATH\CodeIgniter.php(361): CodeIgniter\CodeIgniter->handleRequest(null, Object(Config\Cache), false)
 9 FCPATH\index.php(84): CodeIgniter\CodeIgniter->run()
CRITICAL - 2024-06-12 23:54:26 --> ErrorException: Undefined variable $categorias
in APPPATH\Views\contenido\Gestion_producto\alta_producto.php on line 52.
 1 APPPATH\Views\contenido\Gestion_producto\alta_producto.php(52): CodeIgniter\Debug\Exceptions->errorHandler(2, 'Undefined variable $categorias', 'C:\\xampp\\htdocs\\Proyecto_Centurion_Esteban\\app\\Views\\contenido\\Gestion_producto\\alta_producto.php', 52)
 2 SYSTEMPATH\View\View.php(228): include('C:\\xampp\\htdocs\\Proyecto_Centurion_Esteban\\app\\Views\\contenido\\Gestion_producto\\alta_producto.php')
 3 SYSTEMPATH\View\View.php(231): CodeIgniter\View\View->CodeIgniter\View\{closure}()
 4 SYSTEMPATH\Common.php(1178): CodeIgniter\View\View->render('contenido/Gestion_producto/alta_producto', [], true)
 5 APPPATH\Controllers\Home.php(34): view('contenido/Gestion_producto/alta_producto')
 6 SYSTEMPATH\CodeIgniter.php(943): App\Controllers\Home->alta_producto()
 7 SYSTEMPATH\CodeIgniter.php(503): CodeIgniter\CodeIgniter->runController(Object(App\Controllers\Home))
 8 SYSTEMPATH\CodeIgniter.php(361): CodeIgniter\CodeIgniter->handleRequest(null, Object(Config\Cache), false)
 9 FCPATH\index.php(84): CodeIgniter\CodeIgniter->run()
CRITICAL - 2024-06-12 23:56:39 --> ErrorException: Undefined variable $categorias
in APPPATH\Views\contenido\Gestion_producto\alta_producto.php on line 52.
 1 APPPATH\Views\contenido\Gestion_producto\alta_producto.php(52): CodeIgniter\Debug\Exceptions->errorHandler(2, 'Undefined variable $categorias', 'C:\\xampp\\htdocs\\Proyecto_Centurion_Esteban\\app\\Views\\contenido\\Gestion_producto\\alta_producto.php', 52)
 2 SYSTEMPATH\View\View.php(228): include('C:\\xampp\\htdocs\\Proyecto_Centurion_Esteban\\app\\Views\\contenido\\Gestion_producto\\alta_producto.php')
 3 SYSTEMPATH\View\View.php(231): CodeIgniter\View\View->CodeIgniter\View\{closure}()
 4 SYSTEMPATH\Common.php(1178): CodeIgniter\View\View->render('contenido/Gestion_producto/alta_producto', [], true)
 5 APPPATH\Controllers\Home.php(34): view('contenido/Gestion_producto/alta_producto')
 6 SYSTEMPATH\CodeIgniter.php(943): App\Controllers\Home->alta_producto()
 7 SYSTEMPATH\CodeIgniter.php(503): CodeIgniter\CodeIgniter->runController(Object(App\Controllers\Home))
 8 SYSTEMPATH\CodeIgniter.php(361): CodeIgniter\CodeIgniter->handleRequest(null, Object(Config\Cache), false)
 9 FCPATH\index.php(84): CodeIgniter\CodeIgniter->run()
CRITICAL - 2024-06-12 23:56:42 --> ErrorException: Undefined variable $categorias
in APPPATH\Views\contenido\Gestion_producto\alta_producto.php on line 52.
 1 APPPATH\Views\contenido\Gestion_producto\alta_producto.php(52): CodeIgniter\Debug\Exceptions->errorHandler(2, 'Undefined variable $categorias', 'C:\\xampp\\htdocs\\Proyecto_Centurion_Esteban\\app\\Views\\contenido\\Gestion_producto\\alta_producto.php', 52)
 2 SYSTEMPATH\View\View.php(228): include('C:\\xampp\\htdocs\\Proyecto_Centurion_Esteban\\app\\Views\\contenido\\Gestion_producto\\alta_producto.php')
 3 SYSTEMPATH\View\View.php(231): CodeIgniter\View\View->CodeIgniter\View\{closure}()
 4 SYSTEMPATH\Common.php(1178): CodeIgniter\View\View->render('contenido/Gestion_producto/alta_producto', [], true)
 5 APPPATH\Controllers\Home.php(34): view('contenido/Gestion_producto/alta_producto')
 6 SYSTEMPATH\CodeIgniter.php(943): App\Controllers\Home->alta_producto()
 7 SYSTEMPATH\CodeIgniter.php(503): CodeIgniter\CodeIgniter->runController(Object(App\Controllers\Home))
 8 SYSTEMPATH\CodeIgniter.php(361): CodeIgniter\CodeIgniter->handleRequest(null, Object(Config\Cache), false)
 9 FCPATH\index.php(84): CodeIgniter\CodeIgniter->run()
