CRITICAL - 2024-06-06 01:34:45 --> Error: Class "App\Models\productModel" not found
in APPPATH\Controllers\producto_controller.php on line 98.
 1 SYSTEMPATH\CodeIgniter.php(943): App\Controllers\producto_controller->store()
 2 SYSTEMPATH\CodeIgniter.php(503): CodeIgniter\CodeIgniter->runController(Object(App\Controllers\producto_controller))
 3 SYSTEMPATH\CodeIgniter.php(361): CodeIgniter\CodeIgniter->handleRequest(null, Object(Config\Cache), false)
 4 FCPATH\index.php(83): CodeIgniter\CodeIgniter->run()
CRITICAL - 2024-06-06 01:35:58 --> Error: Class "App\Controllers\ProductModel" not found
in APPPATH\Controllers\producto_controller.php on line 96.
 1 SYSTEMPATH\CodeIgniter.php(943): App\Controllers\producto_controller->store()
 2 SYSTEMPATH\CodeIgniter.php(503): CodeIgniter\CodeIgniter->runController(Object(App\Controllers\producto_controller))
 3 SYSTEMPATH\CodeIgniter.php(361): CodeIgniter\CodeIgniter->handleRequest(null, Object(Config\Cache), false)
 4 FCPATH\index.php(83): CodeIgniter\CodeIgniter->run()
CRITICAL - 2024-06-06 01:37:43 --> Error: Class "App\Controllers\ProductModel" not found
in APPPATH\Controllers\producto_controller.php on line 13.
 1 SYSTEMPATH\CodeIgniter.php(943): App\Controllers\producto_controller->store()
 2 SYSTEMPATH\CodeIgniter.php(503): CodeIgniter\CodeIgniter->runController(Object(App\Controllers\producto_controller))
 3 SYSTEMPATH\CodeIgniter.php(361): CodeIgniter\CodeIgniter->handleRequest(null, Object(Config\Cache), false)
 4 FCPATH\index.php(83): CodeIgniter\CodeIgniter->run()
CRITICAL - 2024-06-06 01:40:04 --> Error: Class "App\Controllers\ProductModel" not found
in APPPATH\Controllers\producto_controller.php on line 13.
 1 SYSTEMPATH\CodeIgniter.php(943): App\Controllers\producto_controller->store()
 2 SYSTEMPATH\CodeIgniter.php(503): CodeIgniter\CodeIgniter->runController(Object(App\Controllers\producto_controller))
 3 SYSTEMPATH\CodeIgniter.php(361): CodeIgniter\CodeIgniter->handleRequest(null, Object(Config\Cache), false)
 4 FCPATH\index.php(83): CodeIgniter\CodeIgniter->run()
CRITICAL - 2024-06-06 01:40:11 --> Error: Class "App\Controllers\ProductModel" not found
in APPPATH\Controllers\producto_controller.php on line 13.
 1 SYSTEMPATH\CodeIgniter.php(943): App\Controllers\producto_controller->store()
 2 SYSTEMPATH\CodeIgniter.php(503): CodeIgniter\CodeIgniter->runController(Object(App\Controllers\producto_controller))
 3 SYSTEMPATH\CodeIgniter.php(361): CodeIgniter\CodeIgniter->handleRequest(null, Object(Config\Cache), false)
 4 FCPATH\index.php(83): CodeIgniter\CodeIgniter->run()
CRITICAL - 2024-06-06 01:41:14 --> Error: Class "App\Controllers\ProductModel" not found
in APPPATH\Controllers\producto_controller.php on line 13.
 1 SYSTEMPATH\CodeIgniter.php(943): App\Controllers\producto_controller->store()
 2 SYSTEMPATH\CodeIgniter.php(503): CodeIgniter\CodeIgniter->runController(Object(App\Controllers\producto_controller))
 3 SYSTEMPATH\CodeIgniter.php(361): CodeIgniter\CodeIgniter->handleRequest(null, Object(Config\Cache), false)
 4 FCPATH\index.php(83): CodeIgniter\CodeIgniter->run()
CRITICAL - 2024-06-06 01:46:07 --> Error: Class "App\Controllers\ProductModel" not found
in APPPATH\Controllers\producto_controller.php on line 13.
 1 SYSTEMPATH\CodeIgniter.php(943): App\Controllers\producto_controller->store()
 2 SYSTEMPATH\CodeIgniter.php(503): CodeIgniter\CodeIgniter->runController(Object(App\Controllers\producto_controller))
 3 SYSTEMPATH\CodeIgniter.php(361): CodeIgniter\CodeIgniter->handleRequest(null, Object(Config\Cache), false)
 4 FCPATH\index.php(83): CodeIgniter\CodeIgniter->run()
CRITICAL - 2024-06-06 01:47:39 --> ErrorException: Undefined variable $rules
in APPPATH\Controllers\registrarse_controller.php on line 74.
 1 APPPATH\Controllers\registrarse_controller.php(74): CodeIgniter\Debug\Exceptions->errorHandler(2, 'Undefined variable $rules', 'C:\\xampp\\htdocs\\Proyecto_Centurion_Esteban\\app\\Controllers\\registrarse_controller.php', 74)
 2 SYSTEMPATH\CodeIgniter.php(943): App\Controllers\registrarse_controller->validation()
 3 SYSTEMPATH\CodeIgniter.php(503): CodeIgniter\CodeIgniter->runController(Object(App\Controllers\registrarse_controller))
 4 SYSTEMPATH\CodeIgniter.php(361): CodeIgniter\CodeIgniter->handleRequest(null, Object(Config\Cache), false)
 5 FCPATH\index.php(83): CodeIgniter\CodeIgniter->run()
CRITICAL - 2024-06-06 01:48:40 --> ErrorException: Undefined variable $rules
in APPPATH\Controllers\registrarse_controller.php on line 74.
 1 APPPATH\Controllers\registrarse_controller.php(74): CodeIgniter\Debug\Exceptions->errorHandler(2, 'Undefined variable $rules', 'C:\\xampp\\htdocs\\Proyecto_Centurion_Esteban\\app\\Controllers\\registrarse_controller.php', 74)
 2 SYSTEMPATH\CodeIgniter.php(943): App\Controllers\registrarse_controller->validation()
 3 SYSTEMPATH\CodeIgniter.php(503): CodeIgniter\CodeIgniter->runController(Object(App\Controllers\registrarse_controller))
 4 SYSTEMPATH\CodeIgniter.php(361): CodeIgniter\CodeIgniter->handleRequest(null, Object(Config\Cache), false)
 5 FCPATH\index.php(83): CodeIgniter\CodeIgniter->run()
CRITICAL - 2024-06-06 01:49:25 --> ErrorException: Undefined variable $rules
in APPPATH\Controllers\registrarse_controller.php on line 45.
 1 APPPATH\Controllers\registrarse_controller.php(45): CodeIgniter\Debug\Exceptions->errorHandler(2, 'Undefined variable $rules', 'C:\\xampp\\htdocs\\Proyecto_Centurion_Esteban\\app\\Controllers\\registrarse_controller.php', 45)
 2 SYSTEMPATH\CodeIgniter.php(943): App\Controllers\registrarse_controller->validation()
 3 SYSTEMPATH\CodeIgniter.php(503): CodeIgniter\CodeIgniter->runController(Object(App\Controllers\registrarse_controller))
 4 SYSTEMPATH\CodeIgniter.php(361): CodeIgniter\CodeIgniter->handleRequest(null, Object(Config\Cache), false)
 5 FCPATH\index.php(83): CodeIgniter\CodeIgniter->run()
CRITICAL - 2024-06-06 01:49:42 --> ErrorException: Undefined variable $rules
in APPPATH\Controllers\registrarse_controller.php on line 43.
 1 APPPATH\Controllers\registrarse_controller.php(43): CodeIgniter\Debug\Exceptions->errorHandler(2, 'Undefined variable $rules', 'C:\\xampp\\htdocs\\Proyecto_Centurion_Esteban\\app\\Controllers\\registrarse_controller.php', 43)
 2 SYSTEMPATH\CodeIgniter.php(943): App\Controllers\registrarse_controller->validation()
 3 SYSTEMPATH\CodeIgniter.php(503): CodeIgniter\CodeIgniter->runController(Object(App\Controllers\registrarse_controller))
 4 SYSTEMPATH\CodeIgniter.php(361): CodeIgniter\CodeIgniter->handleRequest(null, Object(Config\Cache), false)
 5 FCPATH\index.php(83): CodeIgniter\CodeIgniter->run()
CRITICAL - 2024-06-06 01:51:19 --> ErrorException: Undefined variable $rules
in APPPATH\Controllers\registrarse_controller.php on line 43.
 1 APPPATH\Controllers\registrarse_controller.php(43): CodeIgniter\Debug\Exceptions->errorHandler(2, 'Undefined variable $rules', 'C:\\xampp\\htdocs\\Proyecto_Centurion_Esteban\\app\\Controllers\\registrarse_controller.php', 43)
 2 SYSTEMPATH\CodeIgniter.php(943): App\Controllers\registrarse_controller->validation()
 3 SYSTEMPATH\CodeIgniter.php(503): CodeIgniter\CodeIgniter->runController(Object(App\Controllers\registrarse_controller))
 4 SYSTEMPATH\CodeIgniter.php(361): CodeIgniter\CodeIgniter->handleRequest(null, Object(Config\Cache), false)
 5 FCPATH\index.php(83): CodeIgniter\CodeIgniter->run()
CRITICAL - 2024-06-06 01:53:09 --> CodeIgniter\Validation\Exceptions\ValidationException: "max_lenght" is not a valid rule.
in SYSTEMPATH\Validation\Validation.php on line 336.
 1 SYSTEMPATH\Validation\Validation.php(336): CodeIgniter\Validation\Exceptions\ValidationException::forRuleNotFound('max_lenght')
 2 SYSTEMPATH\Validation\Validation.php(200): CodeIgniter\Validation\Validation->processRules('nombre', 'nombre', 'Esteban Agustín', [...], [...])
 3 SYSTEMPATH\Controller.php(154): CodeIgniter\Validation\Validation->run()
 4 APPPATH\Controllers\registrarse_controller.php(43): CodeIgniter\Controller->validate([...])
 5 SYSTEMPATH\CodeIgniter.php(943): App\Controllers\registrarse_controller->validation()
 6 SYSTEMPATH\CodeIgniter.php(503): CodeIgniter\CodeIgniter->runController(Object(App\Controllers\registrarse_controller))
 7 SYSTEMPATH\CodeIgniter.php(361): CodeIgniter\CodeIgniter->handleRequest(null, Object(Config\Cache), false)
 8 FCPATH\index.php(83): CodeIgniter\CodeIgniter->run()
CRITICAL - 2024-06-06 01:55:46 --> CodeIgniter\Validation\Exceptions\ValidationException: "max_lenght" is not a valid rule.
in SYSTEMPATH\Validation\Validation.php on line 336.
 1 SYSTEMPATH\Validation\Validation.php(336): CodeIgniter\Validation\Exceptions\ValidationException::forRuleNotFound('max_lenght')
 2 SYSTEMPATH\Validation\Validation.php(200): CodeIgniter\Validation\Validation->processRules('nombre', 'nombre', 'Esteban Agustín', [...], [...])
 3 SYSTEMPATH\Controller.php(154): CodeIgniter\Validation\Validation->run()
 4 APPPATH\Controllers\registrarse_controller.php(43): CodeIgniter\Controller->validate([...])
 5 SYSTEMPATH\CodeIgniter.php(943): App\Controllers\registrarse_controller->validation()
 6 SYSTEMPATH\CodeIgniter.php(503): CodeIgniter\CodeIgniter->runController(Object(App\Controllers\registrarse_controller))
 7 SYSTEMPATH\CodeIgniter.php(361): CodeIgniter\CodeIgniter->handleRequest(null, Object(Config\Cache), false)
 8 FCPATH\index.php(83): CodeIgniter\CodeIgniter->run()
CRITICAL - 2024-06-06 01:56:17 --> CodeIgniter\Validation\Exceptions\ValidationException: "max_lenght" is not a valid rule.
in SYSTEMPATH\Validation\Validation.php on line 336.
 1 SYSTEMPATH\Validation\Validation.php(336): CodeIgniter\Validation\Exceptions\ValidationException::forRuleNotFound('max_lenght')
 2 SYSTEMPATH\Validation\Validation.php(200): CodeIgniter\Validation\Validation->processRules('nombre', 'nombre', 'Esteban Agustín', [...], [...])
 3 SYSTEMPATH\Controller.php(154): CodeIgniter\Validation\Validation->run()
 4 APPPATH\Controllers\registrarse_controller.php(43): CodeIgniter\Controller->validate([...])
 5 SYSTEMPATH\CodeIgniter.php(943): App\Controllers\registrarse_controller->validation()
 6 SYSTEMPATH\CodeIgniter.php(503): CodeIgniter\CodeIgniter->runController(Object(App\Controllers\registrarse_controller))
 7 SYSTEMPATH\CodeIgniter.php(361): CodeIgniter\CodeIgniter->handleRequest(null, Object(Config\Cache), false)
 8 FCPATH\index.php(83): CodeIgniter\CodeIgniter->run()
CRITICAL - 2024-06-06 01:58:52 --> CodeIgniter\Validation\Exceptions\ValidationException: "max_lenght" is not a valid rule.
in SYSTEMPATH\Validation\Validation.php on line 336.
 1 SYSTEMPATH\Validation\Validation.php(336): CodeIgniter\Validation\Exceptions\ValidationException::forRuleNotFound('max_lenght')
 2 SYSTEMPATH\Validation\Validation.php(200): CodeIgniter\Validation\Validation->processRules('nombre', 'nombre', 'Esteban Agustín', [...], [...])
 3 SYSTEMPATH\Controller.php(154): CodeIgniter\Validation\Validation->run()
 4 APPPATH\Controllers\registrarse_controller.php(43): CodeIgniter\Controller->validate([...])
 5 SYSTEMPATH\CodeIgniter.php(943): App\Controllers\registrarse_controller->validation()
 6 SYSTEMPATH\CodeIgniter.php(503): CodeIgniter\CodeIgniter->runController(Object(App\Controllers\registrarse_controller))
 7 SYSTEMPATH\CodeIgniter.php(361): CodeIgniter\CodeIgniter->handleRequest(null, Object(Config\Cache), false)
 8 FCPATH\index.php(83): CodeIgniter\CodeIgniter->run()
CRITICAL - 2024-06-06 02:04:05 --> CodeIgniter\Validation\Exceptions\ValidationException: "max_lenght" is not a valid rule.
in SYSTEMPATH\Validation\Validation.php on line 336.
 1 SYSTEMPATH\Validation\Validation.php(336): CodeIgniter\Validation\Exceptions\ValidationException::forRuleNotFound('max_lenght')
 2 SYSTEMPATH\Validation\Validation.php(200): CodeIgniter\Validation\Validation->processRules('nombre', 'nombre', 'Esteban Agustín', [...], [...])
 3 SYSTEMPATH\Controller.php(154): CodeIgniter\Validation\Validation->run()
 4 APPPATH\Controllers\registrarse_controller.php(43): CodeIgniter\Controller->validate([...])
 5 SYSTEMPATH\CodeIgniter.php(943): App\Controllers\registrarse_controller->validation()
 6 SYSTEMPATH\CodeIgniter.php(503): CodeIgniter\CodeIgniter->runController(Object(App\Controllers\registrarse_controller))
 7 SYSTEMPATH\CodeIgniter.php(361): CodeIgniter\CodeIgniter->handleRequest(null, Object(Config\Cache), false)
 8 FCPATH\index.php(83): CodeIgniter\CodeIgniter->run()
CRITICAL - 2024-06-06 02:05:08 --> CodeIgniter\Validation\Exceptions\ValidationException: "max_lenght" is not a valid rule.
in SYSTEMPATH\Validation\Validation.php on line 336.
 1 SYSTEMPATH\Validation\Validation.php(336): CodeIgniter\Validation\Exceptions\ValidationException::forRuleNotFound('max_lenght')
 2 SYSTEMPATH\Validation\Validation.php(200): CodeIgniter\Validation\Validation->processRules('nombre', 'nombre', 'Esteban Agustín', [...], [...])
 3 SYSTEMPATH\Controller.php(154): CodeIgniter\Validation\Validation->run()
 4 APPPATH\Controllers\registrarse_controller.php(43): CodeIgniter\Controller->validate([...])
 5 SYSTEMPATH\CodeIgniter.php(943): App\Controllers\registrarse_controller->validation()
 6 SYSTEMPATH\CodeIgniter.php(503): CodeIgniter\CodeIgniter->runController(Object(App\Controllers\registrarse_controller))
 7 SYSTEMPATH\CodeIgniter.php(361): CodeIgniter\CodeIgniter->handleRequest(null, Object(Config\Cache), false)
 8 FCPATH\index.php(83): CodeIgniter\CodeIgniter->run()
CRITICAL - 2024-06-06 02:11:27 --> CodeIgniter\Validation\Exceptions\ValidationException: "max_lenght" is not a valid rule.
in SYSTEMPATH\Validation\Validation.php on line 336.
 1 SYSTEMPATH\Validation\Validation.php(336): CodeIgniter\Validation\Exceptions\ValidationException::forRuleNotFound('max_lenght')
 2 SYSTEMPATH\Validation\Validation.php(200): CodeIgniter\Validation\Validation->processRules('nombre', 'nombre', 'Esteban Agustín', [...], [...])
 3 SYSTEMPATH\Controller.php(154): CodeIgniter\Validation\Validation->run()
 4 APPPATH\Controllers\registrarse_controller.php(42): CodeIgniter\Controller->validate([...])
 5 SYSTEMPATH\CodeIgniter.php(943): App\Controllers\registrarse_controller->validation()
 6 SYSTEMPATH\CodeIgniter.php(503): CodeIgniter\CodeIgniter->runController(Object(App\Controllers\registrarse_controller))
 7 SYSTEMPATH\CodeIgniter.php(361): CodeIgniter\CodeIgniter->handleRequest(null, Object(Config\Cache), false)
 8 FCPATH\index.php(83): CodeIgniter\CodeIgniter->run()
CRITICAL - 2024-06-06 02:11:34 --> CodeIgniter\Validation\Exceptions\ValidationException: "max_lenght" is not a valid rule.
in SYSTEMPATH\Validation\Validation.php on line 336.
 1 SYSTEMPATH\Validation\Validation.php(336): CodeIgniter\Validation\Exceptions\ValidationException::forRuleNotFound('max_lenght')
 2 SYSTEMPATH\Validation\Validation.php(200): CodeIgniter\Validation\Validation->processRules('nombre', 'nombre', 'Esteban Agustín', [...], [...])
 3 SYSTEMPATH\Controller.php(154): CodeIgniter\Validation\Validation->run()
 4 APPPATH\Controllers\registrarse_controller.php(42): CodeIgniter\Controller->validate([...])
 5 SYSTEMPATH\CodeIgniter.php(943): App\Controllers\registrarse_controller->validation()
 6 SYSTEMPATH\CodeIgniter.php(503): CodeIgniter\CodeIgniter->runController(Object(App\Controllers\registrarse_controller))
 7 SYSTEMPATH\CodeIgniter.php(361): CodeIgniter\CodeIgniter->handleRequest(null, Object(Config\Cache), false)
 8 FCPATH\index.php(83): CodeIgniter\CodeIgniter->run()
CRITICAL - 2024-06-06 02:12:02 --> CodeIgniter\Validation\Exceptions\ValidationException: "max_lenght" is not a valid rule.
in SYSTEMPATH\Validation\Validation.php on line 336.
 1 SYSTEMPATH\Validation\Validation.php(336): CodeIgniter\Validation\Exceptions\ValidationException::forRuleNotFound('max_lenght')
 2 SYSTEMPATH\Validation\Validation.php(200): CodeIgniter\Validation\Validation->processRules('nombre', 'nombre', 'Esteban Agustín', [...], [...])
 3 SYSTEMPATH\Controller.php(154): CodeIgniter\Validation\Validation->run()
 4 APPPATH\Controllers\registrarse_controller.php(42): CodeIgniter\Controller->validate([...])
 5 SYSTEMPATH\CodeIgniter.php(943): App\Controllers\registrarse_controller->validation()
 6 SYSTEMPATH\CodeIgniter.php(503): CodeIgniter\CodeIgniter->runController(Object(App\Controllers\registrarse_controller))
 7 SYSTEMPATH\CodeIgniter.php(361): CodeIgniter\CodeIgniter->handleRequest(null, Object(Config\Cache), false)
 8 FCPATH\index.php(83): CodeIgniter\CodeIgniter->run()
CRITICAL - 2024-06-06 02:19:37 --> Error: Call to undefined function App\Controllers\setRules()
in APPPATH\Controllers\registrarse_controller.php on line 30.
 1 SYSTEMPATH\CodeIgniter.php(943): App\Controllers\registrarse_controller->validation()
 2 SYSTEMPATH\CodeIgniter.php(503): CodeIgniter\CodeIgniter->runController(Object(App\Controllers\registrarse_controller))
 3 SYSTEMPATH\CodeIgniter.php(361): CodeIgniter\CodeIgniter->handleRequest(null, Object(Config\Cache), false)
 4 FCPATH\index.php(83): CodeIgniter\CodeIgniter->run()
CRITICAL - 2024-06-06 02:21:27 --> Error: Call to undefined function App\Controllers\setRules()
in APPPATH\Controllers\registrarse_controller.php on line 30.
 1 SYSTEMPATH\CodeIgniter.php(943): App\Controllers\registrarse_controller->validation()
 2 SYSTEMPATH\CodeIgniter.php(503): CodeIgniter\CodeIgniter->runController(Object(App\Controllers\registrarse_controller))
 3 SYSTEMPATH\CodeIgniter.php(361): CodeIgniter\CodeIgniter->handleRequest(null, Object(Config\Cache), false)
 4 FCPATH\index.php(83): CodeIgniter\CodeIgniter->run()
CRITICAL - 2024-06-06 02:25:30 --> Error: Call to undefined function App\Controllers\setRules()
in APPPATH\Controllers\registrarse_controller.php on line 30.
 1 SYSTEMPATH\CodeIgniter.php(943): App\Controllers\registrarse_controller->validation()
 2 SYSTEMPATH\CodeIgniter.php(503): CodeIgniter\CodeIgniter->runController(Object(App\Controllers\registrarse_controller))
 3 SYSTEMPATH\CodeIgniter.php(361): CodeIgniter\CodeIgniter->handleRequest(null, Object(Config\Cache), false)
 4 FCPATH\index.php(83): CodeIgniter\CodeIgniter->run()
CRITICAL - 2024-06-06 02:25:38 --> Error: Call to undefined function App\Controllers\setRules()
in APPPATH\Controllers\registrarse_controller.php on line 30.
 1 SYSTEMPATH\CodeIgniter.php(943): App\Controllers\registrarse_controller->validation()
 2 SYSTEMPATH\CodeIgniter.php(503): CodeIgniter\CodeIgniter->runController(Object(App\Controllers\registrarse_controller))
 3 SYSTEMPATH\CodeIgniter.php(361): CodeIgniter\CodeIgniter->handleRequest(null, Object(Config\Cache), false)
 4 FCPATH\index.php(83): CodeIgniter\CodeIgniter->run()
CRITICAL - 2024-06-06 02:32:28 --> Error: Call to undefined function App\Controllers\setRules()
in APPPATH\Controllers\registrarse_controller.php on line 30.
 1 SYSTEMPATH\CodeIgniter.php(943): App\Controllers\registrarse_controller->validation()
 2 SYSTEMPATH\CodeIgniter.php(503): CodeIgniter\CodeIgniter->runController(Object(App\Controllers\registrarse_controller))
 3 SYSTEMPATH\CodeIgniter.php(361): CodeIgniter\CodeIgniter->handleRequest(null, Object(Config\Cache), false)
 4 FCPATH\index.php(83): CodeIgniter\CodeIgniter->run()
CRITICAL - 2024-06-06 02:56:40 --> CodeIgniter\Filters\Exceptions\FilterException: "noauth" filter must have a matching alias defined.
in SYSTEMPATH\Filters\Filters.php on line 355.
 1 SYSTEMPATH\Filters\Filters.php(355): CodeIgniter\Filters\Exceptions\FilterException::forNoAlias('noauth')
 2 SYSTEMPATH\CodeIgniter.php(468): CodeIgniter\Filters\Filters->enableFilter('noauth', 'before')
 3 SYSTEMPATH\CodeIgniter.php(361): CodeIgniter\CodeIgniter->handleRequest(null, Object(Config\Cache), false)
 4 FCPATH\index.php(83): CodeIgniter\CodeIgniter->run()
CRITICAL - 2024-06-06 02:58:02 --> CodeIgniter\Filters\Exceptions\FilterException: "noauth" filter must have a matching alias defined.
in SYSTEMPATH\Filters\Filters.php on line 355.
 1 SYSTEMPATH\Filters\Filters.php(355): CodeIgniter\Filters\Exceptions\FilterException::forNoAlias('noauth')
 2 SYSTEMPATH\CodeIgniter.php(468): CodeIgniter\Filters\Filters->enableFilter('noauth', 'before')
 3 SYSTEMPATH\CodeIgniter.php(361): CodeIgniter\CodeIgniter->handleRequest(null, Object(Config\Cache), false)
 4 FCPATH\index.php(83): CodeIgniter\CodeIgniter->run()
CRITICAL - 2024-06-06 02:58:05 --> CodeIgniter\Filters\Exceptions\FilterException: "noauth" filter must have a matching alias defined.
in SYSTEMPATH\Filters\Filters.php on line 355.
 1 SYSTEMPATH\Filters\Filters.php(355): CodeIgniter\Filters\Exceptions\FilterException::forNoAlias('noauth')
 2 SYSTEMPATH\CodeIgniter.php(468): CodeIgniter\Filters\Filters->enableFilter('noauth', 'before')
 3 SYSTEMPATH\CodeIgniter.php(361): CodeIgniter\CodeIgniter->handleRequest(null, Object(Config\Cache), false)
 4 FCPATH\index.php(83): CodeIgniter\CodeIgniter->run()
CRITICAL - 2024-06-06 02:58:16 --> CodeIgniter\Filters\Exceptions\FilterException: "noauth" filter must have a matching alias defined.
in SYSTEMPATH\Filters\Filters.php on line 355.
 1 SYSTEMPATH\Filters\Filters.php(355): CodeIgniter\Filters\Exceptions\FilterException::forNoAlias('noauth')
 2 SYSTEMPATH\CodeIgniter.php(468): CodeIgniter\Filters\Filters->enableFilter('noauth', 'before')
 3 SYSTEMPATH\CodeIgniter.php(361): CodeIgniter\CodeIgniter->handleRequest(null, Object(Config\Cache), false)
 4 FCPATH\index.php(83): CodeIgniter\CodeIgniter->run()
CRITICAL - 2024-06-06 02:59:47 --> CodeIgniter\Filters\Exceptions\FilterException: "noauth" filter must have a matching alias defined.
in SYSTEMPATH\Filters\Filters.php on line 355.
 1 SYSTEMPATH\Filters\Filters.php(355): CodeIgniter\Filters\Exceptions\FilterException::forNoAlias('noauth')
 2 SYSTEMPATH\CodeIgniter.php(468): CodeIgniter\Filters\Filters->enableFilter('noauth', 'before')
 3 SYSTEMPATH\CodeIgniter.php(361): CodeIgniter\CodeIgniter->handleRequest(null, Object(Config\Cache), false)
 4 FCPATH\index.php(83): CodeIgniter\CodeIgniter->run()
CRITICAL - 2024-06-06 02:59:49 --> CodeIgniter\Filters\Exceptions\FilterException: "noauth" filter must have a matching alias defined.
in SYSTEMPATH\Filters\Filters.php on line 355.
 1 SYSTEMPATH\Filters\Filters.php(355): CodeIgniter\Filters\Exceptions\FilterException::forNoAlias('noauth')
 2 SYSTEMPATH\CodeIgniter.php(468): CodeIgniter\Filters\Filters->enableFilter('noauth', 'before')
 3 SYSTEMPATH\CodeIgniter.php(361): CodeIgniter\CodeIgniter->handleRequest(null, Object(Config\Cache), false)
 4 FCPATH\index.php(83): CodeIgniter\CodeIgniter->run()
CRITICAL - 2024-06-06 02:59:58 --> CodeIgniter\Filters\Exceptions\FilterException: "noauth" filter must have a matching alias defined.
in SYSTEMPATH\Filters\Filters.php on line 355.
 1 SYSTEMPATH\Filters\Filters.php(355): CodeIgniter\Filters\Exceptions\FilterException::forNoAlias('noauth')
 2 SYSTEMPATH\CodeIgniter.php(468): CodeIgniter\Filters\Filters->enableFilter('noauth', 'before')
 3 SYSTEMPATH\CodeIgniter.php(361): CodeIgniter\CodeIgniter->handleRequest(null, Object(Config\Cache), false)
 4 FCPATH\index.php(83): CodeIgniter\CodeIgniter->run()
CRITICAL - 2024-06-06 03:34:46 --> CodeIgniter\Filters\Exceptions\FilterException: "noauth" filter must have a matching alias defined.
in SYSTEMPATH\Filters\Filters.php on line 355.
 1 SYSTEMPATH\Filters\Filters.php(355): CodeIgniter\Filters\Exceptions\FilterException::forNoAlias('noauth')
 2 SYSTEMPATH\CodeIgniter.php(468): CodeIgniter\Filters\Filters->enableFilter('noauth', 'before')
 3 SYSTEMPATH\CodeIgniter.php(361): CodeIgniter\CodeIgniter->handleRequest(null, Object(Config\Cache), false)
 4 FCPATH\index.php(83): CodeIgniter\CodeIgniter->run()
CRITICAL - 2024-06-06 03:35:07 --> CodeIgniter\Filters\Exceptions\FilterException: "noauth" filter must have a matching alias defined.
in SYSTEMPATH\Filters\Filters.php on line 355.
 1 SYSTEMPATH\Filters\Filters.php(355): CodeIgniter\Filters\Exceptions\FilterException::forNoAlias('noauth')
 2 SYSTEMPATH\CodeIgniter.php(468): CodeIgniter\Filters\Filters->enableFilter('noauth', 'before')
 3 SYSTEMPATH\CodeIgniter.php(361): CodeIgniter\CodeIgniter->handleRequest(null, Object(Config\Cache), false)
 4 FCPATH\index.php(83): CodeIgniter\CodeIgniter->run()
CRITICAL - 2024-06-06 03:35:46 --> CodeIgniter\Filters\Exceptions\FilterException: "noauth" filter must have a matching alias defined.
in SYSTEMPATH\Filters\Filters.php on line 355.
 1 SYSTEMPATH\Filters\Filters.php(355): CodeIgniter\Filters\Exceptions\FilterException::forNoAlias('noauth')
 2 SYSTEMPATH\CodeIgniter.php(468): CodeIgniter\Filters\Filters->enableFilter('noauth', 'before')
 3 SYSTEMPATH\CodeIgniter.php(361): CodeIgniter\CodeIgniter->handleRequest(null, Object(Config\Cache), false)
 4 FCPATH\index.php(83): CodeIgniter\CodeIgniter->run()
CRITICAL - 2024-06-06 03:35:53 --> CodeIgniter\Filters\Exceptions\FilterException: "noauth" filter must have a matching alias defined.
in SYSTEMPATH\Filters\Filters.php on line 355.
 1 SYSTEMPATH\Filters\Filters.php(355): CodeIgniter\Filters\Exceptions\FilterException::forNoAlias('noauth')
 2 SYSTEMPATH\CodeIgniter.php(468): CodeIgniter\Filters\Filters->enableFilter('noauth', 'before')
 3 SYSTEMPATH\CodeIgniter.php(361): CodeIgniter\CodeIgniter->handleRequest(null, Object(Config\Cache), false)
 4 FCPATH\index.php(83): CodeIgniter\CodeIgniter->run()
CRITICAL - 2024-06-06 09:35:12 --> Error: Call to undefined function App\Controllers\setRules()
in APPPATH\Controllers\registrarse_controller.php on line 30.
 1 SYSTEMPATH\CodeIgniter.php(943): App\Controllers\registrarse_controller->validation()
 2 SYSTEMPATH\CodeIgniter.php(503): CodeIgniter\CodeIgniter->runController(Object(App\Controllers\registrarse_controller))
 3 SYSTEMPATH\CodeIgniter.php(361): CodeIgniter\CodeIgniter->handleRequest(null, Object(Config\Cache), false)
 4 FCPATH\index.php(83): CodeIgniter\CodeIgniter->run()
CRITICAL - 2024-06-06 09:36:07 --> ParseError: syntax error, unexpected token "(", expecting ":"
in APPPATH\Controllers\registrarse_controller.php on line 55.
 1 SYSTEMPATH\Autoloader\Autoloader.php(290): CodeIgniter\Autoloader\Autoloader->includeFile('C:\\xampp\\htdocs\\Proyecto_Centurion_Esteban\\app\\Controllers\\registrarse_controller.php')
 2 SYSTEMPATH\Autoloader\Autoloader.php(266): CodeIgniter\Autoloader\Autoloader->loadInNamespace('App\\Controllers\\registrarse_controller')
 3 [internal function]: CodeIgniter\Autoloader\Autoloader->loadClass('App\\Controllers\\registrarse_controller')
 4 SYSTEMPATH\CodeIgniter.php(901): class_exists('\\App\\Controllers\\registrarse_controller', true)
 5 SYSTEMPATH\CodeIgniter.php(490): CodeIgniter\CodeIgniter->startController()
 6 SYSTEMPATH\CodeIgniter.php(361): CodeIgniter\CodeIgniter->handleRequest(null, Object(Config\Cache), false)
 7 FCPATH\index.php(83): CodeIgniter\CodeIgniter->run()
CRITICAL - 2024-06-06 09:38:31 --> CodeIgniter\Filters\Exceptions\FilterException: "noauth" filter must have a matching alias defined.
in SYSTEMPATH\Filters\Filters.php on line 355.
 1 SYSTEMPATH\Filters\Filters.php(355): CodeIgniter\Filters\Exceptions\FilterException::forNoAlias('noauth')
 2 SYSTEMPATH\CodeIgniter.php(468): CodeIgniter\Filters\Filters->enableFilter('noauth', 'before')
 3 SYSTEMPATH\CodeIgniter.php(361): CodeIgniter\CodeIgniter->handleRequest(null, Object(Config\Cache), false)
 4 FCPATH\index.php(83): CodeIgniter\CodeIgniter->run()
CRITICAL - 2024-06-06 10:19:08 --> Error: Call to undefined function App\Controllers\setRules()
in APPPATH\Controllers\registrarse_controller.php on line 32.
 1 SYSTEMPATH\CodeIgniter.php(943): App\Controllers\registrarse_controller->validation()
 2 SYSTEMPATH\CodeIgniter.php(503): CodeIgniter\CodeIgniter->runController(Object(App\Controllers\registrarse_controller))
 3 SYSTEMPATH\CodeIgniter.php(361): CodeIgniter\CodeIgniter->handleRequest(null, Object(Config\Cache), false)
 4 FCPATH\index.php(84): CodeIgniter\CodeIgniter->run()
CRITICAL - 2024-06-06 10:32:31 --> CodeIgniter\Filters\Exceptions\FilterException: "noauth" filter must have a matching alias defined.
in SYSTEMPATH\Filters\Filters.php on line 355.
 1 SYSTEMPATH\Filters\Filters.php(355): CodeIgniter\Filters\Exceptions\FilterException::forNoAlias('noauth')
 2 SYSTEMPATH\CodeIgniter.php(468): CodeIgniter\Filters\Filters->enableFilter('noauth', 'before')
 3 SYSTEMPATH\CodeIgniter.php(361): CodeIgniter\CodeIgniter->handleRequest(null, Object(Config\Cache), false)
 4 FCPATH\index.php(84): CodeIgniter\CodeIgniter->run()
CRITICAL - 2024-06-06 10:32:34 --> CodeIgniter\Filters\Exceptions\FilterException: "noauth" filter must have a matching alias defined.
in SYSTEMPATH\Filters\Filters.php on line 355.
 1 SYSTEMPATH\Filters\Filters.php(355): CodeIgniter\Filters\Exceptions\FilterException::forNoAlias('noauth')
 2 SYSTEMPATH\CodeIgniter.php(468): CodeIgniter\Filters\Filters->enableFilter('noauth', 'before')
 3 SYSTEMPATH\CodeIgniter.php(361): CodeIgniter\CodeIgniter->handleRequest(null, Object(Config\Cache), false)
 4 FCPATH\index.php(84): CodeIgniter\CodeIgniter->run()
CRITICAL - 2024-06-06 11:12:07 --> CodeIgniter\View\Exceptions\ViewException: Invalid file: "contenido/carrito.php"
in SYSTEMPATH\Exceptions\FrameworkException.php on line 39.
 1 SYSTEMPATH\View\View.php(216): CodeIgniter\Exceptions\FrameworkException::forInvalidFile('contenido/carrito.php')
 2 SYSTEMPATH\Common.php(1178): CodeIgniter\View\View->render('contenido/carrito', [], true)
 3 APPPATH\Controllers\Home.php(68): view('contenido/carrito')
 4 SYSTEMPATH\CodeIgniter.php(943): App\Controllers\Home->carrito_view()
 5 SYSTEMPATH\CodeIgniter.php(503): CodeIgniter\CodeIgniter->runController(Object(App\Controllers\Home))
 6 SYSTEMPATH\CodeIgniter.php(361): CodeIgniter\CodeIgniter->handleRequest(null, Object(Config\Cache), false)
 7 FCPATH\index.php(84): CodeIgniter\CodeIgniter->run()
CRITICAL - 2024-06-06 11:12:42 --> CodeIgniter\View\Exceptions\ViewException: Invalid file: "contenido/carrito.php"
in SYSTEMPATH\Exceptions\FrameworkException.php on line 39.
 1 SYSTEMPATH\View\View.php(216): CodeIgniter\Exceptions\FrameworkException::forInvalidFile('contenido/carrito.php')
 2 SYSTEMPATH\Common.php(1178): CodeIgniter\View\View->render('contenido/carrito', [], true)
 3 APPPATH\Controllers\Home.php(68): view('contenido/carrito')
 4 SYSTEMPATH\CodeIgniter.php(943): App\Controllers\Home->carrito_view()
 5 SYSTEMPATH\CodeIgniter.php(503): CodeIgniter\CodeIgniter->runController(Object(App\Controllers\Home))
 6 SYSTEMPATH\CodeIgniter.php(361): CodeIgniter\CodeIgniter->handleRequest(null, Object(Config\Cache), false)
 7 FCPATH\index.php(84): CodeIgniter\CodeIgniter->run()
CRITICAL - 2024-06-06 11:12:46 --> CodeIgniter\View\Exceptions\ViewException: Invalid file: "contenido/carrito.php"
in SYSTEMPATH\Exceptions\FrameworkException.php on line 39.
 1 SYSTEMPATH\View\View.php(216): CodeIgniter\Exceptions\FrameworkException::forInvalidFile('contenido/carrito.php')
 2 SYSTEMPATH\Common.php(1178): CodeIgniter\View\View->render('contenido/carrito', [], true)
 3 APPPATH\Controllers\Home.php(68): view('contenido/carrito')
 4 SYSTEMPATH\CodeIgniter.php(943): App\Controllers\Home->carrito_view()
 5 SYSTEMPATH\CodeIgniter.php(503): CodeIgniter\CodeIgniter->runController(Object(App\Controllers\Home))
 6 SYSTEMPATH\CodeIgniter.php(361): CodeIgniter\CodeIgniter->handleRequest(null, Object(Config\Cache), false)
 7 FCPATH\index.php(84): CodeIgniter\CodeIgniter->run()
CRITICAL - 2024-06-06 11:12:47 --> CodeIgniter\View\Exceptions\ViewException: Invalid file: "contenido/carrito.php"
in SYSTEMPATH\Exceptions\FrameworkException.php on line 39.
 1 SYSTEMPATH\View\View.php(216): CodeIgniter\Exceptions\FrameworkException::forInvalidFile('contenido/carrito.php')
 2 SYSTEMPATH\Common.php(1178): CodeIgniter\View\View->render('contenido/carrito', [], true)
 3 APPPATH\Controllers\Home.php(68): view('contenido/carrito')
 4 SYSTEMPATH\CodeIgniter.php(943): App\Controllers\Home->carrito_view()
 5 SYSTEMPATH\CodeIgniter.php(503): CodeIgniter\CodeIgniter->runController(Object(App\Controllers\Home))
 6 SYSTEMPATH\CodeIgniter.php(361): CodeIgniter\CodeIgniter->handleRequest(null, Object(Config\Cache), false)
 7 FCPATH\index.php(84): CodeIgniter\CodeIgniter->run()
CRITICAL - 2024-06-06 11:13:14 --> CodeIgniter\View\Exceptions\ViewException: Invalid file: "contenido/carrito.php"
in SYSTEMPATH\Exceptions\FrameworkException.php on line 39.
 1 SYSTEMPATH\View\View.php(216): CodeIgniter\Exceptions\FrameworkException::forInvalidFile('contenido/carrito.php')
 2 SYSTEMPATH\Common.php(1178): CodeIgniter\View\View->render('contenido/carrito', [], true)
 3 APPPATH\Controllers\Home.php(68): view('contenido/carrito')
 4 SYSTEMPATH\CodeIgniter.php(943): App\Controllers\Home->carrito_view()
 5 SYSTEMPATH\CodeIgniter.php(503): CodeIgniter\CodeIgniter->runController(Object(App\Controllers\Home))
 6 SYSTEMPATH\CodeIgniter.php(361): CodeIgniter\CodeIgniter->handleRequest(null, Object(Config\Cache), false)
 7 FCPATH\index.php(84): CodeIgniter\CodeIgniter->run()
CRITICAL - 2024-06-06 11:15:22 --> TypeError: count(): Argument #1 ($value) must be of type Countable|array, null given
in APPPATH\Views\contenido\Gestion_carrito\carrito.php on line 11.
 1 SYSTEMPATH\View\View.php(228): include()
 2 SYSTEMPATH\View\View.php(231): CodeIgniter\View\View->CodeIgniter\View\{closure}()
 3 SYSTEMPATH\Common.php(1178): CodeIgniter\View\View->render('contenido/Gestion_carrito/carrito', [], true)
 4 APPPATH\Controllers\Home.php(68): view('contenido/Gestion_carrito/carrito')
 5 SYSTEMPATH\CodeIgniter.php(943): App\Controllers\Home->carrito_view()
 6 SYSTEMPATH\CodeIgniter.php(503): CodeIgniter\CodeIgniter->runController(Object(App\Controllers\Home))
 7 SYSTEMPATH\CodeIgniter.php(361): CodeIgniter\CodeIgniter->handleRequest(null, Object(Config\Cache), false)
 8 FCPATH\index.php(84): CodeIgniter\CodeIgniter->run()
CRITICAL - 2024-06-06 11:15:22 --> [Caused by] ErrorException: Undefined variable $cart
in APPPATH\Views\contenido\Gestion_carrito\carrito.php on line 11.
 1 APPPATH\Views\contenido\Gestion_carrito\carrito.php(11): CodeIgniter\Debug\Exceptions->errorHandler(2, 'Undefined variable $cart', 'C:\\xampp\\htdocs\\Proyecto_Centurion_Esteban\\app\\Views\\contenido\\Gestion_carrito\\carrito.php', 11)
 2 SYSTEMPATH\View\View.php(228): include('C:\\xampp\\htdocs\\Proyecto_Centurion_Esteban\\app\\Views\\contenido\\Gestion_carrito\\carrito.php')
 3 SYSTEMPATH\View\View.php(231): CodeIgniter\View\View->CodeIgniter\View\{closure}()
 4 SYSTEMPATH\Common.php(1178): CodeIgniter\View\View->render('contenido/Gestion_carrito/carrito', [], true)
 5 APPPATH\Controllers\Home.php(68): view('contenido/Gestion_carrito/carrito')
 6 SYSTEMPATH\CodeIgniter.php(943): App\Controllers\Home->carrito_view()
 7 SYSTEMPATH\CodeIgniter.php(503): CodeIgniter\CodeIgniter->runController(Object(App\Controllers\Home))
 8 SYSTEMPATH\CodeIgniter.php(361): CodeIgniter\CodeIgniter->handleRequest(null, Object(Config\Cache), false)
 9 FCPATH\index.php(84): CodeIgniter\CodeIgniter->run()
CRITICAL - 2024-06-06 11:21:01 --> TypeError: CodeIgniter\Validation\Validation::setRules(): Argument #1 ($rules) must be of type array, bool given, called in C:\xampp\htdocs\Proyecto_Centurion_Esteban\system\Controller.php on line 198
in SYSTEMPATH\Validation\Validation.php on line 576.
 1 SYSTEMPATH\Controller.php(198): CodeIgniter\Validation\Validation->setRules(false, [])
 2 SYSTEMPATH\Controller.php(152): CodeIgniter\Controller->setValidator(false, [])
 3 APPPATH\Controllers\registrarse_controller.php(64): CodeIgniter\Controller->validate(false)
 4 SYSTEMPATH\CodeIgniter.php(943): App\Controllers\registrarse_controller->validation()
 5 SYSTEMPATH\CodeIgniter.php(503): CodeIgniter\CodeIgniter->runController(Object(App\Controllers\registrarse_controller))
 6 SYSTEMPATH\CodeIgniter.php(361): CodeIgniter\CodeIgniter->handleRequest(null, Object(Config\Cache), false)
 7 FCPATH\index.php(84): CodeIgniter\CodeIgniter->run()
CRITICAL - 2024-06-06 11:21:42 --> TypeError: CodeIgniter\Validation\Validation::setRules(): Argument #1 ($rules) must be of type array, bool given, called in C:\xampp\htdocs\Proyecto_Centurion_Esteban\system\Controller.php on line 198
in SYSTEMPATH\Validation\Validation.php on line 576.
 1 SYSTEMPATH\Controller.php(198): CodeIgniter\Validation\Validation->setRules(false, [])
 2 SYSTEMPATH\Controller.php(152): CodeIgniter\Controller->setValidator(false, [])
 3 APPPATH\Controllers\registrarse_controller.php(64): CodeIgniter\Controller->validate(false)
 4 SYSTEMPATH\CodeIgniter.php(943): App\Controllers\registrarse_controller->validation()
 5 SYSTEMPATH\CodeIgniter.php(503): CodeIgniter\CodeIgniter->runController(Object(App\Controllers\registrarse_controller))
 6 SYSTEMPATH\CodeIgniter.php(361): CodeIgniter\CodeIgniter->handleRequest(null, Object(Config\Cache), false)
 7 FCPATH\index.php(84): CodeIgniter\CodeIgniter->run()
